INFO-FLOW: Workspace /home/users/alberto.giusti/FIDELTA/parallel/merge_round/solution1 opened at Wed Jun 03 15:35:56 CEST 2020
Execute     config_clock -quiet -name default -period 10 -default=false 
INFO: [SYN 201-201] Setting up clock 'default' with a period of 10ns.
Execute     config_clock -quiet -name default -uncertainty 2.7 -unit % 
INFO: [SYN 201-201] Setting up clock 'default' with an uncertainty of 2.7ns.
Execute     open_platform DefaultPlatform 
Execute     import_lib /opt/Xilinx/Vivado/2019.2/common/technology/xilinx/virtexuplus/virtexuplus 
Execute       source /opt/Xilinx/Vivado/2019.2/common/technology/xilinx/common/xilinx.lib 
Execute         source /opt/Xilinx/Vivado/2019.2/common/technology/xilinx/interface/xilinx_interface.lib 
Execute           source /opt/Xilinx/Vivado/2019.2/common/technology/xilinx/interface/plb46.lib 
Execute           source /opt/Xilinx/Vivado/2019.2/common/technology/xilinx/interface/fsl.lib 
Execute           source /opt/Xilinx/Vivado/2019.2/common/technology/xilinx/interface/axi4.lib 
Execute           source /opt/Xilinx/Vivado/2019.2/common/technology/xilinx/interface/maxi.lib 
Execute           source /opt/Xilinx/Vivado/2019.2/common/technology/xilinx/interface/saxilite.lib 
Execute         source /opt/Xilinx/Vivado/2019.2/common/technology/xilinx/common/dsp48.lib 
Execute         source /opt/Xilinx/Vivado/2019.2/common/technology/xilinx/ip/xfft.lib 
Execute         source /opt/Xilinx/Vivado/2019.2/common/technology/xilinx/ip/dds_compiler.lib 
Execute         source /opt/Xilinx/Vivado/2019.2/common/technology/xilinx/ip/xfir.lib 
Execute       source /opt/Xilinx/Vivado/2019.2/common/technology/xilinx/common/xilinx.hlp 
Execute         source /opt/Xilinx/Vivado/2019.2/common/technology/xilinx/common/target_info.tcl 
Execute         source /opt/Xilinx/Vivado/2019.2/common/technology/xilinx/interface/xilinx_interface.hlp 
Execute           source /opt/Xilinx/Vivado/2019.2/common/technology/xilinx/interface/maxi.hlp 
Execute           source /opt/Xilinx/Vivado/2019.2/common/technology/xilinx/interface/saxilite.hlp 
Execute         source /opt/Xilinx/Vivado/2019.2/common/technology/xilinx/common/dsp48.hlp 
Execute       source /opt/Xilinx/Vivado/2019.2/common/technology/xilinx/virtexuplus/dsp48e2.hlp 
Execute       source /opt/Xilinx/Vivado/2019.2/common/technology/xilinx/common/xilinx.hlp 
Execute         source /opt/Xilinx/Vivado/2019.2/common/technology/xilinx/common/target_info.tcl 
Execute         source /opt/Xilinx/Vivado/2019.2/common/technology/xilinx/interface/xilinx_interface.hlp 
Execute           source /opt/Xilinx/Vivado/2019.2/common/technology/xilinx/interface/maxi.hlp 
Execute           source /opt/Xilinx/Vivado/2019.2/common/technology/xilinx/interface/saxilite.hlp 
Execute         source /opt/Xilinx/Vivado/2019.2/common/technology/xilinx/common/dsp48.hlp 
Execute     source /opt/Xilinx/Vivado/2019.2/common/technology/xilinx/virtexuplus/virtexuplus.gen 
Execute       source /opt/Xilinx/Vivado/2019.2/common/technology/xilinx/common/xilinx.gen 
Execute         source /opt/Xilinx/Vivado/2019.2/common/technology/xilinx/interface/plb46.gen 
Execute         source /opt/Xilinx/Vivado/2019.2/common/technology/xilinx/interface/fsl.gen 
Execute         source /opt/Xilinx/Vivado/2019.2/common/technology/xilinx/interface/axi4.gen 
Execute         source /opt/Xilinx/Vivado/2019.2/common/technology/xilinx/interface/nativeAXI4.gen 
Execute           source /opt/Xilinx/Vivado/2019.2/common/technology/xilinx/interface/saxilite.gen 
Execute           source /opt/Xilinx/Vivado/2019.2/common/technology/xilinx/interface/maxi.gen 
Execute         source /opt/Xilinx/Vivado/2019.2/common/technology/xilinx/scripts/xilinxcoregen.gen 
Execute         source /opt/Xilinx/Vivado/2019.2/common/technology/xilinx/interface/XilEDKCoreGen.gen 
Execute         source /opt/Xilinx/Vivado/2019.2/common/technology/xilinx/ip/dds_compiler.gen 
Execute         source /opt/Xilinx/Vivado/2019.2/common/technology/xilinx/ip/util.gen 
Execute         source /opt/Xilinx/Vivado/2019.2/common/technology/xilinx/ip/xfft.gen 
Command         ap_source done; 0.16 sec.
Execute         source /opt/Xilinx/Vivado/2019.2/common/technology/xilinx/ip/xfir.gen 
Execute         source /opt/Xilinx/Vivado/2019.2/common/technology/xilinx/common/dsp48.gen 
Command       ap_source done; 0.25 sec.
Command     ap_source done; 0.25 sec.
Execute     open_platform DefaultPlatform 
Execute     import_lib /opt/Xilinx/Vivado/2019.2/common/technology/xilinx/virtexuplus/virtexuplus_fpv7 
Execute       source /opt/Xilinx/Vivado/2019.2/common/technology/xilinx/common/xilinx_fp.lib 
Execute       source /opt/Xilinx/Vivado/2019.2/common/technology/xilinx/common/xilinx_fp.hlp 
Execute         source /opt/Xilinx/Vivado/2019.2/common/technology/xilinx/common/xilinx.hlp 
Execute           source /opt/Xilinx/Vivado/2019.2/common/technology/xilinx/common/target_info.tcl 
Execute           source /opt/Xilinx/Vivado/2019.2/common/technology/xilinx/interface/xilinx_interface.hlp 
Execute             source /opt/Xilinx/Vivado/2019.2/common/technology/xilinx/interface/maxi.hlp 
Execute             source /opt/Xilinx/Vivado/2019.2/common/technology/xilinx/interface/saxilite.hlp 
Execute           source /opt/Xilinx/Vivado/2019.2/common/technology/xilinx/common/dsp48.hlp 
Execute     source /opt/Xilinx/Vivado/2019.2/common/technology/xilinx/virtexuplus/virtexuplus_fpv7.gen 
Execute       source /opt/Xilinx/Vivado/2019.2/common/technology/xilinx/common/xilinx_fp.gen 
Execute     set_part xcu200-fsgd2104-2-e 
Execute       ap_part_info -name xcu200-fsgd2104-2-e -data single -quiet 
Command       ap_part_info done; 4.8 sec.
Execute       ap_part_info -name xcu200-fsgd2104-2-e -data info 
Execute       add_library xilinx/virtexuplus/virtexuplus:xcu200:-fsgd2104:-2-e 
Execute         get_default_platform 
Execute         ap_part_info -data single -name xcu200-fsgd2104-2-e 
Execute         ap_part_info -name xcu200-fsgd2104-2-e -data resources 
Execute         ap_part_info -name xcu200-fsgd2104-2-e -data info 
Execute         ap_part_info -name xcu200-fsgd2104-2-e -data info 
Execute         config_chip_info -quiet -resource {SLICE 147780} {LUT 1182240} {FF 2364480} {DSP48E 6840} {BRAM 4320} {URAM 960} {SLR 3} 
Execute         ap_part_info -name xcu200-fsgd2104-2-e -data info 
Execute         config_chip_info -quiet -speed medium 
Execute       add_library xilinx/virtexuplus/virtexuplus_fpv7 
Execute         get_default_platform 
Execute         open_platform DefaultPlatform 
Execute         import_lib /opt/Xilinx/Vivado/2019.2/common/technology/xilinx/virtexuplus/virtexuplus_fpv7 
Execute           source /opt/Xilinx/Vivado/2019.2/common/technology/xilinx/common/xilinx_fp.lib 
Execute           source /opt/Xilinx/Vivado/2019.2/common/technology/xilinx/common/xilinx_fp.hlp 
Execute             source /opt/Xilinx/Vivado/2019.2/common/technology/xilinx/common/xilinx.hlp 
Execute               source /opt/Xilinx/Vivado/2019.2/common/technology/xilinx/common/target_info.tcl 
Execute               source /opt/Xilinx/Vivado/2019.2/common/technology/xilinx/interface/xilinx_interface.hlp 
Execute                 source /opt/Xilinx/Vivado/2019.2/common/technology/xilinx/interface/maxi.hlp 
Execute                 source /opt/Xilinx/Vivado/2019.2/common/technology/xilinx/interface/saxilite.hlp 
Execute               source /opt/Xilinx/Vivado/2019.2/common/technology/xilinx/common/dsp48.hlp 
Execute         source /opt/Xilinx/Vivado/2019.2/common/technology/xilinx/virtexuplus/virtexuplus_fpv7.gen 
Execute           source /opt/Xilinx/Vivado/2019.2/common/technology/xilinx/common/xilinx_fp.gen 
INFO: [HLS 200-10] Setting target device to 'xcu200-fsgd2104-2-e'
Execute       ap_part_info -name xcu200-fsgd2104-2-e -data info 
Execute       get_default_platform 
Command     set_part done; 5.27 sec.
Execute     ap_part_info -data single -name xcu200-fsgd2104-2-e 
Execute     ap_part_info -name xcu200-fsgd2104-2-e -data resources 
Execute     ap_part_info -name xcu200-fsgd2104-2-e -data info 
Command     ap_part_info done; 0.22 sec.
Execute     ap_part_info -name xcu200-fsgd2104-2-e -data info 
Execute     config_chip_info -quiet -resource {SLICE 147780} {LUT 1182240} {FF 2364480} {DSP48E 6840} {BRAM 4320} {URAM 960} {SLR 3} 
Execute     ap_part_info -name xcu200-fsgd2104-2-e -data info 
Execute     config_chip_info -quiet -speed medium 
Execute     config_export -vivado_optimization_level=0 
Execute       get_config_export -vivado_impl_strategy 
Execute       get_config_export -vivado_phys_opt 
Execute     config_export -vivado_phys_opt=none 
Execute     config_export -vivado_report_level=0 
Execute     config_schedule -effort=medium 
Execute     config_schedule -enable_dsp_full_reg=1 
Execute     config_schedule -relax_ii_for_timing=1 
Execute     config_schedule -verbose=0 
Execute     config_sdx -target=xocc 
Execute       send_msg_by_id INFO @200-435@%s%s 'config_sdx -target' config_export -vivado_optimization_level=0 
INFO: [HLS 200-435] Setting 'config_sdx -target' configuration: config_export -vivado_optimization_level=0
Execute       config_export -vivado_optimization_level=0 
Execute         get_config_export -vivado_impl_strategy 
Execute         get_config_export -vivado_phys_opt 
Execute       get_config_compile -pipeline_loops 
Execute       get_config_compile -name_max_length 
Execute       get_config_schedule -enable_dsp_full_reg 
Execute       get_config_rtl -register_reset_num 
Execute       get_config_rtl -module_auto_prefix 
Execute       get_config_interface -m_axi_addr64 
Execute       send_msg_by_id INFO @200-435@%s%s 'config_sdx -target' set_clock_uncertainty 27% 
INFO: [HLS 200-435] Setting 'config_sdx -target' configuration: set_clock_uncertainty 27%
Execute       set_clock_uncertainty 27% 
Execute     config_compile -name_max_length=80 
INFO: [XFORM 203-1161] The maximum of name length is set into 80.
Execute     config_compile -no_signed_zeros=0 
INFO: [XFORM 203-1172] Optimizing floating point zeros and discarding its signedness.
Execute     config_compile -pipeline_loops=64 
INFO: [XFORM 203-1171] Pipeline the innermost loop with trip count more than 64 or its parent loop when its trip count is less than or equal 64.
Execute     config_compile -unsafe_math_optimizations=0 
INFO: [XFORM 203-1172] Optimizing floating point zeros and discarding its signedness.
INFO: [XFORM 203-1173] Reordering floating point operations aggressively.
INFO: [XFORM 203-1176] Optimizing floating point comparison without checking NaN.
Execute     config_interface -clock_enable=0 
Execute     config_interface -expose_global=0 
Execute     config_interface -m_axi_addr64=1 
Execute     config_interface -m_axi_offset=off 
Execute     config_interface -register_io=off 
Execute     config_interface -trim_dangling_port=0 
Execute     config_rtl -encoding=onehot 
Execute     config_rtl -kernel_profile=0 
Execute     config_rtl -module_auto_prefix=1 
Execute     config_rtl -mult_keep_attribute=0 
Execute     config_rtl -register_reset_num=3 
Execute     config_rtl -reset=control 
Execute     config_rtl -reset_async=0 
Execute     config_rtl -reset_level=high 
Execute     config_rtl -verbose=0 
Command   open_solution done; 6.12 sec.
Execute   set_part xcu200-fsgd2104-2-e 
Execute     ap_part_info -name xcu200-fsgd2104-2-e -data single -quiet 
Execute     ap_part_info -name xcu200-fsgd2104-2-e -data info 
Execute     add_library xilinx/virtexuplus/virtexuplus:xcu200:-fsgd2104:-2-e 
Execute       get_default_platform 
Execute       ap_part_info -data single -name xcu200-fsgd2104-2-e 
Execute       ap_part_info -name xcu200-fsgd2104-2-e -data resources 
Execute       ap_part_info -name xcu200-fsgd2104-2-e -data info 
Execute       ap_part_info -name xcu200-fsgd2104-2-e -data info 
Execute       config_chip_info -quiet -resource {SLICE 147780} {LUT 1182240} {FF 2364480} {DSP48E 6840} {BRAM 4320} {URAM 960} {SLR 3} 
Execute       ap_part_info -name xcu200-fsgd2104-2-e -data info 
Execute       config_chip_info -quiet -speed medium 
Execute     add_library xilinx/virtexuplus/virtexuplus_fpv7 
Execute       get_default_platform 
Execute       open_platform DefaultPlatform 
Execute       import_lib /opt/Xilinx/Vivado/2019.2/common/technology/xilinx/virtexuplus/virtexuplus_fpv7 
Execute         source /opt/Xilinx/Vivado/2019.2/common/technology/xilinx/common/xilinx_fp.lib 
Execute         source /opt/Xilinx/Vivado/2019.2/common/technology/xilinx/common/xilinx_fp.hlp 
Execute           source /opt/Xilinx/Vivado/2019.2/common/technology/xilinx/common/xilinx.hlp 
Execute             source /opt/Xilinx/Vivado/2019.2/common/technology/xilinx/common/target_info.tcl 
Execute             source /opt/Xilinx/Vivado/2019.2/common/technology/xilinx/interface/xilinx_interface.hlp 
Execute               source /opt/Xilinx/Vivado/2019.2/common/technology/xilinx/interface/maxi.hlp 
Execute               source /opt/Xilinx/Vivado/2019.2/common/technology/xilinx/interface/saxilite.hlp 
Execute             source /opt/Xilinx/Vivado/2019.2/common/technology/xilinx/common/dsp48.hlp 
Execute       source /opt/Xilinx/Vivado/2019.2/common/technology/xilinx/virtexuplus/virtexuplus_fpv7.gen 
Execute         source /opt/Xilinx/Vivado/2019.2/common/technology/xilinx/common/xilinx_fp.gen 
Execute     ap_part_info -name xcu200-fsgd2104-2-e -data info 
Execute     get_default_platform 
Command   set_part done; 0.31 sec.
Execute   create_clock -period 10 -name default 
Execute   config_export -vivado_optimization_level 0 -vivado_phys_opt none -vivado_report_level 0 
Execute     get_config_export -vivado_impl_strategy 
Execute   config_schedule -effort medium -enable_dsp_full_reg -relax_ii_for_timing -verbose=0 
Execute   config_sdx -target xocc 
Execute     send_msg_by_id INFO @200-435@%s%s 'config_sdx -target' config_export -vivado_optimization_level=0 
INFO: [HLS 200-435] Setting 'config_sdx -target' configuration: config_export -vivado_optimization_level=0
Execute     config_export -vivado_optimization_level=0 
Execute       get_config_export -vivado_impl_strategy 
Execute       get_config_export -vivado_phys_opt 
Execute     get_config_compile -pipeline_loops 
Execute     get_config_compile -name_max_length 
Execute     get_config_schedule -enable_dsp_full_reg 
Execute     get_config_rtl -register_reset_num 
Execute     get_config_rtl -module_auto_prefix 
Execute     get_config_interface -m_axi_addr64 
Execute     send_msg_by_id INFO @200-435@%s%s 'config_sdx -target' set_clock_uncertainty 27% 
INFO: [HLS 200-435] Setting 'config_sdx -target' configuration: set_clock_uncertainty 27%
Execute     set_clock_uncertainty 27% 
Execute   config_compile -name_max_length 80 -no_signed_zeros=0 -pipeline_loops 64 -unsafe_math_optimizations=0 
INFO: [XFORM 203-1171] Pipeline the innermost loop with trip count more than 64 or its parent loop when its trip count is less than or equal 64.
INFO: [XFORM 203-1172] Optimizing floating point zeros and discarding its signedness.
INFO: [XFORM 203-1172] Optimizing floating point zeros and discarding its signedness.
INFO: [XFORM 203-1173] Reordering floating point operations aggressively.
INFO: [XFORM 203-1176] Optimizing floating point comparison without checking NaN.
INFO: [XFORM 203-1161] The maximum of name length is set into 80.
Execute   config_interface -clock_enable=0 -expose_global=0 -m_axi_addr64 -m_axi_offset off -register_io off -trim_dangling_port=0 
Execute   config_rtl -encoding onehot -kernel_profile=0 -module_auto_prefix -mult_keep_attribute=0 -register_reset_num 3 -reset control -reset_async=0 -reset_level high -verbose=0 
Execute   csynth_design 
Execute     get_config_compile -dump_cfg 
Execute     get_config_compile -effort 
Execute     get_config_compile -enable_clang39 
Execute     get_config_compile -g 
Execute     get_config_compile -ng 
Execute     get_config_compile -opt_fp 
Execute     get_config_compile -skip_cdt 
Execute     get_config_compile -skip_syncheck 
Execute     get_config_compile -skip_transform 
Execute     get_config_compile -keep_printf 
Execute     elaborate -effort=medium -skip_syncheck=0 -keep_printf=0 -skip_cdt=0 -skip_transform=0 -ng=0 -g=0 -opt_fp=0 -from_csynth_design=1 
Execute       get_config_schedule -relax_ii_for_timing 
INFO: [SCHED 204-61] Option 'relax_ii_for_timing' is enabled, will increase II to preserve clock frequency constraints.
Execute       get_config_schedule -suppress_dependence_error_break 
INFO: [HLS 200-10] Analyzing design file 'types.c' ... 
INFO-FLOW: Compiling one TU...
Execute       is_m_axi_addr64 
INFO-FLOW: Handling types.c as C
Execute       ap_part_info -name xcu200-fsgd2104-2-e -data info 
Execute       is_encrypted types.c 
INFO-FLOW: Running: GCC PP
INFO-FLOW: Source preprocessing
Execute       clang  -fno-limit-debug-info -gcc-toolchain "/opt/Xilinx/Vivado/2019.2/lnx64/tools/gcc" -hls  -fno-exceptions  -D__llvm__  -E "types.c"     -fno-math-errno -c -emit-llvm -O0  -mllvm -disable-llvm-optzns -std=gnu89   -DAESL_SYN -D__SYNTHESIS__ -D__HLS_SYN__ -I "/opt/Xilinx/Vivado/2019.2/common/technology/autopilot" -I "/opt/Xilinx/Vivado/2019.2/common/technology/autopilot/ap_sysc" -include etc/autopilot_ssdm_op.h -D__DSP48E2__  -o "/home/users/alberto.giusti/FIDELTA/parallel/merge_round/solution1/.autopilot/db/types.pp.0.c" 
INFO-FLOW: exec /opt/Xilinx/Vivado/2019.2/lnx64/tools/clang/bin/clang -fno-limit-debug-info -gcc-toolchain /opt/Xilinx/Vivado/2019.2/lnx64/tools/gcc -hls -fno-exceptions -D__llvm__ -E types.c -fno-math-errno -c -emit-llvm -O0 -mllvm -disable-llvm-optzns -std=gnu89 -DAESL_SYN -D__SYNTHESIS__ -D__HLS_SYN__ -I /opt/Xilinx/Vivado/2019.2/common/technology/autopilot -I /opt/Xilinx/Vivado/2019.2/common/technology/autopilot/ap_sysc -include etc/autopilot_ssdm_op.h -D__DSP48E2__ -o /home/users/alberto.giusti/FIDELTA/parallel/merge_round/solution1/.autopilot/db/types.pp.0.c
Command       clang done; 2.82 sec.
Execute       tidy_31 xilinx-xfmat-array-geometry /home/users/alberto.giusti/FIDELTA/parallel/merge_round/solution1/.autopilot/db/types.pp.0.c std=gnu89 
INFO-FLOW: exec /opt/Xilinx/Vivado/2019.2/lnx64/tools/clang-3.9-csynth/bin/tidy-3.1 -header-filter=.* -checks=-*,xilinx-xfmat-array-geometry -quiet -fix /home/users/alberto.giusti/FIDELTA/parallel/merge_round/solution1/.autopilot/db/types.pp.0.c -- -std=gnu89 -fhls -ferror-limit=0
INFO-FLOW: Syntax Checking before pre-processing...
Execute       clang -syntaxcheck -src /home/users/alberto.giusti/FIDELTA/parallel/merge_round/solution1/.autopilot/db/types.pp.0.c  -fno-limit-debug-info -gcc-toolchain "/opt/Xilinx/Vivado/2019.2/lnx64/tools/gcc" -hls    -fno-math-errno -c -emit-llvm -O0  -mllvm -disable-llvm-optzns -std=gnu89   -DAESL_SYN -D__SYNTHESIS__ -D__HLS_SYN__ -I "/opt/Xilinx/Vivado/2019.2/common/technology/autopilot" -I "/opt/Xilinx/Vivado/2019.2/common/technology/autopilot/ap_sysc" -include etc/autopilot_ssdm_op.h -D__DSP48E2__  "/home/users/alberto.giusti/FIDELTA/parallel/merge_round/solution1/.autopilot/db/types.pp.0.c"  -o "/home/users/alberto.giusti/FIDELTA/parallel/merge_round/solution1/.autopilot/db/useless.bc"  
INFO-FLOW: exec /opt/Xilinx/Vivado/2019.2/lnx64/tools/clang/bin/clang -fno-limit-debug-info -gcc-toolchain /opt/Xilinx/Vivado/2019.2/lnx64/tools/gcc -hls -fno-math-errno -c -emit-llvm -O0 -mllvm -disable-llvm-optzns -std=gnu89 -DAESL_SYN -D__SYNTHESIS__ -D__HLS_SYN__ -I /opt/Xilinx/Vivado/2019.2/common/technology/autopilot -I /opt/Xilinx/Vivado/2019.2/common/technology/autopilot/ap_sysc -include etc/autopilot_ssdm_op.h -D__DSP48E2__ /home/users/alberto.giusti/FIDELTA/parallel/merge_round/solution1/.autopilot/db/types.pp.0.c -o /home/users/alberto.giusti/FIDELTA/parallel/merge_round/solution1/.autopilot/db/useless.bc
Command       clang done; 2.86 sec.
INFO-FLOW: Done: GCC PP time: 5.7 seconds per iteration
Execute       source /opt/Xilinx/Vivado/2019.2/tps/tcl/tcllib1.11.1/yaml/huddle.tcl 
Execute       source /opt/Xilinx/Vivado/2019.2/tps/tcl/tcllib1.11.1/yaml/json2huddle.tcl 
Execute         source /opt/Xilinx/Vivado/2019.2/tps/tcl/tcllib1.11.1/try/try.tcl 
Execute       list_core -type functional_unit 
Execute       tidy_31 xilinx-systemc-detector /home/users/alberto.giusti/FIDELTA/parallel/merge_round/solution1/.autopilot/db/types.pp.0.c std=gnu89 -directive=/home/users/alberto.giusti/FIDELTA/parallel/merge_round/solution1/.autopilot/db/.systemc_flag 
INFO-FLOW: exec /opt/Xilinx/Vivado/2019.2/lnx64/tools/clang-3.9-csynth/bin/tidy-3.1 -header-filter=.* -checks=-*,xilinx-systemc-detector -import-directive=/home/users/alberto.giusti/FIDELTA/parallel/merge_round/solution1/.autopilot/db/.systemc_flag -quiet -fix-errors /home/users/alberto.giusti/FIDELTA/parallel/merge_round/solution1/.autopilot/db/types.pp.0.c -- -std=gnu89 -fhls -ferror-limit=0
INFO-FLOW: Running: tidy-3.1 CDT preprocess
Execute       tidy_31 xilinx-directive2pragma /home/users/alberto.giusti/FIDELTA/parallel/merge_round/solution1/.autopilot/db/types.pp.0.c std=gnu89 -directive=/home/users/alberto.giusti/FIDELTA/parallel/merge_round/solution1/.autopilot/db/all.directive.json 
INFO-FLOW: exec /opt/Xilinx/Vivado/2019.2/lnx64/tools/clang-3.9-csynth/bin/tidy-3.1 -header-filter=.* -checks=-*,xilinx-directive2pragma -import-directive=/home/users/alberto.giusti/FIDELTA/parallel/merge_round/solution1/.autopilot/db/all.directive.json -quiet -fix-errors /home/users/alberto.giusti/FIDELTA/parallel/merge_round/solution1/.autopilot/db/types.pp.0.c -- -std=gnu89 -fhls -ferror-limit=0
Execute       get_config_dataflow -strict_mode 
Execute       ap_eval exec -ignorestderr /opt/Xilinx/Vivado/2019.2/lnx64/tools/clang-3.9-csynth/bin/xilinx-dataflow-lawyer -export-fixes=/home/users/alberto.giusti/FIDELTA/parallel/merge_round/solution1/.autopilot/db/xilinx-dataflow-lawyer.types.pp.0.c.diag.yml /home/users/alberto.giusti/FIDELTA/parallel/merge_round/solution1/.autopilot/db/types.pp.0.c -- -std=gnu99 -fhls -ferror-limit=0 -fstrict-dataflow > /home/users/alberto.giusti/FIDELTA/parallel/merge_round/solution1/.autopilot/db/xilinx-dataflow-lawyer.types.pp.0.c.out.log 2> /home/users/alberto.giusti/FIDELTA/parallel/merge_round/solution1/.autopilot/db/xilinx-dataflow-lawyer.types.pp.0.c.err.log 
Execute       tidy_31 -errorcheck xilinx-constantarray-param,xilinx-resource-pragma-transformer,xilinx-xfmat-array-geometry /home/users/alberto.giusti/FIDELTA/parallel/merge_round/solution1/.autopilot/db/types.pp.0.c std=gnu89 
Execute         ap_eval exec -ignorestderr /opt/Xilinx/Vivado/2019.2/lnx64/tools/clang-3.9-csynth/bin/tidy-3.1 -export-fixes=/home/users/alberto.giusti/FIDELTA/parallel/merge_round/solution1/.autopilot/db/tidy-3.1.types.pp.0.c.diag.yml -header-filter=.* -checks=-*,xilinx-constantarray-param,xilinx-resource-pragma-transformer,xilinx-xfmat-array-geometry -quiet -fix-errors /home/users/alberto.giusti/FIDELTA/parallel/merge_round/solution1/.autopilot/db/types.pp.0.c -- -std=gnu89 -fhls -ferror-limit=0 > /home/users/alberto.giusti/FIDELTA/parallel/merge_round/solution1/.autopilot/db/tidy-3.1.types.pp.0.c.out.log 2> /home/users/alberto.giusti/FIDELTA/parallel/merge_round/solution1/.autopilot/db/tidy-3.1.types.pp.0.c.err.log 
Command         ap_eval done; 0.12 sec.
Execute         ap_eval exec -ignorestderr /opt/Xilinx/Vivado/2019.2/lnx64/tools/clang-3.9-csynth/bin/xilinx-legacy-rewriter /home/users/alberto.giusti/FIDELTA/parallel/merge_round/solution1/.autopilot/db/types.pp.0.c -- -std=gnu89 -fhls -ferror-limit=0 > /home/users/alberto.giusti/FIDELTA/parallel/merge_round/solution1/.autopilot/db/xilinx-legacy-rewriter.types.pp.0.c.out.log 2> /home/users/alberto.giusti/FIDELTA/parallel/merge_round/solution1/.autopilot/db/xilinx-legacy-rewriter.types.pp.0.c.err.log 
Command         ap_eval done; 0.13 sec.
Command       tidy_31 done; 0.25 sec.
INFO-FLOW: Done: tidy-3.1 CDT preprocess time: 0.4 seconds per iteration
INFO-FLOW: Pragma Handling...
Execute       tidy_31 xilinx-ssdm-intrinsics-arguments /home/users/alberto.giusti/FIDELTA/parallel/merge_round/solution1/.autopilot/db/types.pragma.1.c std=gnu89 
INFO-FLOW: exec /opt/Xilinx/Vivado/2019.2/lnx64/tools/clang-3.9-csynth/bin/tidy-3.1 -header-filter=.* -checks=-*,xilinx-ssdm-intrinsics-arguments -quiet -fix-errors /home/users/alberto.giusti/FIDELTA/parallel/merge_round/solution1/.autopilot/db/types.pragma.1.c -- -std=gnu89 -fhls -ferror-limit=0
Command       tidy_31 done; 0.16 sec.
Execute       ap_part_info -name xcu200-fsgd2104-2-e -data info 
INFO-FLOW: Processing labels
Execute       clang -src /home/users/alberto.giusti/FIDELTA/parallel/merge_round/solution1/.autopilot/db/types.pragma.2.c  -fno-limit-debug-info -gcc-toolchain /opt/Xilinx/Vivado/2019.2/lnx64/tools/gcc -hls -hls-analyze-label -hls-analyze-pragma -fno-exceptions  -D__llvm__  -w  "/home/users/alberto.giusti/FIDELTA/parallel/merge_round/solution1/.autopilot/db/types.pragma.2.c"    -fno-math-errno -c -emit-llvm -O0  -mllvm -disable-llvm-optzns -std=gnu89  -DAESL_SYN -D__SYNTHESIS__ -D__HLS_SYN__ -I "/opt/Xilinx/Vivado/2019.2/common/technology/autopilot" -I "/opt/Xilinx/Vivado/2019.2/common/technology/autopilot/ap_sysc" -include etc/autopilot_ssdm_op.h -D__DSP48E2__ -g -o "/home/users/alberto.giusti/FIDELTA/parallel/merge_round/solution1/.autopilot/db/types.bc" 
INFO-FLOW: exec /opt/Xilinx/Vivado/2019.2/lnx64/tools/clang/bin/clang -fno-limit-debug-info -gcc-toolchain /opt/Xilinx/Vivado/2019.2/lnx64/tools/gcc -hls -hls-analyze-label -hls-analyze-pragma -fno-exceptions -D__llvm__ -w /home/users/alberto.giusti/FIDELTA/parallel/merge_round/solution1/.autopilot/db/types.pragma.2.c -fno-math-errno -c -emit-llvm -O0 -mllvm -disable-llvm-optzns -std=gnu89 -DAESL_SYN -D__SYNTHESIS__ -D__HLS_SYN__ -I /opt/Xilinx/Vivado/2019.2/common/technology/autopilot -I /opt/Xilinx/Vivado/2019.2/common/technology/autopilot/ap_sysc -include etc/autopilot_ssdm_op.h -D__DSP48E2__ -g -o /home/users/alberto.giusti/FIDELTA/parallel/merge_round/solution1/.autopilot/db/types.bc
Command       clang done; 2.81 sec.
INFO: [HLS 200-10] Analyzing design file 'merge_round.c' ... 
INFO-FLOW: Compiling one TU...
Execute       is_m_axi_addr64 
INFO-FLOW: Handling merge_round.c as C
Execute       ap_part_info -name xcu200-fsgd2104-2-e -data info 
Execute       is_encrypted merge_round.c 
INFO-FLOW: Running: GCC PP
INFO-FLOW: Source preprocessing
Execute       clang  -fno-limit-debug-info -gcc-toolchain "/opt/Xilinx/Vivado/2019.2/lnx64/tools/gcc" -hls  -fno-exceptions  -D__llvm__  -E "merge_round.c"     -fno-math-errno -c -emit-llvm -O0  -mllvm -disable-llvm-optzns -std=gnu89   -DAESL_SYN -D__SYNTHESIS__ -D__HLS_SYN__ -I "/opt/Xilinx/Vivado/2019.2/common/technology/autopilot" -I "/opt/Xilinx/Vivado/2019.2/common/technology/autopilot/ap_sysc" -include etc/autopilot_ssdm_op.h -D__DSP48E2__  -o "/home/users/alberto.giusti/FIDELTA/parallel/merge_round/solution1/.autopilot/db/merge_round.pp.0.c" 
INFO-FLOW: exec /opt/Xilinx/Vivado/2019.2/lnx64/tools/clang/bin/clang -fno-limit-debug-info -gcc-toolchain /opt/Xilinx/Vivado/2019.2/lnx64/tools/gcc -hls -fno-exceptions -D__llvm__ -E merge_round.c -fno-math-errno -c -emit-llvm -O0 -mllvm -disable-llvm-optzns -std=gnu89 -DAESL_SYN -D__SYNTHESIS__ -D__HLS_SYN__ -I /opt/Xilinx/Vivado/2019.2/common/technology/autopilot -I /opt/Xilinx/Vivado/2019.2/common/technology/autopilot/ap_sysc -include etc/autopilot_ssdm_op.h -D__DSP48E2__ -o /home/users/alberto.giusti/FIDELTA/parallel/merge_round/solution1/.autopilot/db/merge_round.pp.0.c
Command       clang done; 2.87 sec.
Execute       tidy_31 xilinx-xfmat-array-geometry /home/users/alberto.giusti/FIDELTA/parallel/merge_round/solution1/.autopilot/db/merge_round.pp.0.c std=gnu89 
INFO-FLOW: exec /opt/Xilinx/Vivado/2019.2/lnx64/tools/clang-3.9-csynth/bin/tidy-3.1 -header-filter=.* -checks=-*,xilinx-xfmat-array-geometry -quiet -fix /home/users/alberto.giusti/FIDELTA/parallel/merge_round/solution1/.autopilot/db/merge_round.pp.0.c -- -std=gnu89 -fhls -ferror-limit=0
INFO-FLOW: Syntax Checking before pre-processing...
Execute       clang -syntaxcheck -src /home/users/alberto.giusti/FIDELTA/parallel/merge_round/solution1/.autopilot/db/merge_round.pp.0.c  -fno-limit-debug-info -gcc-toolchain "/opt/Xilinx/Vivado/2019.2/lnx64/tools/gcc" -hls    -fno-math-errno -c -emit-llvm -O0  -mllvm -disable-llvm-optzns -std=gnu89   -DAESL_SYN -D__SYNTHESIS__ -D__HLS_SYN__ -I "/opt/Xilinx/Vivado/2019.2/common/technology/autopilot" -I "/opt/Xilinx/Vivado/2019.2/common/technology/autopilot/ap_sysc" -include etc/autopilot_ssdm_op.h -D__DSP48E2__  "/home/users/alberto.giusti/FIDELTA/parallel/merge_round/solution1/.autopilot/db/merge_round.pp.0.c"  -o "/home/users/alberto.giusti/FIDELTA/parallel/merge_round/solution1/.autopilot/db/useless.bc"  
INFO-FLOW: exec /opt/Xilinx/Vivado/2019.2/lnx64/tools/clang/bin/clang -fno-limit-debug-info -gcc-toolchain /opt/Xilinx/Vivado/2019.2/lnx64/tools/gcc -hls -fno-math-errno -c -emit-llvm -O0 -mllvm -disable-llvm-optzns -std=gnu89 -DAESL_SYN -D__SYNTHESIS__ -D__HLS_SYN__ -I /opt/Xilinx/Vivado/2019.2/common/technology/autopilot -I /opt/Xilinx/Vivado/2019.2/common/technology/autopilot/ap_sysc -include etc/autopilot_ssdm_op.h -D__DSP48E2__ /home/users/alberto.giusti/FIDELTA/parallel/merge_round/solution1/.autopilot/db/merge_round.pp.0.c -o /home/users/alberto.giusti/FIDELTA/parallel/merge_round/solution1/.autopilot/db/useless.bc
WARNING: [HLS 200-40] In file included from merge_round.c:1:
merge_round.c:45:10: warning: passing 'const point *' to parameter of type 'void *' discards qualifiers [-Wincompatible-pointer-types]
  memcpy(&pts[0], inpts, 300*sizeof(point));
         ^~~~~~~
/usr/include/string.h:42:39: note: passing argument to parameter '__dest' here
extern void *memcpy (void *__restrict __dest, const void *__restrict __src,
                                      ^
1 warning generated.
Command       clang done; 2.64 sec.
INFO-FLOW: Done: GCC PP time: 5.6 seconds per iteration
Execute       list_core -type functional_unit 
Execute       tidy_31 xilinx-systemc-detector /home/users/alberto.giusti/FIDELTA/parallel/merge_round/solution1/.autopilot/db/merge_round.pp.0.c std=gnu89 -directive=/home/users/alberto.giusti/FIDELTA/parallel/merge_round/solution1/.autopilot/db/.systemc_flag 
INFO-FLOW: exec /opt/Xilinx/Vivado/2019.2/lnx64/tools/clang-3.9-csynth/bin/tidy-3.1 -header-filter=.* -checks=-*,xilinx-systemc-detector -import-directive=/home/users/alberto.giusti/FIDELTA/parallel/merge_round/solution1/.autopilot/db/.systemc_flag -quiet -fix-errors /home/users/alberto.giusti/FIDELTA/parallel/merge_round/solution1/.autopilot/db/merge_round.pp.0.c -- -std=gnu89 -fhls -ferror-limit=0
Command       tidy_31 done; 0.16 sec.
INFO-FLOW: Running: tidy-3.1 CDT preprocess
Execute       tidy_31 xilinx-directive2pragma /home/users/alberto.giusti/FIDELTA/parallel/merge_round/solution1/.autopilot/db/merge_round.pp.0.c std=gnu89 -directive=/home/users/alberto.giusti/FIDELTA/parallel/merge_round/solution1/.autopilot/db/all.directive.json 
INFO-FLOW: exec /opt/Xilinx/Vivado/2019.2/lnx64/tools/clang-3.9-csynth/bin/tidy-3.1 -header-filter=.* -checks=-*,xilinx-directive2pragma -import-directive=/home/users/alberto.giusti/FIDELTA/parallel/merge_round/solution1/.autopilot/db/all.directive.json -quiet -fix-errors /home/users/alberto.giusti/FIDELTA/parallel/merge_round/solution1/.autopilot/db/merge_round.pp.0.c -- -std=gnu89 -fhls -ferror-limit=0
Execute       get_config_dataflow -strict_mode 
Execute       ap_eval exec -ignorestderr /opt/Xilinx/Vivado/2019.2/lnx64/tools/clang-3.9-csynth/bin/xilinx-dataflow-lawyer -export-fixes=/home/users/alberto.giusti/FIDELTA/parallel/merge_round/solution1/.autopilot/db/xilinx-dataflow-lawyer.merge_round.pp.0.c.diag.yml /home/users/alberto.giusti/FIDELTA/parallel/merge_round/solution1/.autopilot/db/merge_round.pp.0.c -- -std=gnu99 -fhls -ferror-limit=0 -fstrict-dataflow > /home/users/alberto.giusti/FIDELTA/parallel/merge_round/solution1/.autopilot/db/xilinx-dataflow-lawyer.merge_round.pp.0.c.out.log 2> /home/users/alberto.giusti/FIDELTA/parallel/merge_round/solution1/.autopilot/db/xilinx-dataflow-lawyer.merge_round.pp.0.c.err.log 
Execute       tidy_31 -errorcheck xilinx-constantarray-param,xilinx-resource-pragma-transformer,xilinx-xfmat-array-geometry /home/users/alberto.giusti/FIDELTA/parallel/merge_round/solution1/.autopilot/db/merge_round.pp.0.c std=gnu89 
Execute         ap_eval exec -ignorestderr /opt/Xilinx/Vivado/2019.2/lnx64/tools/clang-3.9-csynth/bin/tidy-3.1 -export-fixes=/home/users/alberto.giusti/FIDELTA/parallel/merge_round/solution1/.autopilot/db/tidy-3.1.merge_round.pp.0.c.diag.yml -header-filter=.* -checks=-*,xilinx-constantarray-param,xilinx-resource-pragma-transformer,xilinx-xfmat-array-geometry -quiet -fix-errors /home/users/alberto.giusti/FIDELTA/parallel/merge_round/solution1/.autopilot/db/merge_round.pp.0.c -- -std=gnu89 -fhls -ferror-limit=0 > /home/users/alberto.giusti/FIDELTA/parallel/merge_round/solution1/.autopilot/db/tidy-3.1.merge_round.pp.0.c.out.log 2> /home/users/alberto.giusti/FIDELTA/parallel/merge_round/solution1/.autopilot/db/tidy-3.1.merge_round.pp.0.c.err.log 
Command         ap_eval done; 0.12 sec.
Execute         source /opt/Xilinx/Vivado/2019.2/tps/tcl/tcllib1.11.1/yaml/yaml.tcl 
Execute           source /opt/Xilinx/Vivado/2019.2/tps/tcl/tcllib1.11.1/cmdline/cmdline.tcl 
Execute         ap_eval exec -ignorestderr /opt/Xilinx/Vivado/2019.2/lnx64/tools/clang-3.9-csynth/bin/xilinx-legacy-rewriter /home/users/alberto.giusti/FIDELTA/parallel/merge_round/solution1/.autopilot/db/merge_round.pp.0.c -- -std=gnu89 -fhls -ferror-limit=0 > /home/users/alberto.giusti/FIDELTA/parallel/merge_round/solution1/.autopilot/db/xilinx-legacy-rewriter.merge_round.pp.0.c.out.log 2> /home/users/alberto.giusti/FIDELTA/parallel/merge_round/solution1/.autopilot/db/xilinx-legacy-rewriter.merge_round.pp.0.c.err.log 
Command       tidy_31 done; 0.16 sec.
INFO-FLOW: Done: tidy-3.1 CDT preprocess time: 0.2 seconds per iteration
INFO-FLOW: Pragma Handling...
Execute       tidy_31 xilinx-ssdm-intrinsics-arguments /home/users/alberto.giusti/FIDELTA/parallel/merge_round/solution1/.autopilot/db/merge_round.pragma.1.c std=gnu89 
INFO-FLOW: exec /opt/Xilinx/Vivado/2019.2/lnx64/tools/clang-3.9-csynth/bin/tidy-3.1 -header-filter=.* -checks=-*,xilinx-ssdm-intrinsics-arguments -quiet -fix-errors /home/users/alberto.giusti/FIDELTA/parallel/merge_round/solution1/.autopilot/db/merge_round.pragma.1.c -- -std=gnu89 -fhls -ferror-limit=0
Execute       ap_part_info -name xcu200-fsgd2104-2-e -data info 
INFO-FLOW: Processing labels
Execute       clang -src /home/users/alberto.giusti/FIDELTA/parallel/merge_round/solution1/.autopilot/db/merge_round.pragma.2.c  -fno-limit-debug-info -gcc-toolchain /opt/Xilinx/Vivado/2019.2/lnx64/tools/gcc -hls -hls-analyze-label -hls-analyze-pragma -fno-exceptions  -D__llvm__  -w  "/home/users/alberto.giusti/FIDELTA/parallel/merge_round/solution1/.autopilot/db/merge_round.pragma.2.c"    -fno-math-errno -c -emit-llvm -O0  -mllvm -disable-llvm-optzns -std=gnu89  -DAESL_SYN -D__SYNTHESIS__ -D__HLS_SYN__ -I "/opt/Xilinx/Vivado/2019.2/common/technology/autopilot" -I "/opt/Xilinx/Vivado/2019.2/common/technology/autopilot/ap_sysc" -include etc/autopilot_ssdm_op.h -D__DSP48E2__ -g -o "/home/users/alberto.giusti/FIDELTA/parallel/merge_round/solution1/.autopilot/db/merge_round.bc" 
INFO-FLOW: exec /opt/Xilinx/Vivado/2019.2/lnx64/tools/clang/bin/clang -fno-limit-debug-info -gcc-toolchain /opt/Xilinx/Vivado/2019.2/lnx64/tools/gcc -hls -hls-analyze-label -hls-analyze-pragma -fno-exceptions -D__llvm__ -w /home/users/alberto.giusti/FIDELTA/parallel/merge_round/solution1/.autopilot/db/merge_round.pragma.2.c -fno-math-errno -c -emit-llvm -O0 -mllvm -disable-llvm-optzns -std=gnu89 -DAESL_SYN -D__SYNTHESIS__ -D__HLS_SYN__ -I /opt/Xilinx/Vivado/2019.2/common/technology/autopilot -I /opt/Xilinx/Vivado/2019.2/common/technology/autopilot/ap_sysc -include etc/autopilot_ssdm_op.h -D__DSP48E2__ -g -o /home/users/alberto.giusti/FIDELTA/parallel/merge_round/solution1/.autopilot/db/merge_round.bc
Command       clang done; 2.84 sec.
INFO-FLOW: Linking Debug ...
Execute       llvm-ld /home/users/alberto.giusti/FIDELTA/parallel/merge_round/solution1/.autopilot/db/types.g.bc /home/users/alberto.giusti/FIDELTA/parallel/merge_round/solution1/.autopilot/db/merge_round.g.bc -hls-opt -except-internalize accel -L/opt/Xilinx/Vivado/2019.2/lnx64/lib -lhlsm -lhlsmc++ -o /home/users/alberto.giusti/FIDELTA/parallel/merge_round/solution1/.autopilot/db/a.g 
Command       llvm-ld done; 1.36 sec.
INFO: [HLS 200-111] Finished Linking Time (s): cpu = 00:00:20 ; elapsed = 00:00:26 . Memory (MB): peak = 1068.020 ; gain = 543.992 ; free physical = 77308 ; free virtual = 282702
INFO: [HLS 200-111] Finished Checking Pragmas Time (s): cpu = 00:00:20 ; elapsed = 00:00:26 . Memory (MB): peak = 1068.020 ; gain = 543.992 ; free physical = 77308 ; free virtual = 282702
Execute       get_config_sdx -target 
Execute       get_config_rtl -kernel_profile 
Execute       get_config_rtl -stall_sig_gen 
Execute       get_config_rtl -profile 
Execute       opt_and_import_c a -opt_level=2 -skip_syncheck=0 -ng=0 -keep_printf=0 
Execute         cleanup_all_models 
INFO: [HLS 200-10] Starting code transformations ...
Execute         transform -promote-dbg-pointer /home/users/alberto.giusti/FIDELTA/parallel/merge_round/solution1/.autopilot/db/a.pp.bc -o /home/users/alberto.giusti/FIDELTA/parallel/merge_round/solution1/.autopilot/db/a.pp.0.bc -f 
Execute         llvm-ld /home/users/alberto.giusti/FIDELTA/parallel/merge_round/solution1/.autopilot/db/a.pp.0.bc -disable-opt -L/opt/Xilinx/Vivado/2019.2/lnx64/lib -lfloatconversion -o /home/users/alberto.giusti/FIDELTA/parallel/merge_round/solution1/.autopilot/db/a.g.0 
Command         llvm-ld done; 1.48 sec.
INFO-FLOW: Running Standard Transforms...
Execute         transform -hls -share-std-xform -demangle-name -inline-byval-memcpy -always-inline -promote-dbg-pointer -interface-preproc -mem2reg -scalarrepl -mem2reg -keep-read-access -instcombine -dce -promote-dbg-pointer -bitop-raise -loop-simplify -indvarspre -indvars -loop-simplify -xunroll -constprop -instcombine -simplifycfg -indvars -simplifycfg -dce -globaldce -basicaa -simplifycfg -mem2reg -globalopt -global-constprop -deadargelim -instcombine -simplifycfg -prune-eh -simplifycfg -scalarrepl -instcombine -reassociate -licm -simplifycfg -loop-simplify -indvars -instcombine -simplifycfg -mem2reg -loop-simplify -indvars -instcombine -gvn -gvn -instcombine -adce -break-crit-edges -simplifycfg -loop-delete -global-array-opt -dce -dse -adce -find-syn-modules -top accel -deadargelim -mem2reg -instcombine -dce -presyn-prepare -auto-rom-infer -interface-preproc -syn-check -check-rec-only -find-region -simplifycfg -func-extr -function-inline -globaldce -mem2reg -instcombine -dce -gvn -globaldce -adce -adse -constprop -instcombine -bit-constprop -instcombine -dce -simplifycfg -bitop-raise -simplifycfg -dce -loop-delete -reassociate -globalopt -global-privatize -mem2reg -dce -global-constprop -pointer-simplify -constprop -dce -func-inst -deadargelim -auto-shift-reg-idiom -promote-dbg-pointer -norm-name /home/users/alberto.giusti/FIDELTA/parallel/merge_round/solution1/.autopilot/db/a.g.0.bc -o /home/users/alberto.giusti/FIDELTA/parallel/merge_round/solution1/.autopilot/db/a.g.1.bc -f -phase std-opt 
INFO: [HLS 200-111] Finished Standard Transforms Time (s): cpu = 00:00:21 ; elapsed = 00:00:28 . Memory (MB): peak = 1068.020 ; gain = 543.992 ; free physical = 77281 ; free virtual = 282675
INFO: [HLS 200-10] Checking synthesizability ...
INFO-FLOW: Checking Synthesizability 1/2..
Execute         transform -hls -syn-check -check-rec-only -disaggr -scalarrepl -norm-name -dce -mem2reg -instcombine -function-uniquify -directive-preproc -mem2reg -dse -dce -auto-rom-infer -dce -pag -array-normalize -instcombine -dce -warn-fifo-pointer -array-seg-normalize -instcombine -dce -array-flatten -instcombine -dce -array-burst -dce -deadargelim -promote-global-argument -simplifycfg -mem2reg -globaldce -dce -deadargelim -dce -instcombine -function-inline -globaldce -dce -doublePtrSimplify -doublePtrElim -dce -doublePtrSimplify -promote-dbg-pointer -dce -scalarrepl -dse -adse -instcombine -ptrLegalization -simplifycfg -dce -instcombine -pointer-simplify -ptrArgReplace -dce -instcombine -resolve-double-ptr -disaggr -scalarrepl -norm-name -dce -mem2reg -instcombine -ptrLegalization -simplifycfg -deadargelim -instcombine -dce -inst-simplify -function-uniquify -directive-preproc -mem2reg -dse -dce -globaldce -check-dspbuiltin /home/users/alberto.giusti/FIDELTA/parallel/merge_round/solution1/.autopilot/db/a.g.1.bc -o /home/users/alberto.giusti/FIDELTA/parallel/merge_round/solution1/.autopilot/db/a.g.2.prechk.bc -f 
INFO: [XFORM 203-602] Inlining function 'in_circle' into 'accel' (merge_round.c:51) automatically.
INFO-FLOW: Checking Synthesizability 2/2..
Execute         transform -syn-check /home/users/alberto.giusti/FIDELTA/parallel/merge_round/solution1/.autopilot/db/a.g.2.prechk.bc -o /home/users/alberto.giusti/FIDELTA/parallel/merge_round/solution1/.autopilot/db/a.g.2.bc -f -phase syn-check 
INFO: [HLS 200-111] Finished Checking Synthesizability Time (s): cpu = 00:00:22 ; elapsed = 00:00:28 . Memory (MB): peak = 1068.020 ; gain = 543.992 ; free physical = 77317 ; free virtual = 282711
INFO-FLOW: Compiler optimizing ...
INFO-FLOW: Share syncheck's 1.bc for syn flow: copy /home/users/alberto.giusti/FIDELTA/parallel/merge_round/solution1/.autopilot/db/a.g.1.bc to /home/users/alberto.giusti/FIDELTA/parallel/merge_round/solution1/.autopilot/db/a.o.1.bc
INFO-FLOW: Presyn 1...
Execute         transform -hls -tmp /home/users/alberto.giusti/FIDELTA/parallel/merge_round/solution1/.autopilot/db -interface-port-rename -type-info -function-uniquify -directive-preproc -mem2reg -dse -dce -disaggr -scalarrepl -norm-name -deadargelim -mem2reg -instcombine -dce -simplifycfg -auto-rom-infer -dce -function-uniquify -resource-proc -clib-intrinsic-prepare -dce -func-buffer -dce -pag -array-normalize -func-legal -instcombine -gvn -constprop -dce -simplifycfg -mem2reg -globaldce -resolve-double-ptr -dce -deadargelim -dce -instcombine -ptrArgReplace -mem2reg -dce -array-seg-normalize -deadargelim -instcombine -dce -pointer-simplify -dce -port-alignment -dce -interface-preproc -data-pack -instcombine -dce -basicaa -aggr-aa -aggrmodref-aa -aggr-aa -gvn -gvn -basicaa -aggr-aa -aggrmodref-aa -aggr-aa -dse -adse -adce -loop-simplify -indvars -instcombine -gvn -loop-simplify -mem2reg -dce -find-region -instcombine -auto-loop-pipeline -inst-simplify -interface-preproc -cfgopt -instcombine -indvars -auto-loop-unroll -loop-simplify -loop-bound -xunroll -constprop -instcombine -simplifycfg -indvars -simplifycfg -dce -globaldce -clean-region -attach-range -gvn -inst-simplify -constprop -simplifycfg -dce -pointer-simplify -dce -globalopt -constprop -dce -array-promote -constprop -dce -ptrArgReplace -mem2reg -simplifycfg -dce -auto-par -instcombine -dce -array-transform-check -array-reshape -instcombine -simplifycfg -dce -ptrArgReplace -deadargelim -mem2reg -instcombine -simplifycfg -dce -indvars -loop-simplify -loop-bound -xunroll -constprop -instcombine -simplifycfg -indvars -simplifycfg -dce -globaldce -basicaa -aggr-aa -aggrmodref-aa -aggr-aa -dse -duplicate-dataflow-processes -globaldce -instcombine -array-partition -instcombine -simplifycfg -dce -ptrArgReplace -global-constprop -deadargelim -mem2reg -func-legal -dce -global-constprop -deadargelim -mem2reg -simplifycfg -dce -merge-param -deadargelim -globalopt -constprop -dce -array-promote -constprop -dce -ptrArgReplace -mem2reg -simplifycfg -dce -mem-intrinsic-preproc -dce -global-internalize -global-privatize -mem2reg -globaldce -promote-global-argument -ptrArgReplace -mem2reg -dce -globalopt -mergereturn -simplify-global-access -mem2reg -dce -pointer-simplify -dce -functionattrs -basicaa -aggr-aa -aggrmodref-aa -aggr-aa -gvn -gvn -basicaa -aggr-aa -aggrmodref-aa -aggr-aa -dse -adse -adce -dce -norm-name -function-inline -complex-op-raise -inst-simplify -globaldce -func-inst -constprop -instcombine -simplifycfg -dce -func-legal -dce -loop-bound -arraycheck -bitwidthmin -on-by-dataflow -loop-delete -instcombine -simplifycfg -globaldce -dce -gvn -deadargelim -dce -loop-simplify -clean-region -simplifycfg -propagate-stable-arguments -loop-stream -instcombine -simplifycfg -dce -globaldce -duplicate-dataflow-processes -stream-intrinsic-preproc -dce -check-ap-stream -loop-simplify -eliminate-keepreads -extract-dataflow-in-loop -loop-simplify -dce -gvn -deadargelim -dse -check-dataflow-syntax -legalize-stream-variable -legalize-global -extract-subproc -dce -dead-channel-elimination -canonicalize-gep -globaldce -dce -gvn -deadargelim -annotate-dataflow-channels -scalar-propagation -deadargelim -globaldce -mem2reg -check-dataflow-channels -function-stream -dce -globaldce -prop-fifo-spec -internal-stream-gen -canonicalize-gep -globaldce -dce -gvn -deadargelim -mergereturn -indvars -loop-simplify -instcombine -array-stream -array-seg-normalize -array-partition -func-legal -instcombine -simplifycfg -dce -bundle-memfifo-ops -deadargelim -function-uniquify -directive-preproc -mem2reg -dse -dce -group-axi-access -licm -simplifycfg -dce -loop-delete -norm-name /home/users/alberto.giusti/FIDELTA/parallel/merge_round/solution1/.autopilot/db/a.o.1.bc -o /home/users/alberto.giusti/FIDELTA/parallel/merge_round/solution1/.autopilot/db/a.o.1.tmp.bc -f 
INFO: [XFORM 203-510] Pipelining loop 'Loop-4' (merge_round.c:50) in function 'accel' automatically.
ERROR: [XFORM 203-103] Cannot partition array 'printf' : variable is not an array.
Command         transform done; error code: 1; 0.17 sec.
ERROR: [HLS 200-70] Pre-synthesis failed.
Command       opt_and_import_c done; error code: 2; 1.81 sec.
Command     elaborate done; error code: 2; 21.33 sec.
Command   csynth_design done; error code: 2; 21.34 sec.
Command ap_source done; error code: 1; 27.79 sec.
Execute cleanup_all 
