#-----------------------------------------------------------
# xsim v2019.2 (64-bit)
# SW Build 2708876 on Wed Nov  6 21:39:14 MST 2019
# IP Build 2700528 on Thu Nov  7 00:09:20 MST 2019
# Start of session at: Fri Jun 12 01:41:59 2020
# Process ID: 30891
# Current directory: /home/users/alberto.giusti/Desktop/backup/variableQuery/fidelta_apint/solution1/sim/verilog
# Command line: xsim -mode tcl -source {xsim.dir/accel_in_circle/xsim_script.tcl}
# Log file: /home/users/alberto.giusti/Desktop/backup/variableQuery/fidelta_apint/solution1/sim/verilog/xsim.log
# Journal file: /home/users/alberto.giusti/Desktop/backup/variableQuery/fidelta_apint/solution1/sim/verilog/xsim.jou
#-----------------------------------------------------------
source xsim.dir/accel_in_circle/xsim_script.tcl
# xsim {accel_in_circle} -autoloadwcfg -tclbatch {accel_in_circle.tcl}
Vivado Simulator 2019.2
Time resolution is 1 ps
source accel_in_circle.tcl
## run all
////////////////////////////////////////////////////////////////////////////////////
// Inter-Transaction Progress: Completed Transaction / Total Transaction
// Intra-Transaction Progress: Measured Latency / Latency Estimation * 100%
//
// RTL Simulation : "Inter-Transaction Progress" ["Intra-Transaction Progress"] @ "Simulation Time"
////////////////////////////////////////////////////////////////////////////////////
// RTL Simulation : 0 / 1 [n/a] @ "125000"
Warning: OPMODE Input Warning : The OPMODE 0110X0X with CARRYINSEL  000 to DSP48E1 instance is invalid.
Time: 1015 ns  Iteration: 11  Process: /apatb_accel_in_circle_top/AESL_inst_accel_in_circle_accel_in_circle/grp_in_circle_fu_386/accel_in_circle_fsub_32ns_32ns_32_3_full_dsp_0_U1/accel_in_circle_accel_in_circle_ap_fsub_1_full_dsp_32_u/U0/i_synth/addsub_op/ADDSUB/dsp/OP/dsp48e1_body/ALIGN_ADD/DSP2/DSP/prcs_opmode_drc  File: /opt/Xilinx/Vivado/2019.2/data/vhdl/src/unisims/primitive/DSP48E1.vhd
Warning: OPMODE Input Warning : The OPMODE 0110X0X with CARRYINSEL  000 to DSP48E1 instance is invalid.
Time: 1015 ns  Iteration: 11  Process: /apatb_accel_in_circle_top/AESL_inst_accel_in_circle_accel_in_circle/grp_in_circle_fu_386/accel_in_circle_fsub_32ns_32ns_32_3_full_dsp_0_U2/accel_in_circle_accel_in_circle_ap_fsub_1_full_dsp_32_u/U0/i_synth/addsub_op/ADDSUB/dsp/OP/dsp48e1_body/ALIGN_ADD/DSP2/DSP/prcs_opmode_drc  File: /opt/Xilinx/Vivado/2019.2/data/vhdl/src/unisims/primitive/DSP48E1.vhd
Warning: OPMODE Input Warning : The OPMODE 0110X0X with CARRYINSEL  000 to DSP48E1 instance is invalid.
Time: 1015 ns  Iteration: 11  Process: /apatb_accel_in_circle_top/AESL_inst_accel_in_circle_accel_in_circle/grp_in_circle_fu_386/accel_in_circle_fsub_32ns_32ns_32_3_full_dsp_0_U3/accel_in_circle_accel_in_circle_ap_fsub_1_full_dsp_32_u/U0/i_synth/addsub_op/ADDSUB/dsp/OP/dsp48e1_body/ALIGN_ADD/DSP2/DSP/prcs_opmode_drc  File: /opt/Xilinx/Vivado/2019.2/data/vhdl/src/unisims/primitive/DSP48E1.vhd
Warning: OPMODE Input Warning : The OPMODE 0110X0X with CARRYINSEL  000 to DSP48E1 instance is invalid.
Time: 1015 ns  Iteration: 11  Process: /apatb_accel_in_circle_top/AESL_inst_accel_in_circle_accel_in_circle/grp_in_circle_fu_386/accel_in_circle_fsub_32ns_32ns_32_3_full_dsp_0_U4/accel_in_circle_accel_in_circle_ap_fsub_1_full_dsp_32_u/U0/i_synth/addsub_op/ADDSUB/dsp/OP/dsp48e1_body/ALIGN_ADD/DSP2/DSP/prcs_opmode_drc  File: /opt/Xilinx/Vivado/2019.2/data/vhdl/src/unisims/primitive/DSP48E1.vhd
Warning: OPMODE Input Warning : The OPMODE 0110X0X with CARRYINSEL  000 to DSP48E1 instance is invalid.
Time: 1015 ns  Iteration: 11  Process: /apatb_accel_in_circle_top/AESL_inst_accel_in_circle_accel_in_circle/grp_in_circle_fu_386/accel_in_circle_fsub_32ns_32ns_32_3_full_dsp_0_U5/accel_in_circle_accel_in_circle_ap_fsub_1_full_dsp_32_u/U0/i_synth/addsub_op/ADDSUB/dsp/OP/dsp48e1_body/ALIGN_ADD/DSP2/DSP/prcs_opmode_drc  File: /opt/Xilinx/Vivado/2019.2/data/vhdl/src/unisims/primitive/DSP48E1.vhd
Warning: OPMODE Input Warning : The OPMODE 0110X0X with CARRYINSEL  000 to DSP48E1 instance is invalid.
Time: 1015 ns  Iteration: 11  Process: /apatb_accel_in_circle_top/AESL_inst_accel_in_circle_accel_in_circle/grp_in_circle_fu_386/accel_in_circle_fsub_32ns_32ns_32_3_full_dsp_0_U6/accel_in_circle_accel_in_circle_ap_fsub_1_full_dsp_32_u/U0/i_synth/addsub_op/ADDSUB/dsp/OP/dsp48e1_body/ALIGN_ADD/DSP2/DSP/prcs_opmode_drc  File: /opt/Xilinx/Vivado/2019.2/data/vhdl/src/unisims/primitive/DSP48E1.vhd
Warning: OPMODE Input Warning : The OPMODE 0110X0X with CARRYINSEL  000 to DSP48E1 instance is invalid.
Time: 1015 ns  Iteration: 11  Process: /apatb_accel_in_circle_top/AESL_inst_accel_in_circle_accel_in_circle/grp_in_circle_fu_386/accel_in_circle_fadd_32ns_32ns_32_3_full_dsp_0_U7/accel_in_circle_accel_in_circle_ap_fadd_1_full_dsp_32_u/U0/i_synth/addsub_op/ADDSUB/dsp/OP/dsp48e1_body/ALIGN_ADD/DSP2/DSP/prcs_opmode_drc  File: /opt/Xilinx/Vivado/2019.2/data/vhdl/src/unisims/primitive/DSP48E1.vhd
Warning: OPMODE Input Warning : The OPMODE 0110X0X with CARRYINSEL  000 to DSP48E1 instance is invalid.
Time: 1015 ns  Iteration: 11  Process: /apatb_accel_in_circle_top/AESL_inst_accel_in_circle_accel_in_circle/grp_in_circle_fu_386/accel_in_circle_fadd_32ns_32ns_32_3_full_dsp_0_U8/accel_in_circle_accel_in_circle_ap_fadd_1_full_dsp_32_u/U0/i_synth/addsub_op/ADDSUB/dsp/OP/dsp48e1_body/ALIGN_ADD/DSP2/DSP/prcs_opmode_drc  File: /opt/Xilinx/Vivado/2019.2/data/vhdl/src/unisims/primitive/DSP48E1.vhd
Warning: OPMODE Input Warning : The OPMODE 0110X0X with CARRYINSEL  000 to DSP48E1 instance is invalid.
Time: 1015 ns  Iteration: 11  Process: /apatb_accel_in_circle_top/AESL_inst_accel_in_circle_accel_in_circle/grp_in_circle_fu_386/accel_in_circle_fadd_32ns_32ns_32_3_full_dsp_0_U9/accel_in_circle_accel_in_circle_ap_fadd_1_full_dsp_32_u/U0/i_synth/addsub_op/ADDSUB/dsp/OP/dsp48e1_body/ALIGN_ADD/DSP2/DSP/prcs_opmode_drc  File: /opt/Xilinx/Vivado/2019.2/data/vhdl/src/unisims/primitive/DSP48E1.vhd
Warning: OPMODE Input Warning : The OPMODE 0110X0X with CARRYINSEL  000 to DSP48E1 instance is invalid.
Time: 1015 ns  Iteration: 11  Process: /apatb_accel_in_circle_top/AESL_inst_accel_in_circle_accel_in_circle/grp_in_circle_fu_386/accel_in_circle_fsub_32ns_32ns_32_3_full_dsp_0_U10/accel_in_circle_accel_in_circle_ap_fsub_1_full_dsp_32_u/U0/i_synth/addsub_op/ADDSUB/dsp/OP/dsp48e1_body/ALIGN_ADD/DSP2/DSP/prcs_opmode_drc  File: /opt/Xilinx/Vivado/2019.2/data/vhdl/src/unisims/primitive/DSP48E1.vhd
Warning: OPMODE Input Warning : The OPMODE 0110X0X with CARRYINSEL  000 to DSP48E1 instance is invalid.
Time: 1015 ns  Iteration: 11  Process: /apatb_accel_in_circle_top/AESL_inst_accel_in_circle_accel_in_circle/grp_in_circle_fu_386/accel_in_circle_fsub_32ns_32ns_32_3_full_dsp_0_U11/accel_in_circle_accel_in_circle_ap_fsub_1_full_dsp_32_u/U0/i_synth/addsub_op/ADDSUB/dsp/OP/dsp48e1_body/ALIGN_ADD/DSP2/DSP/prcs_opmode_drc  File: /opt/Xilinx/Vivado/2019.2/data/vhdl/src/unisims/primitive/DSP48E1.vhd
Warning: OPMODE Input Warning : The OPMODE 0110X0X with CARRYINSEL  000 to DSP48E1 instance is invalid.
Time: 1015 ns  Iteration: 11  Process: /apatb_accel_in_circle_top/AESL_inst_accel_in_circle_accel_in_circle/grp_in_circle_fu_386/accel_in_circle_fsub_32ns_32ns_32_3_full_dsp_0_U12/accel_in_circle_accel_in_circle_ap_fsub_1_full_dsp_32_u/U0/i_synth/addsub_op/ADDSUB/dsp/OP/dsp48e1_body/ALIGN_ADD/DSP2/DSP/prcs_opmode_drc  File: /opt/Xilinx/Vivado/2019.2/data/vhdl/src/unisims/primitive/DSP48E1.vhd
Warning: OPMODE Input Warning : The OPMODE 0110X0X with CARRYINSEL  000 to DSP48E1 instance is invalid.
Time: 1015 ns  Iteration: 11  Process: /apatb_accel_in_circle_top/AESL_inst_accel_in_circle_accel_in_circle/grp_in_circle_fu_386/accel_in_circle_fsub_32ns_32ns_32_3_full_dsp_0_U13/accel_in_circle_accel_in_circle_ap_fsub_1_full_dsp_32_u/U0/i_synth/addsub_op/ADDSUB/dsp/OP/dsp48e1_body/ALIGN_ADD/DSP2/DSP/prcs_opmode_drc  File: /opt/Xilinx/Vivado/2019.2/data/vhdl/src/unisims/primitive/DSP48E1.vhd
Warning: OPMODE Input Warning : The OPMODE 0110X0X with CARRYINSEL  000 to DSP48E1 instance is invalid.
Time: 1015 ns  Iteration: 11  Process: /apatb_accel_in_circle_top/AESL_inst_accel_in_circle_accel_in_circle/grp_in_circle_fu_386/accel_in_circle_fadd_32ns_32ns_32_3_full_dsp_0_U14/accel_in_circle_accel_in_circle_ap_fadd_1_full_dsp_32_u/U0/i_synth/addsub_op/ADDSUB/dsp/OP/dsp48e1_body/ALIGN_ADD/DSP2/DSP/prcs_opmode_drc  File: /opt/Xilinx/Vivado/2019.2/data/vhdl/src/unisims/primitive/DSP48E1.vhd
Warning: OPMODE Input Warning : The OPMODE 0110X0X with CARRYINSEL  000 to DSP48E1 instance is invalid.
Time: 1015 ns  Iteration: 11  Process: /apatb_accel_in_circle_top/AESL_inst_accel_in_circle_accel_in_circle/grp_in_circle_fu_398/accel_in_circle_fsub_32ns_32ns_32_3_full_dsp_0_U1/accel_in_circle_accel_in_circle_ap_fsub_1_full_dsp_32_u/U0/i_synth/addsub_op/ADDSUB/dsp/OP/dsp48e1_body/ALIGN_ADD/DSP2/DSP/prcs_opmode_drc  File: /opt/Xilinx/Vivado/2019.2/data/vhdl/src/unisims/primitive/DSP48E1.vhd
Warning: OPMODE Input Warning : The OPMODE 0110X0X with CARRYINSEL  000 to DSP48E1 instance is invalid.
Time: 1015 ns  Iteration: 11  Process: /apatb_accel_in_circle_top/AESL_inst_accel_in_circle_accel_in_circle/grp_in_circle_fu_398/accel_in_circle_fsub_32ns_32ns_32_3_full_dsp_0_U2/accel_in_circle_accel_in_circle_ap_fsub_1_full_dsp_32_u/U0/i_synth/addsub_op/ADDSUB/dsp/OP/dsp48e1_body/ALIGN_ADD/DSP2/DSP/prcs_opmode_drc  File: /opt/Xilinx/Vivado/2019.2/data/vhdl/src/unisims/primitive/DSP48E1.vhd
Warning: OPMODE Input Warning : The OPMODE 0110X0X with CARRYINSEL  000 to DSP48E1 instance is invalid.
Time: 1015 ns  Iteration: 11  Process: /apatb_accel_in_circle_top/AESL_inst_accel_in_circle_accel_in_circle/grp_in_circle_fu_398/accel_in_circle_fsub_32ns_32ns_32_3_full_dsp_0_U3/accel_in_circle_accel_in_circle_ap_fsub_1_full_dsp_32_u/U0/i_synth/addsub_op/ADDSUB/dsp/OP/dsp48e1_body/ALIGN_ADD/DSP2/DSP/prcs_opmode_drc  File: /opt/Xilinx/Vivado/2019.2/data/vhdl/src/unisims/primitive/DSP48E1.vhd
Warning: OPMODE Input Warning : The OPMODE 0110X0X with CARRYINSEL  000 to DSP48E1 instance is invalid.
Time: 1015 ns  Iteration: 11  Process: /apatb_accel_in_circle_top/AESL_inst_accel_in_circle_accel_in_circle/grp_in_circle_fu_398/accel_in_circle_fsub_32ns_32ns_32_3_full_dsp_0_U4/accel_in_circle_accel_in_circle_ap_fsub_1_full_dsp_32_u/U0/i_synth/addsub_op/ADDSUB/dsp/OP/dsp48e1_body/ALIGN_ADD/DSP2/DSP/prcs_opmode_drc  File: /opt/Xilinx/Vivado/2019.2/data/vhdl/src/unisims/primitive/DSP48E1.vhd
Warning: OPMODE Input Warning : The OPMODE 0110X0X with CARRYINSEL  000 to DSP48E1 instance is invalid.
Time: 1015 ns  Iteration: 11  Process: /apatb_accel_in_circle_top/AESL_inst_accel_in_circle_accel_in_circle/grp_in_circle_fu_398/accel_in_circle_fsub_32ns_32ns_32_3_full_dsp_0_U5/accel_in_circle_accel_in_circle_ap_fsub_1_full_dsp_32_u/U0/i_synth/addsub_op/ADDSUB/dsp/OP/dsp48e1_body/ALIGN_ADD/DSP2/DSP/prcs_opmode_drc  File: /opt/Xilinx/Vivado/2019.2/data/vhdl/src/unisims/primitive/DSP48E1.vhd
Warning: OPMODE Input Warning : The OPMODE 0110X0X with CARRYINSEL  000 to DSP48E1 instance is invalid.
Time: 1015 ns  Iteration: 11  Process: /apatb_accel_in_circle_top/AESL_inst_accel_in_circle_accel_in_circle/grp_in_circle_fu_398/accel_in_circle_fsub_32ns_32ns_32_3_full_dsp_0_U6/accel_in_circle_accel_in_circle_ap_fsub_1_full_dsp_32_u/U0/i_synth/addsub_op/ADDSUB/dsp/OP/dsp48e1_body/ALIGN_ADD/DSP2/DSP/prcs_opmode_drc  File: /opt/Xilinx/Vivado/2019.2/data/vhdl/src/unisims/primitive/DSP48E1.vhd
Warning: OPMODE Input Warning : The OPMODE 0110X0X with CARRYINSEL  000 to DSP48E1 instance is invalid.
Time: 1015 ns  Iteration: 11  Process: /apatb_accel_in_circle_top/AESL_inst_accel_in_circle_accel_in_circle/grp_in_circle_fu_398/accel_in_circle_fadd_32ns_32ns_32_3_full_dsp_0_U7/accel_in_circle_accel_in_circle_ap_fadd_1_full_dsp_32_u/U0/i_synth/addsub_op/ADDSUB/dsp/OP/dsp48e1_body/ALIGN_ADD/DSP2/DSP/prcs_opmode_drc  File: /opt/Xilinx/Vivado/2019.2/data/vhdl/src/unisims/primitive/DSP48E1.vhd
Warning: OPMODE Input Warning : The OPMODE 0110X0X with CARRYINSEL  000 to DSP48E1 instance is invalid.
Time: 1015 ns  Iteration: 11  Process: /apatb_accel_in_circle_top/AESL_inst_accel_in_circle_accel_in_circle/grp_in_circle_fu_398/accel_in_circle_fadd_32ns_32ns_32_3_full_dsp_0_U8/accel_in_circle_accel_in_circle_ap_fadd_1_full_dsp_32_u/U0/i_synth/addsub_op/ADDSUB/dsp/OP/dsp48e1_body/ALIGN_ADD/DSP2/DSP/prcs_opmode_drc  File: /opt/Xilinx/Vivado/2019.2/data/vhdl/src/unisims/primitive/DSP48E1.vhd
Warning: OPMODE Input Warning : The OPMODE 0110X0X with CARRYINSEL  000 to DSP48E1 instance is invalid.
Time: 1015 ns  Iteration: 11  Process: /apatb_accel_in_circle_top/AESL_inst_accel_in_circle_accel_in_circle/grp_in_circle_fu_398/accel_in_circle_fadd_32ns_32ns_32_3_full_dsp_0_U9/accel_in_circle_accel_in_circle_ap_fadd_1_full_dsp_32_u/U0/i_synth/addsub_op/ADDSUB/dsp/OP/dsp48e1_body/ALIGN_ADD/DSP2/DSP/prcs_opmode_drc  File: /opt/Xilinx/Vivado/2019.2/data/vhdl/src/unisims/primitive/DSP48E1.vhd
Warning: OPMODE Input Warning : The OPMODE 0110X0X with CARRYINSEL  000 to DSP48E1 instance is invalid.
Time: 1015 ns  Iteration: 11  Process: /apatb_accel_in_circle_top/AESL_inst_accel_in_circle_accel_in_circle/grp_in_circle_fu_398/accel_in_circle_fsub_32ns_32ns_32_3_full_dsp_0_U10/accel_in_circle_accel_in_circle_ap_fsub_1_full_dsp_32_u/U0/i_synth/addsub_op/ADDSUB/dsp/OP/dsp48e1_body/ALIGN_ADD/DSP2/DSP/prcs_opmode_drc  File: /opt/Xilinx/Vivado/2019.2/data/vhdl/src/unisims/primitive/DSP48E1.vhd
Warning: OPMODE Input Warning : The OPMODE 0110X0X with CARRYINSEL  000 to DSP48E1 instance is invalid.
Time: 1015 ns  Iteration: 11  Process: /apatb_accel_in_circle_top/AESL_inst_accel_in_circle_accel_in_circle/grp_in_circle_fu_398/accel_in_circle_fsub_32ns_32ns_32_3_full_dsp_0_U11/accel_in_circle_accel_in_circle_ap_fsub_1_full_dsp_32_u/U0/i_synth/addsub_op/ADDSUB/dsp/OP/dsp48e1_body/ALIGN_ADD/DSP2/DSP/prcs_opmode_drc  File: /opt/Xilinx/Vivado/2019.2/data/vhdl/src/unisims/primitive/DSP48E1.vhd
Warning: OPMODE Input Warning : The OPMODE 0110X0X with CARRYINSEL  000 to DSP48E1 instance is invalid.
Time: 1015 ns  Iteration: 11  Process: /apatb_accel_in_circle_top/AESL_inst_accel_in_circle_accel_in_circle/grp_in_circle_fu_398/accel_in_circle_fsub_32ns_32ns_32_3_full_dsp_0_U12/accel_in_circle_accel_in_circle_ap_fsub_1_full_dsp_32_u/U0/i_synth/addsub_op/ADDSUB/dsp/OP/dsp48e1_body/ALIGN_ADD/DSP2/DSP/prcs_opmode_drc  File: /opt/Xilinx/Vivado/2019.2/data/vhdl/src/unisims/primitive/DSP48E1.vhd
Warning: OPMODE Input Warning : The OPMODE 0110X0X with CARRYINSEL  000 to DSP48E1 instance is invalid.
Time: 1015 ns  Iteration: 11  Process: /apatb_accel_in_circle_top/AESL_inst_accel_in_circle_accel_in_circle/grp_in_circle_fu_398/accel_in_circle_fsub_32ns_32ns_32_3_full_dsp_0_U13/accel_in_circle_accel_in_circle_ap_fsub_1_full_dsp_32_u/U0/i_synth/addsub_op/ADDSUB/dsp/OP/dsp48e1_body/ALIGN_ADD/DSP2/DSP/prcs_opmode_drc  File: /opt/Xilinx/Vivado/2019.2/data/vhdl/src/unisims/primitive/DSP48E1.vhd
Warning: OPMODE Input Warning : The OPMODE 0110X0X with CARRYINSEL  000 to DSP48E1 instance is invalid.
Time: 1015 ns  Iteration: 11  Process: /apatb_accel_in_circle_top/AESL_inst_accel_in_circle_accel_in_circle/grp_in_circle_fu_398/accel_in_circle_fadd_32ns_32ns_32_3_full_dsp_0_U14/accel_in_circle_accel_in_circle_ap_fadd_1_full_dsp_32_u/U0/i_synth/addsub_op/ADDSUB/dsp/OP/dsp48e1_body/ALIGN_ADD/DSP2/DSP/prcs_opmode_drc  File: /opt/Xilinx/Vivado/2019.2/data/vhdl/src/unisims/primitive/DSP48E1.vhd
Warning: OPMODE Input Warning : The OPMODE 0110X0X with CARRYINSEL  000 to DSP48E1 instance is invalid.
Time: 1015 ns  Iteration: 11  Process: /apatb_accel_in_circle_top/AESL_inst_accel_in_circle_accel_in_circle/grp_in_circle_fu_410/accel_in_circle_fsub_32ns_32ns_32_3_full_dsp_0_U1/accel_in_circle_accel_in_circle_ap_fsub_1_full_dsp_32_u/U0/i_synth/addsub_op/ADDSUB/dsp/OP/dsp48e1_body/ALIGN_ADD/DSP2/DSP/prcs_opmode_drc  File: /opt/Xilinx/Vivado/2019.2/data/vhdl/src/unisims/primitive/DSP48E1.vhd
Warning: OPMODE Input Warning : The OPMODE 0110X0X with CARRYINSEL  000 to DSP48E1 instance is invalid.
Time: 1015 ns  Iteration: 11  Process: /apatb_accel_in_circle_top/AESL_inst_accel_in_circle_accel_in_circle/grp_in_circle_fu_410/accel_in_circle_fsub_32ns_32ns_32_3_full_dsp_0_U2/accel_in_circle_accel_in_circle_ap_fsub_1_full_dsp_32_u/U0/i_synth/addsub_op/ADDSUB/dsp/OP/dsp48e1_body/ALIGN_ADD/DSP2/DSP/prcs_opmode_drc  File: /opt/Xilinx/Vivado/2019.2/data/vhdl/src/unisims/primitive/DSP48E1.vhd
Warning: OPMODE Input Warning : The OPMODE 0110X0X with CARRYINSEL  000 to DSP48E1 instance is invalid.
Time: 1015 ns  Iteration: 11  Process: /apatb_accel_in_circle_top/AESL_inst_accel_in_circle_accel_in_circle/grp_in_circle_fu_410/accel_in_circle_fsub_32ns_32ns_32_3_full_dsp_0_U3/accel_in_circle_accel_in_circle_ap_fsub_1_full_dsp_32_u/U0/i_synth/addsub_op/ADDSUB/dsp/OP/dsp48e1_body/ALIGN_ADD/DSP2/DSP/prcs_opmode_drc  File: /opt/Xilinx/Vivado/2019.2/data/vhdl/src/unisims/primitive/DSP48E1.vhd
Warning: OPMODE Input Warning : The OPMODE 0110X0X with CARRYINSEL  000 to DSP48E1 instance is invalid.
Time: 1015 ns  Iteration: 11  Process: /apatb_accel_in_circle_top/AESL_inst_accel_in_circle_accel_in_circle/grp_in_circle_fu_410/accel_in_circle_fsub_32ns_32ns_32_3_full_dsp_0_U4/accel_in_circle_accel_in_circle_ap_fsub_1_full_dsp_32_u/U0/i_synth/addsub_op/ADDSUB/dsp/OP/dsp48e1_body/ALIGN_ADD/DSP2/DSP/prcs_opmode_drc  File: /opt/Xilinx/Vivado/2019.2/data/vhdl/src/unisims/primitive/DSP48E1.vhd
Warning: OPMODE Input Warning : The OPMODE 0110X0X with CARRYINSEL  000 to DSP48E1 instance is invalid.
Time: 1015 ns  Iteration: 11  Process: /apatb_accel_in_circle_top/AESL_inst_accel_in_circle_accel_in_circle/grp_in_circle_fu_410/accel_in_circle_fsub_32ns_32ns_32_3_full_dsp_0_U5/accel_in_circle_accel_in_circle_ap_fsub_1_full_dsp_32_u/U0/i_synth/addsub_op/ADDSUB/dsp/OP/dsp48e1_body/ALIGN_ADD/DSP2/DSP/prcs_opmode_drc  File: /opt/Xilinx/Vivado/2019.2/data/vhdl/src/unisims/primitive/DSP48E1.vhd
Warning: OPMODE Input Warning : The OPMODE 0110X0X with CARRYINSEL  000 to DSP48E1 instance is invalid.
Time: 1015 ns  Iteration: 11  Process: /apatb_accel_in_circle_top/AESL_inst_accel_in_circle_accel_in_circle/grp_in_circle_fu_410/accel_in_circle_fsub_32ns_32ns_32_3_full_dsp_0_U6/accel_in_circle_accel_in_circle_ap_fsub_1_full_dsp_32_u/U0/i_synth/addsub_op/ADDSUB/dsp/OP/dsp48e1_body/ALIGN_ADD/DSP2/DSP/prcs_opmode_drc  File: /opt/Xilinx/Vivado/2019.2/data/vhdl/src/unisims/primitive/DSP48E1.vhd
Warning: OPMODE Input Warning : The OPMODE 0110X0X with CARRYINSEL  000 to DSP48E1 instance is invalid.
Time: 1015 ns  Iteration: 11  Process: /apatb_accel_in_circle_top/AESL_inst_accel_in_circle_accel_in_circle/grp_in_circle_fu_410/accel_in_circle_fadd_32ns_32ns_32_3_full_dsp_0_U7/accel_in_circle_accel_in_circle_ap_fadd_1_full_dsp_32_u/U0/i_synth/addsub_op/ADDSUB/dsp/OP/dsp48e1_body/ALIGN_ADD/DSP2/DSP/prcs_opmode_drc  File: /opt/Xilinx/Vivado/2019.2/data/vhdl/src/unisims/primitive/DSP48E1.vhd
Warning: OPMODE Input Warning : The OPMODE 0110X0X with CARRYINSEL  000 to DSP48E1 instance is invalid.
Time: 1015 ns  Iteration: 11  Process: /apatb_accel_in_circle_top/AESL_inst_accel_in_circle_accel_in_circle/grp_in_circle_fu_410/accel_in_circle_fadd_32ns_32ns_32_3_full_dsp_0_U8/accel_in_circle_accel_in_circle_ap_fadd_1_full_dsp_32_u/U0/i_synth/addsub_op/ADDSUB/dsp/OP/dsp48e1_body/ALIGN_ADD/DSP2/DSP/prcs_opmode_drc  File: /opt/Xilinx/Vivado/2019.2/data/vhdl/src/unisims/primitive/DSP48E1.vhd
Warning: OPMODE Input Warning : The OPMODE 0110X0X with CARRYINSEL  000 to DSP48E1 instance is invalid.
Time: 1015 ns  Iteration: 11  Process: /apatb_accel_in_circle_top/AESL_inst_accel_in_circle_accel_in_circle/grp_in_circle_fu_410/accel_in_circle_fadd_32ns_32ns_32_3_full_dsp_0_U9/accel_in_circle_accel_in_circle_ap_fadd_1_full_dsp_32_u/U0/i_synth/addsub_op/ADDSUB/dsp/OP/dsp48e1_body/ALIGN_ADD/DSP2/DSP/prcs_opmode_drc  File: /opt/Xilinx/Vivado/2019.2/data/vhdl/src/unisims/primitive/DSP48E1.vhd
Warning: OPMODE Input Warning : The OPMODE 0110X0X with CARRYINSEL  000 to DSP48E1 instance is invalid.
Time: 1015 ns  Iteration: 11  Process: /apatb_accel_in_circle_top/AESL_inst_accel_in_circle_accel_in_circle/grp_in_circle_fu_410/accel_in_circle_fsub_32ns_32ns_32_3_full_dsp_0_U10/accel_in_circle_accel_in_circle_ap_fsub_1_full_dsp_32_u/U0/i_synth/addsub_op/ADDSUB/dsp/OP/dsp48e1_body/ALIGN_ADD/DSP2/DSP/prcs_opmode_drc  File: /opt/Xilinx/Vivado/2019.2/data/vhdl/src/unisims/primitive/DSP48E1.vhd
Warning: OPMODE Input Warning : The OPMODE 0110X0X with CARRYINSEL  000 to DSP48E1 instance is invalid.
Time: 1015 ns  Iteration: 11  Process: /apatb_accel_in_circle_top/AESL_inst_accel_in_circle_accel_in_circle/grp_in_circle_fu_410/accel_in_circle_fsub_32ns_32ns_32_3_full_dsp_0_U11/accel_in_circle_accel_in_circle_ap_fsub_1_full_dsp_32_u/U0/i_synth/addsub_op/ADDSUB/dsp/OP/dsp48e1_body/ALIGN_ADD/DSP2/DSP/prcs_opmode_drc  File: /opt/Xilinx/Vivado/2019.2/data/vhdl/src/unisims/primitive/DSP48E1.vhd
Warning: OPMODE Input Warning : The OPMODE 0110X0X with CARRYINSEL  000 to DSP48E1 instance is invalid.
Time: 1015 ns  Iteration: 11  Process: /apatb_accel_in_circle_top/AESL_inst_accel_in_circle_accel_in_circle/grp_in_circle_fu_410/accel_in_circle_fsub_32ns_32ns_32_3_full_dsp_0_U12/accel_in_circle_accel_in_circle_ap_fsub_1_full_dsp_32_u/U0/i_synth/addsub_op/ADDSUB/dsp/OP/dsp48e1_body/ALIGN_ADD/DSP2/DSP/prcs_opmode_drc  File: /opt/Xilinx/Vivado/2019.2/data/vhdl/src/unisims/primitive/DSP48E1.vhd
Warning: OPMODE Input Warning : The OPMODE 0110X0X with CARRYINSEL  000 to DSP48E1 instance is invalid.
Time: 1015 ns  Iteration: 11  Process: /apatb_accel_in_circle_top/AESL_inst_accel_in_circle_accel_in_circle/grp_in_circle_fu_410/accel_in_circle_fsub_32ns_32ns_32_3_full_dsp_0_U13/accel_in_circle_accel_in_circle_ap_fsub_1_full_dsp_32_u/U0/i_synth/addsub_op/ADDSUB/dsp/OP/dsp48e1_body/ALIGN_ADD/DSP2/DSP/prcs_opmode_drc  File: /opt/Xilinx/Vivado/2019.2/data/vhdl/src/unisims/primitive/DSP48E1.vhd
Warning: OPMODE Input Warning : The OPMODE 0110X0X with CARRYINSEL  000 to DSP48E1 instance is invalid.
Time: 1015 ns  Iteration: 11  Process: /apatb_accel_in_circle_top/AESL_inst_accel_in_circle_accel_in_circle/grp_in_circle_fu_410/accel_in_circle_fadd_32ns_32ns_32_3_full_dsp_0_U14/accel_in_circle_accel_in_circle_ap_fadd_1_full_dsp_32_u/U0/i_synth/addsub_op/ADDSUB/dsp/OP/dsp48e1_body/ALIGN_ADD/DSP2/DSP/prcs_opmode_drc  File: /opt/Xilinx/Vivado/2019.2/data/vhdl/src/unisims/primitive/DSP48E1.vhd
Warning: OPMODE Input Warning : The OPMODE 0110X0X with CARRYINSEL  000 to DSP48E1 instance is invalid.
Time: 1015 ns  Iteration: 11  Process: /apatb_accel_in_circle_top/AESL_inst_accel_in_circle_accel_in_circle/grp_in_circle_fu_422/accel_in_circle_fsub_32ns_32ns_32_3_full_dsp_0_U1/accel_in_circle_accel_in_circle_ap_fsub_1_full_dsp_32_u/U0/i_synth/addsub_op/ADDSUB/dsp/OP/dsp48e1_body/ALIGN_ADD/DSP2/DSP/prcs_opmode_drc  File: /opt/Xilinx/Vivado/2019.2/data/vhdl/src/unisims/primitive/DSP48E1.vhd
Warning: OPMODE Input Warning : The OPMODE 0110X0X with CARRYINSEL  000 to DSP48E1 instance is invalid.
Time: 1015 ns  Iteration: 11  Process: /apatb_accel_in_circle_top/AESL_inst_accel_in_circle_accel_in_circle/grp_in_circle_fu_422/accel_in_circle_fsub_32ns_32ns_32_3_full_dsp_0_U2/accel_in_circle_accel_in_circle_ap_fsub_1_full_dsp_32_u/U0/i_synth/addsub_op/ADDSUB/dsp/OP/dsp48e1_body/ALIGN_ADD/DSP2/DSP/prcs_opmode_drc  File: /opt/Xilinx/Vivado/2019.2/data/vhdl/src/unisims/primitive/DSP48E1.vhd
Warning: OPMODE Input Warning : The OPMODE 0110X0X with CARRYINSEL  000 to DSP48E1 instance is invalid.
Time: 1015 ns  Iteration: 11  Process: /apatb_accel_in_circle_top/AESL_inst_accel_in_circle_accel_in_circle/grp_in_circle_fu_422/accel_in_circle_fsub_32ns_32ns_32_3_full_dsp_0_U3/accel_in_circle_accel_in_circle_ap_fsub_1_full_dsp_32_u/U0/i_synth/addsub_op/ADDSUB/dsp/OP/dsp48e1_body/ALIGN_ADD/DSP2/DSP/prcs_opmode_drc  File: /opt/Xilinx/Vivado/2019.2/data/vhdl/src/unisims/primitive/DSP48E1.vhd
Warning: OPMODE Input Warning : The OPMODE 0110X0X with CARRYINSEL  000 to DSP48E1 instance is invalid.
Time: 1015 ns  Iteration: 11  Process: /apatb_accel_in_circle_top/AESL_inst_accel_in_circle_accel_in_circle/grp_in_circle_fu_422/accel_in_circle_fsub_32ns_32ns_32_3_full_dsp_0_U4/accel_in_circle_accel_in_circle_ap_fsub_1_full_dsp_32_u/U0/i_synth/addsub_op/ADDSUB/dsp/OP/dsp48e1_body/ALIGN_ADD/DSP2/DSP/prcs_opmode_drc  File: /opt/Xilinx/Vivado/2019.2/data/vhdl/src/unisims/primitive/DSP48E1.vhd
Warning: OPMODE Input Warning : The OPMODE 0110X0X with CARRYINSEL  000 to DSP48E1 instance is invalid.
Time: 1015 ns  Iteration: 11  Process: /apatb_accel_in_circle_top/AESL_inst_accel_in_circle_accel_in_circle/grp_in_circle_fu_422/accel_in_circle_fsub_32ns_32ns_32_3_full_dsp_0_U5/accel_in_circle_accel_in_circle_ap_fsub_1_full_dsp_32_u/U0/i_synth/addsub_op/ADDSUB/dsp/OP/dsp48e1_body/ALIGN_ADD/DSP2/DSP/prcs_opmode_drc  File: /opt/Xilinx/Vivado/2019.2/data/vhdl/src/unisims/primitive/DSP48E1.vhd
Warning: OPMODE Input Warning : The OPMODE 0110X0X with CARRYINSEL  000 to DSP48E1 instance is invalid.
Time: 1015 ns  Iteration: 11  Process: /apatb_accel_in_circle_top/AESL_inst_accel_in_circle_accel_in_circle/grp_in_circle_fu_422/accel_in_circle_fsub_32ns_32ns_32_3_full_dsp_0_U6/accel_in_circle_accel_in_circle_ap_fsub_1_full_dsp_32_u/U0/i_synth/addsub_op/ADDSUB/dsp/OP/dsp48e1_body/ALIGN_ADD/DSP2/DSP/prcs_opmode_drc  File: /opt/Xilinx/Vivado/2019.2/data/vhdl/src/unisims/primitive/DSP48E1.vhd
Warning: OPMODE Input Warning : The OPMODE 0110X0X with CARRYINSEL  000 to DSP48E1 instance is invalid.
Time: 1015 ns  Iteration: 11  Process: /apatb_accel_in_circle_top/AESL_inst_accel_in_circle_accel_in_circle/grp_in_circle_fu_422/accel_in_circle_fadd_32ns_32ns_32_3_full_dsp_0_U7/accel_in_circle_accel_in_circle_ap_fadd_1_full_dsp_32_u/U0/i_synth/addsub_op/ADDSUB/dsp/OP/dsp48e1_body/ALIGN_ADD/DSP2/DSP/prcs_opmode_drc  File: /opt/Xilinx/Vivado/2019.2/data/vhdl/src/unisims/primitive/DSP48E1.vhd
Warning: OPMODE Input Warning : The OPMODE 0110X0X with CARRYINSEL  000 to DSP48E1 instance is invalid.
Time: 1015 ns  Iteration: 11  Process: /apatb_accel_in_circle_top/AESL_inst_accel_in_circle_accel_in_circle/grp_in_circle_fu_422/accel_in_circle_fadd_32ns_32ns_32_3_full_dsp_0_U8/accel_in_circle_accel_in_circle_ap_fadd_1_full_dsp_32_u/U0/i_synth/addsub_op/ADDSUB/dsp/OP/dsp48e1_body/ALIGN_ADD/DSP2/DSP/prcs_opmode_drc  File: /opt/Xilinx/Vivado/2019.2/data/vhdl/src/unisims/primitive/DSP48E1.vhd
Warning: OPMODE Input Warning : The OPMODE 0110X0X with CARRYINSEL  000 to DSP48E1 instance is invalid.
Time: 1015 ns  Iteration: 11  Process: /apatb_accel_in_circle_top/AESL_inst_accel_in_circle_accel_in_circle/grp_in_circle_fu_422/accel_in_circle_fadd_32ns_32ns_32_3_full_dsp_0_U9/accel_in_circle_accel_in_circle_ap_fadd_1_full_dsp_32_u/U0/i_synth/addsub_op/ADDSUB/dsp/OP/dsp48e1_body/ALIGN_ADD/DSP2/DSP/prcs_opmode_drc  File: /opt/Xilinx/Vivado/2019.2/data/vhdl/src/unisims/primitive/DSP48E1.vhd
Warning: OPMODE Input Warning : The OPMODE 0110X0X with CARRYINSEL  000 to DSP48E1 instance is invalid.
Time: 1015 ns  Iteration: 11  Process: /apatb_accel_in_circle_top/AESL_inst_accel_in_circle_accel_in_circle/grp_in_circle_fu_422/accel_in_circle_fsub_32ns_32ns_32_3_full_dsp_0_U10/accel_in_circle_accel_in_circle_ap_fsub_1_full_dsp_32_u/U0/i_synth/addsub_op/ADDSUB/dsp/OP/dsp48e1_body/ALIGN_ADD/DSP2/DSP/prcs_opmode_drc  File: /opt/Xilinx/Vivado/2019.2/data/vhdl/src/unisims/primitive/DSP48E1.vhd
Warning: OPMODE Input Warning : The OPMODE 0110X0X with CARRYINSEL  000 to DSP48E1 instance is invalid.
Time: 1015 ns  Iteration: 11  Process: /apatb_accel_in_circle_top/AESL_inst_accel_in_circle_accel_in_circle/grp_in_circle_fu_422/accel_in_circle_fsub_32ns_32ns_32_3_full_dsp_0_U11/accel_in_circle_accel_in_circle_ap_fsub_1_full_dsp_32_u/U0/i_synth/addsub_op/ADDSUB/dsp/OP/dsp48e1_body/ALIGN_ADD/DSP2/DSP/prcs_opmode_drc  File: /opt/Xilinx/Vivado/2019.2/data/vhdl/src/unisims/primitive/DSP48E1.vhd
Warning: OPMODE Input Warning : The OPMODE 0110X0X with CARRYINSEL  000 to DSP48E1 instance is invalid.
Time: 1015 ns  Iteration: 11  Process: /apatb_accel_in_circle_top/AESL_inst_accel_in_circle_accel_in_circle/grp_in_circle_fu_422/accel_in_circle_fsub_32ns_32ns_32_3_full_dsp_0_U12/accel_in_circle_accel_in_circle_ap_fsub_1_full_dsp_32_u/U0/i_synth/addsub_op/ADDSUB/dsp/OP/dsp48e1_body/ALIGN_ADD/DSP2/DSP/prcs_opmode_drc  File: /opt/Xilinx/Vivado/2019.2/data/vhdl/src/unisims/primitive/DSP48E1.vhd
Warning: OPMODE Input Warning : The OPMODE 0110X0X with CARRYINSEL  000 to DSP48E1 instance is invalid.
Time: 1015 ns  Iteration: 11  Process: /apatb_accel_in_circle_top/AESL_inst_accel_in_circle_accel_in_circle/grp_in_circle_fu_422/accel_in_circle_fsub_32ns_32ns_32_3_full_dsp_0_U13/accel_in_circle_accel_in_circle_ap_fsub_1_full_dsp_32_u/U0/i_synth/addsub_op/ADDSUB/dsp/OP/dsp48e1_body/ALIGN_ADD/DSP2/DSP/prcs_opmode_drc  File: /opt/Xilinx/Vivado/2019.2/data/vhdl/src/unisims/primitive/DSP48E1.vhd
Warning: OPMODE Input Warning : The OPMODE 0110X0X with CARRYINSEL  000 to DSP48E1 instance is invalid.
Time: 1015 ns  Iteration: 11  Process: /apatb_accel_in_circle_top/AESL_inst_accel_in_circle_accel_in_circle/grp_in_circle_fu_422/accel_in_circle_fadd_32ns_32ns_32_3_full_dsp_0_U14/accel_in_circle_accel_in_circle_ap_fadd_1_full_dsp_32_u/U0/i_synth/addsub_op/ADDSUB/dsp/OP/dsp48e1_body/ALIGN_ADD/DSP2/DSP/prcs_opmode_drc  File: /opt/Xilinx/Vivado/2019.2/data/vhdl/src/unisims/primitive/DSP48E1.vhd
Warning: OPMODE Input Warning : The OPMODE 0110X0X with CARRYINSEL  000 to DSP48E1 instance is invalid.
Time: 1015 ns  Iteration: 11  Process: /apatb_accel_in_circle_top/AESL_inst_accel_in_circle_accel_in_circle/grp_in_circle_fu_434/accel_in_circle_fsub_32ns_32ns_32_3_full_dsp_0_U1/accel_in_circle_accel_in_circle_ap_fsub_1_full_dsp_32_u/U0/i_synth/addsub_op/ADDSUB/dsp/OP/dsp48e1_body/ALIGN_ADD/DSP2/DSP/prcs_opmode_drc  File: /opt/Xilinx/Vivado/2019.2/data/vhdl/src/unisims/primitive/DSP48E1.vhd
Warning: OPMODE Input Warning : The OPMODE 0110X0X with CARRYINSEL  000 to DSP48E1 instance is invalid.
Time: 1015 ns  Iteration: 11  Process: /apatb_accel_in_circle_top/AESL_inst_accel_in_circle_accel_in_circle/grp_in_circle_fu_434/accel_in_circle_fsub_32ns_32ns_32_3_full_dsp_0_U2/accel_in_circle_accel_in_circle_ap_fsub_1_full_dsp_32_u/U0/i_synth/addsub_op/ADDSUB/dsp/OP/dsp48e1_body/ALIGN_ADD/DSP2/DSP/prcs_opmode_drc  File: /opt/Xilinx/Vivado/2019.2/data/vhdl/src/unisims/primitive/DSP48E1.vhd
Warning: OPMODE Input Warning : The OPMODE 0110X0X with CARRYINSEL  000 to DSP48E1 instance is invalid.
Time: 1015 ns  Iteration: 11  Process: /apatb_accel_in_circle_top/AESL_inst_accel_in_circle_accel_in_circle/grp_in_circle_fu_434/accel_in_circle_fsub_32ns_32ns_32_3_full_dsp_0_U3/accel_in_circle_accel_in_circle_ap_fsub_1_full_dsp_32_u/U0/i_synth/addsub_op/ADDSUB/dsp/OP/dsp48e1_body/ALIGN_ADD/DSP2/DSP/prcs_opmode_drc  File: /opt/Xilinx/Vivado/2019.2/data/vhdl/src/unisims/primitive/DSP48E1.vhd
Warning: OPMODE Input Warning : The OPMODE 0110X0X with CARRYINSEL  000 to DSP48E1 instance is invalid.
Time: 1015 ns  Iteration: 11  Process: /apatb_accel_in_circle_top/AESL_inst_accel_in_circle_accel_in_circle/grp_in_circle_fu_434/accel_in_circle_fsub_32ns_32ns_32_3_full_dsp_0_U4/accel_in_circle_accel_in_circle_ap_fsub_1_full_dsp_32_u/U0/i_synth/addsub_op/ADDSUB/dsp/OP/dsp48e1_body/ALIGN_ADD/DSP2/DSP/prcs_opmode_drc  File: /opt/Xilinx/Vivado/2019.2/data/vhdl/src/unisims/primitive/DSP48E1.vhd
Warning: OPMODE Input Warning : The OPMODE 0110X0X with CARRYINSEL  000 to DSP48E1 instance is invalid.
Time: 1015 ns  Iteration: 11  Process: /apatb_accel_in_circle_top/AESL_inst_accel_in_circle_accel_in_circle/grp_in_circle_fu_434/accel_in_circle_fsub_32ns_32ns_32_3_full_dsp_0_U5/accel_in_circle_accel_in_circle_ap_fsub_1_full_dsp_32_u/U0/i_synth/addsub_op/ADDSUB/dsp/OP/dsp48e1_body/ALIGN_ADD/DSP2/DSP/prcs_opmode_drc  File: /opt/Xilinx/Vivado/2019.2/data/vhdl/src/unisims/primitive/DSP48E1.vhd
Warning: OPMODE Input Warning : The OPMODE 0110X0X with CARRYINSEL  000 to DSP48E1 instance is invalid.
Time: 1015 ns  Iteration: 11  Process: /apatb_accel_in_circle_top/AESL_inst_accel_in_circle_accel_in_circle/grp_in_circle_fu_434/accel_in_circle_fsub_32ns_32ns_32_3_full_dsp_0_U6/accel_in_circle_accel_in_circle_ap_fsub_1_full_dsp_32_u/U0/i_synth/addsub_op/ADDSUB/dsp/OP/dsp48e1_body/ALIGN_ADD/DSP2/DSP/prcs_opmode_drc  File: /opt/Xilinx/Vivado/2019.2/data/vhdl/src/unisims/primitive/DSP48E1.vhd
Warning: OPMODE Input Warning : The OPMODE 0110X0X with CARRYINSEL  000 to DSP48E1 instance is invalid.
Time: 1015 ns  Iteration: 11  Process: /apatb_accel_in_circle_top/AESL_inst_accel_in_circle_accel_in_circle/grp_in_circle_fu_434/accel_in_circle_fadd_32ns_32ns_32_3_full_dsp_0_U7/accel_in_circle_accel_in_circle_ap_fadd_1_full_dsp_32_u/U0/i_synth/addsub_op/ADDSUB/dsp/OP/dsp48e1_body/ALIGN_ADD/DSP2/DSP/prcs_opmode_drc  File: /opt/Xilinx/Vivado/2019.2/data/vhdl/src/unisims/primitive/DSP48E1.vhd
Warning: OPMODE Input Warning : The OPMODE 0110X0X with CARRYINSEL  000 to DSP48E1 instance is invalid.
Time: 1015 ns  Iteration: 11  Process: /apatb_accel_in_circle_top/AESL_inst_accel_in_circle_accel_in_circle/grp_in_circle_fu_434/accel_in_circle_fadd_32ns_32ns_32_3_full_dsp_0_U8/accel_in_circle_accel_in_circle_ap_fadd_1_full_dsp_32_u/U0/i_synth/addsub_op/ADDSUB/dsp/OP/dsp48e1_body/ALIGN_ADD/DSP2/DSP/prcs_opmode_drc  File: /opt/Xilinx/Vivado/2019.2/data/vhdl/src/unisims/primitive/DSP48E1.vhd
Warning: OPMODE Input Warning : The OPMODE 0110X0X with CARRYINSEL  000 to DSP48E1 instance is invalid.
Time: 1015 ns  Iteration: 11  Process: /apatb_accel_in_circle_top/AESL_inst_accel_in_circle_accel_in_circle/grp_in_circle_fu_434/accel_in_circle_fadd_32ns_32ns_32_3_full_dsp_0_U9/accel_in_circle_accel_in_circle_ap_fadd_1_full_dsp_32_u/U0/i_synth/addsub_op/ADDSUB/dsp/OP/dsp48e1_body/ALIGN_ADD/DSP2/DSP/prcs_opmode_drc  File: /opt/Xilinx/Vivado/2019.2/data/vhdl/src/unisims/primitive/DSP48E1.vhd
Warning: OPMODE Input Warning : The OPMODE 0110X0X with CARRYINSEL  000 to DSP48E1 instance is invalid.
Time: 1015 ns  Iteration: 11  Process: /apatb_accel_in_circle_top/AESL_inst_accel_in_circle_accel_in_circle/grp_in_circle_fu_434/accel_in_circle_fsub_32ns_32ns_32_3_full_dsp_0_U10/accel_in_circle_accel_in_circle_ap_fsub_1_full_dsp_32_u/U0/i_synth/addsub_op/ADDSUB/dsp/OP/dsp48e1_body/ALIGN_ADD/DSP2/DSP/prcs_opmode_drc  File: /opt/Xilinx/Vivado/2019.2/data/vhdl/src/unisims/primitive/DSP48E1.vhd
Warning: OPMODE Input Warning : The OPMODE 0110X0X with CARRYINSEL  000 to DSP48E1 instance is invalid.
Time: 1015 ns  Iteration: 11  Process: /apatb_accel_in_circle_top/AESL_inst_accel_in_circle_accel_in_circle/grp_in_circle_fu_434/accel_in_circle_fsub_32ns_32ns_32_3_full_dsp_0_U11/accel_in_circle_accel_in_circle_ap_fsub_1_full_dsp_32_u/U0/i_synth/addsub_op/ADDSUB/dsp/OP/dsp48e1_body/ALIGN_ADD/DSP2/DSP/prcs_opmode_drc  File: /opt/Xilinx/Vivado/2019.2/data/vhdl/src/unisims/primitive/DSP48E1.vhd
Warning: OPMODE Input Warning : The OPMODE 0110X0X with CARRYINSEL  000 to DSP48E1 instance is invalid.
Time: 1015 ns  Iteration: 11  Process: /apatb_accel_in_circle_top/AESL_inst_accel_in_circle_accel_in_circle/grp_in_circle_fu_434/accel_in_circle_fsub_32ns_32ns_32_3_full_dsp_0_U12/accel_in_circle_accel_in_circle_ap_fsub_1_full_dsp_32_u/U0/i_synth/addsub_op/ADDSUB/dsp/OP/dsp48e1_body/ALIGN_ADD/DSP2/DSP/prcs_opmode_drc  File: /opt/Xilinx/Vivado/2019.2/data/vhdl/src/unisims/primitive/DSP48E1.vhd
Warning: OPMODE Input Warning : The OPMODE 0110X0X with CARRYINSEL  000 to DSP48E1 instance is invalid.
Time: 1015 ns  Iteration: 11  Process: /apatb_accel_in_circle_top/AESL_inst_accel_in_circle_accel_in_circle/grp_in_circle_fu_434/accel_in_circle_fsub_32ns_32ns_32_3_full_dsp_0_U13/accel_in_circle_accel_in_circle_ap_fsub_1_full_dsp_32_u/U0/i_synth/addsub_op/ADDSUB/dsp/OP/dsp48e1_body/ALIGN_ADD/DSP2/DSP/prcs_opmode_drc  File: /opt/Xilinx/Vivado/2019.2/data/vhdl/src/unisims/primitive/DSP48E1.vhd
Warning: OPMODE Input Warning : The OPMODE 0110X0X with CARRYINSEL  000 to DSP48E1 instance is invalid.
Time: 1015 ns  Iteration: 11  Process: /apatb_accel_in_circle_top/AESL_inst_accel_in_circle_accel_in_circle/grp_in_circle_fu_434/accel_in_circle_fadd_32ns_32ns_32_3_full_dsp_0_U14/accel_in_circle_accel_in_circle_ap_fadd_1_full_dsp_32_u/U0/i_synth/addsub_op/ADDSUB/dsp/OP/dsp48e1_body/ALIGN_ADD/DSP2/DSP/prcs_opmode_drc  File: /opt/Xilinx/Vivado/2019.2/data/vhdl/src/unisims/primitive/DSP48E1.vhd
Warning: OPMODE Input Warning : The OPMODE 0110X0X with CARRYINSEL  000 to DSP48E1 instance is invalid.
Time: 1015 ns  Iteration: 11  Process: /apatb_accel_in_circle_top/AESL_inst_accel_in_circle_accel_in_circle/grp_in_circle_fu_446/accel_in_circle_fsub_32ns_32ns_32_3_full_dsp_0_U1/accel_in_circle_accel_in_circle_ap_fsub_1_full_dsp_32_u/U0/i_synth/addsub_op/ADDSUB/dsp/OP/dsp48e1_body/ALIGN_ADD/DSP2/DSP/prcs_opmode_drc  File: /opt/Xilinx/Vivado/2019.2/data/vhdl/src/unisims/primitive/DSP48E1.vhd
Warning: OPMODE Input Warning : The OPMODE 0110X0X with CARRYINSEL  000 to DSP48E1 instance is invalid.
Time: 1015 ns  Iteration: 11  Process: /apatb_accel_in_circle_top/AESL_inst_accel_in_circle_accel_in_circle/grp_in_circle_fu_446/accel_in_circle_fsub_32ns_32ns_32_3_full_dsp_0_U2/accel_in_circle_accel_in_circle_ap_fsub_1_full_dsp_32_u/U0/i_synth/addsub_op/ADDSUB/dsp/OP/dsp48e1_body/ALIGN_ADD/DSP2/DSP/prcs_opmode_drc  File: /opt/Xilinx/Vivado/2019.2/data/vhdl/src/unisims/primitive/DSP48E1.vhd
Warning: OPMODE Input Warning : The OPMODE 0110X0X with CARRYINSEL  000 to DSP48E1 instance is invalid.
Time: 1015 ns  Iteration: 11  Process: /apatb_accel_in_circle_top/AESL_inst_accel_in_circle_accel_in_circle/grp_in_circle_fu_446/accel_in_circle_fsub_32ns_32ns_32_3_full_dsp_0_U3/accel_in_circle_accel_in_circle_ap_fsub_1_full_dsp_32_u/U0/i_synth/addsub_op/ADDSUB/dsp/OP/dsp48e1_body/ALIGN_ADD/DSP2/DSP/prcs_opmode_drc  File: /opt/Xilinx/Vivado/2019.2/data/vhdl/src/unisims/primitive/DSP48E1.vhd
Warning: OPMODE Input Warning : The OPMODE 0110X0X with CARRYINSEL  000 to DSP48E1 instance is invalid.
Time: 1015 ns  Iteration: 11  Process: /apatb_accel_in_circle_top/AESL_inst_accel_in_circle_accel_in_circle/grp_in_circle_fu_446/accel_in_circle_fsub_32ns_32ns_32_3_full_dsp_0_U4/accel_in_circle_accel_in_circle_ap_fsub_1_full_dsp_32_u/U0/i_synth/addsub_op/ADDSUB/dsp/OP/dsp48e1_body/ALIGN_ADD/DSP2/DSP/prcs_opmode_drc  File: /opt/Xilinx/Vivado/2019.2/data/vhdl/src/unisims/primitive/DSP48E1.vhd
Warning: OPMODE Input Warning : The OPMODE 0110X0X with CARRYINSEL  000 to DSP48E1 instance is invalid.
Time: 1015 ns  Iteration: 11  Process: /apatb_accel_in_circle_top/AESL_inst_accel_in_circle_accel_in_circle/grp_in_circle_fu_446/accel_in_circle_fsub_32ns_32ns_32_3_full_dsp_0_U5/accel_in_circle_accel_in_circle_ap_fsub_1_full_dsp_32_u/U0/i_synth/addsub_op/ADDSUB/dsp/OP/dsp48e1_body/ALIGN_ADD/DSP2/DSP/prcs_opmode_drc  File: /opt/Xilinx/Vivado/2019.2/data/vhdl/src/unisims/primitive/DSP48E1.vhd
Warning: OPMODE Input Warning : The OPMODE 0110X0X with CARRYINSEL  000 to DSP48E1 instance is invalid.
Time: 1015 ns  Iteration: 11  Process: /apatb_accel_in_circle_top/AESL_inst_accel_in_circle_accel_in_circle/grp_in_circle_fu_446/accel_in_circle_fsub_32ns_32ns_32_3_full_dsp_0_U6/accel_in_circle_accel_in_circle_ap_fsub_1_full_dsp_32_u/U0/i_synth/addsub_op/ADDSUB/dsp/OP/dsp48e1_body/ALIGN_ADD/DSP2/DSP/prcs_opmode_drc  File: /opt/Xilinx/Vivado/2019.2/data/vhdl/src/unisims/primitive/DSP48E1.vhd
Warning: OPMODE Input Warning : The OPMODE 0110X0X with CARRYINSEL  000 to DSP48E1 instance is invalid.
Time: 1015 ns  Iteration: 11  Process: /apatb_accel_in_circle_top/AESL_inst_accel_in_circle_accel_in_circle/grp_in_circle_fu_446/accel_in_circle_fadd_32ns_32ns_32_3_full_dsp_0_U7/accel_in_circle_accel_in_circle_ap_fadd_1_full_dsp_32_u/U0/i_synth/addsub_op/ADDSUB/dsp/OP/dsp48e1_body/ALIGN_ADD/DSP2/DSP/prcs_opmode_drc  File: /opt/Xilinx/Vivado/2019.2/data/vhdl/src/unisims/primitive/DSP48E1.vhd
Warning: OPMODE Input Warning : The OPMODE 0110X0X with CARRYINSEL  000 to DSP48E1 instance is invalid.
Time: 1015 ns  Iteration: 11  Process: /apatb_accel_in_circle_top/AESL_inst_accel_in_circle_accel_in_circle/grp_in_circle_fu_446/accel_in_circle_fadd_32ns_32ns_32_3_full_dsp_0_U8/accel_in_circle_accel_in_circle_ap_fadd_1_full_dsp_32_u/U0/i_synth/addsub_op/ADDSUB/dsp/OP/dsp48e1_body/ALIGN_ADD/DSP2/DSP/prcs_opmode_drc  File: /opt/Xilinx/Vivado/2019.2/data/vhdl/src/unisims/primitive/DSP48E1.vhd
Warning: OPMODE Input Warning : The OPMODE 0110X0X with CARRYINSEL  000 to DSP48E1 instance is invalid.
Time: 1015 ns  Iteration: 11  Process: /apatb_accel_in_circle_top/AESL_inst_accel_in_circle_accel_in_circle/grp_in_circle_fu_446/accel_in_circle_fadd_32ns_32ns_32_3_full_dsp_0_U9/accel_in_circle_accel_in_circle_ap_fadd_1_full_dsp_32_u/U0/i_synth/addsub_op/ADDSUB/dsp/OP/dsp48e1_body/ALIGN_ADD/DSP2/DSP/prcs_opmode_drc  File: /opt/Xilinx/Vivado/2019.2/data/vhdl/src/unisims/primitive/DSP48E1.vhd
Warning: OPMODE Input Warning : The OPMODE 0110X0X with CARRYINSEL  000 to DSP48E1 instance is invalid.
Time: 1015 ns  Iteration: 11  Process: /apatb_accel_in_circle_top/AESL_inst_accel_in_circle_accel_in_circle/grp_in_circle_fu_446/accel_in_circle_fsub_32ns_32ns_32_3_full_dsp_0_U10/accel_in_circle_accel_in_circle_ap_fsub_1_full_dsp_32_u/U0/i_synth/addsub_op/ADDSUB/dsp/OP/dsp48e1_body/ALIGN_ADD/DSP2/DSP/prcs_opmode_drc  File: /opt/Xilinx/Vivado/2019.2/data/vhdl/src/unisims/primitive/DSP48E1.vhd
Warning: OPMODE Input Warning : The OPMODE 0110X0X with CARRYINSEL  000 to DSP48E1 instance is invalid.
Time: 1015 ns  Iteration: 11  Process: /apatb_accel_in_circle_top/AESL_inst_accel_in_circle_accel_in_circle/grp_in_circle_fu_446/accel_in_circle_fsub_32ns_32ns_32_3_full_dsp_0_U11/accel_in_circle_accel_in_circle_ap_fsub_1_full_dsp_32_u/U0/i_synth/addsub_op/ADDSUB/dsp/OP/dsp48e1_body/ALIGN_ADD/DSP2/DSP/prcs_opmode_drc  File: /opt/Xilinx/Vivado/2019.2/data/vhdl/src/unisims/primitive/DSP48E1.vhd
Warning: OPMODE Input Warning : The OPMODE 0110X0X with CARRYINSEL  000 to DSP48E1 instance is invalid.
Time: 1015 ns  Iteration: 11  Process: /apatb_accel_in_circle_top/AESL_inst_accel_in_circle_accel_in_circle/grp_in_circle_fu_446/accel_in_circle_fsub_32ns_32ns_32_3_full_dsp_0_U12/accel_in_circle_accel_in_circle_ap_fsub_1_full_dsp_32_u/U0/i_synth/addsub_op/ADDSUB/dsp/OP/dsp48e1_body/ALIGN_ADD/DSP2/DSP/prcs_opmode_drc  File: /opt/Xilinx/Vivado/2019.2/data/vhdl/src/unisims/primitive/DSP48E1.vhd
Warning: OPMODE Input Warning : The OPMODE 0110X0X with CARRYINSEL  000 to DSP48E1 instance is invalid.
Time: 1015 ns  Iteration: 11  Process: /apatb_accel_in_circle_top/AESL_inst_accel_in_circle_accel_in_circle/grp_in_circle_fu_446/accel_in_circle_fsub_32ns_32ns_32_3_full_dsp_0_U13/accel_in_circle_accel_in_circle_ap_fsub_1_full_dsp_32_u/U0/i_synth/addsub_op/ADDSUB/dsp/OP/dsp48e1_body/ALIGN_ADD/DSP2/DSP/prcs_opmode_drc  File: /opt/Xilinx/Vivado/2019.2/data/vhdl/src/unisims/primitive/DSP48E1.vhd
Warning: OPMODE Input Warning : The OPMODE 0110X0X with CARRYINSEL  000 to DSP48E1 instance is invalid.
Time: 1015 ns  Iteration: 11  Process: /apatb_accel_in_circle_top/AESL_inst_accel_in_circle_accel_in_circle/grp_in_circle_fu_446/accel_in_circle_fadd_32ns_32ns_32_3_full_dsp_0_U14/accel_in_circle_accel_in_circle_ap_fadd_1_full_dsp_32_u/U0/i_synth/addsub_op/ADDSUB/dsp/OP/dsp48e1_body/ALIGN_ADD/DSP2/DSP/prcs_opmode_drc  File: /opt/Xilinx/Vivado/2019.2/data/vhdl/src/unisims/primitive/DSP48E1.vhd
Warning: OPMODE Input Warning : The OPMODE 0110X0X with CARRYINSEL  000 to DSP48E1 instance is invalid.
Time: 1015 ns  Iteration: 11  Process: /apatb_accel_in_circle_top/AESL_inst_accel_in_circle_accel_in_circle/grp_in_circle_fu_458/accel_in_circle_fsub_32ns_32ns_32_3_full_dsp_0_U1/accel_in_circle_accel_in_circle_ap_fsub_1_full_dsp_32_u/U0/i_synth/addsub_op/ADDSUB/dsp/OP/dsp48e1_body/ALIGN_ADD/DSP2/DSP/prcs_opmode_drc  File: /opt/Xilinx/Vivado/2019.2/data/vhdl/src/unisims/primitive/DSP48E1.vhd
Warning: OPMODE Input Warning : The OPMODE 0110X0X with CARRYINSEL  000 to DSP48E1 instance is invalid.
Time: 1015 ns  Iteration: 11  Process: /apatb_accel_in_circle_top/AESL_inst_accel_in_circle_accel_in_circle/grp_in_circle_fu_458/accel_in_circle_fsub_32ns_32ns_32_3_full_dsp_0_U2/accel_in_circle_accel_in_circle_ap_fsub_1_full_dsp_32_u/U0/i_synth/addsub_op/ADDSUB/dsp/OP/dsp48e1_body/ALIGN_ADD/DSP2/DSP/prcs_opmode_drc  File: /opt/Xilinx/Vivado/2019.2/data/vhdl/src/unisims/primitive/DSP48E1.vhd
Warning: OPMODE Input Warning : The OPMODE 0110X0X with CARRYINSEL  000 to DSP48E1 instance is invalid.
Time: 1015 ns  Iteration: 11  Process: /apatb_accel_in_circle_top/AESL_inst_accel_in_circle_accel_in_circle/grp_in_circle_fu_458/accel_in_circle_fsub_32ns_32ns_32_3_full_dsp_0_U3/accel_in_circle_accel_in_circle_ap_fsub_1_full_dsp_32_u/U0/i_synth/addsub_op/ADDSUB/dsp/OP/dsp48e1_body/ALIGN_ADD/DSP2/DSP/prcs_opmode_drc  File: /opt/Xilinx/Vivado/2019.2/data/vhdl/src/unisims/primitive/DSP48E1.vhd
Warning: OPMODE Input Warning : The OPMODE 0110X0X with CARRYINSEL  000 to DSP48E1 instance is invalid.
Time: 1015 ns  Iteration: 11  Process: /apatb_accel_in_circle_top/AESL_inst_accel_in_circle_accel_in_circle/grp_in_circle_fu_458/accel_in_circle_fsub_32ns_32ns_32_3_full_dsp_0_U4/accel_in_circle_accel_in_circle_ap_fsub_1_full_dsp_32_u/U0/i_synth/addsub_op/ADDSUB/dsp/OP/dsp48e1_body/ALIGN_ADD/DSP2/DSP/prcs_opmode_drc  File: /opt/Xilinx/Vivado/2019.2/data/vhdl/src/unisims/primitive/DSP48E1.vhd
Warning: OPMODE Input Warning : The OPMODE 0110X0X with CARRYINSEL  000 to DSP48E1 instance is invalid.
Time: 1015 ns  Iteration: 11  Process: /apatb_accel_in_circle_top/AESL_inst_accel_in_circle_accel_in_circle/grp_in_circle_fu_458/accel_in_circle_fsub_32ns_32ns_32_3_full_dsp_0_U5/accel_in_circle_accel_in_circle_ap_fsub_1_full_dsp_32_u/U0/i_synth/addsub_op/ADDSUB/dsp/OP/dsp48e1_body/ALIGN_ADD/DSP2/DSP/prcs_opmode_drc  File: /opt/Xilinx/Vivado/2019.2/data/vhdl/src/unisims/primitive/DSP48E1.vhd
Warning: OPMODE Input Warning : The OPMODE 0110X0X with CARRYINSEL  000 to DSP48E1 instance is invalid.
Time: 1015 ns  Iteration: 11  Process: /apatb_accel_in_circle_top/AESL_inst_accel_in_circle_accel_in_circle/grp_in_circle_fu_458/accel_in_circle_fsub_32ns_32ns_32_3_full_dsp_0_U6/accel_in_circle_accel_in_circle_ap_fsub_1_full_dsp_32_u/U0/i_synth/addsub_op/ADDSUB/dsp/OP/dsp48e1_body/ALIGN_ADD/DSP2/DSP/prcs_opmode_drc  File: /opt/Xilinx/Vivado/2019.2/data/vhdl/src/unisims/primitive/DSP48E1.vhd
Warning: OPMODE Input Warning : The OPMODE 0110X0X with CARRYINSEL  000 to DSP48E1 instance is invalid.
Time: 1015 ns  Iteration: 11  Process: /apatb_accel_in_circle_top/AESL_inst_accel_in_circle_accel_in_circle/grp_in_circle_fu_458/accel_in_circle_fadd_32ns_32ns_32_3_full_dsp_0_U7/accel_in_circle_accel_in_circle_ap_fadd_1_full_dsp_32_u/U0/i_synth/addsub_op/ADDSUB/dsp/OP/dsp48e1_body/ALIGN_ADD/DSP2/DSP/prcs_opmode_drc  File: /opt/Xilinx/Vivado/2019.2/data/vhdl/src/unisims/primitive/DSP48E1.vhd
Warning: OPMODE Input Warning : The OPMODE 0110X0X with CARRYINSEL  000 to DSP48E1 instance is invalid.
Time: 1015 ns  Iteration: 11  Process: /apatb_accel_in_circle_top/AESL_inst_accel_in_circle_accel_in_circle/grp_in_circle_fu_458/accel_in_circle_fadd_32ns_32ns_32_3_full_dsp_0_U8/accel_in_circle_accel_in_circle_ap_fadd_1_full_dsp_32_u/U0/i_synth/addsub_op/ADDSUB/dsp/OP/dsp48e1_body/ALIGN_ADD/DSP2/DSP/prcs_opmode_drc  File: /opt/Xilinx/Vivado/2019.2/data/vhdl/src/unisims/primitive/DSP48E1.vhd
Warning: OPMODE Input Warning : The OPMODE 0110X0X with CARRYINSEL  000 to DSP48E1 instance is invalid.
Time: 1015 ns  Iteration: 11  Process: /apatb_accel_in_circle_top/AESL_inst_accel_in_circle_accel_in_circle/grp_in_circle_fu_458/accel_in_circle_fadd_32ns_32ns_32_3_full_dsp_0_U9/accel_in_circle_accel_in_circle_ap_fadd_1_full_dsp_32_u/U0/i_synth/addsub_op/ADDSUB/dsp/OP/dsp48e1_body/ALIGN_ADD/DSP2/DSP/prcs_opmode_drc  File: /opt/Xilinx/Vivado/2019.2/data/vhdl/src/unisims/primitive/DSP48E1.vhd
Warning: OPMODE Input Warning : The OPMODE 0110X0X with CARRYINSEL  000 to DSP48E1 instance is invalid.
Time: 1015 ns  Iteration: 11  Process: /apatb_accel_in_circle_top/AESL_inst_accel_in_circle_accel_in_circle/grp_in_circle_fu_458/accel_in_circle_fsub_32ns_32ns_32_3_full_dsp_0_U10/accel_in_circle_accel_in_circle_ap_fsub_1_full_dsp_32_u/U0/i_synth/addsub_op/ADDSUB/dsp/OP/dsp48e1_body/ALIGN_ADD/DSP2/DSP/prcs_opmode_drc  File: /opt/Xilinx/Vivado/2019.2/data/vhdl/src/unisims/primitive/DSP48E1.vhd
Warning: OPMODE Input Warning : The OPMODE 0110X0X with CARRYINSEL  000 to DSP48E1 instance is invalid.
Time: 1015 ns  Iteration: 11  Process: /apatb_accel_in_circle_top/AESL_inst_accel_in_circle_accel_in_circle/grp_in_circle_fu_458/accel_in_circle_fsub_32ns_32ns_32_3_full_dsp_0_U11/accel_in_circle_accel_in_circle_ap_fsub_1_full_dsp_32_u/U0/i_synth/addsub_op/ADDSUB/dsp/OP/dsp48e1_body/ALIGN_ADD/DSP2/DSP/prcs_opmode_drc  File: /opt/Xilinx/Vivado/2019.2/data/vhdl/src/unisims/primitive/DSP48E1.vhd
Warning: OPMODE Input Warning : The OPMODE 0110X0X with CARRYINSEL  000 to DSP48E1 instance is invalid.
Time: 1015 ns  Iteration: 11  Process: /apatb_accel_in_circle_top/AESL_inst_accel_in_circle_accel_in_circle/grp_in_circle_fu_458/accel_in_circle_fsub_32ns_32ns_32_3_full_dsp_0_U12/accel_in_circle_accel_in_circle_ap_fsub_1_full_dsp_32_u/U0/i_synth/addsub_op/ADDSUB/dsp/OP/dsp48e1_body/ALIGN_ADD/DSP2/DSP/prcs_opmode_drc  File: /opt/Xilinx/Vivado/2019.2/data/vhdl/src/unisims/primitive/DSP48E1.vhd
Warning: OPMODE Input Warning : The OPMODE 0110X0X with CARRYINSEL  000 to DSP48E1 instance is invalid.
Time: 1015 ns  Iteration: 11  Process: /apatb_accel_in_circle_top/AESL_inst_accel_in_circle_accel_in_circle/grp_in_circle_fu_458/accel_in_circle_fsub_32ns_32ns_32_3_full_dsp_0_U13/accel_in_circle_accel_in_circle_ap_fsub_1_full_dsp_32_u/U0/i_synth/addsub_op/ADDSUB/dsp/OP/dsp48e1_body/ALIGN_ADD/DSP2/DSP/prcs_opmode_drc  File: /opt/Xilinx/Vivado/2019.2/data/vhdl/src/unisims/primitive/DSP48E1.vhd
Warning: OPMODE Input Warning : The OPMODE 0110X0X with CARRYINSEL  000 to DSP48E1 instance is invalid.
Time: 1015 ns  Iteration: 11  Process: /apatb_accel_in_circle_top/AESL_inst_accel_in_circle_accel_in_circle/grp_in_circle_fu_458/accel_in_circle_fadd_32ns_32ns_32_3_full_dsp_0_U14/accel_in_circle_accel_in_circle_ap_fadd_1_full_dsp_32_u/U0/i_synth/addsub_op/ADDSUB/dsp/OP/dsp48e1_body/ALIGN_ADD/DSP2/DSP/prcs_opmode_drc  File: /opt/Xilinx/Vivado/2019.2/data/vhdl/src/unisims/primitive/DSP48E1.vhd
Warning: OPMODE Input Warning : The OPMODE 0110X0X with CARRYINSEL  000 to DSP48E1 instance is invalid.
Time: 1015 ns  Iteration: 11  Process: /apatb_accel_in_circle_top/AESL_inst_accel_in_circle_accel_in_circle/grp_in_circle_fu_470/accel_in_circle_fsub_32ns_32ns_32_3_full_dsp_0_U1/accel_in_circle_accel_in_circle_ap_fsub_1_full_dsp_32_u/U0/i_synth/addsub_op/ADDSUB/dsp/OP/dsp48e1_body/ALIGN_ADD/DSP2/DSP/prcs_opmode_drc  File: /opt/Xilinx/Vivado/2019.2/data/vhdl/src/unisims/primitive/DSP48E1.vhd
Warning: OPMODE Input Warning : The OPMODE 0110X0X with CARRYINSEL  000 to DSP48E1 instance is invalid.
Time: 1015 ns  Iteration: 11  Process: /apatb_accel_in_circle_top/AESL_inst_accel_in_circle_accel_in_circle/grp_in_circle_fu_470/accel_in_circle_fsub_32ns_32ns_32_3_full_dsp_0_U2/accel_in_circle_accel_in_circle_ap_fsub_1_full_dsp_32_u/U0/i_synth/addsub_op/ADDSUB/dsp/OP/dsp48e1_body/ALIGN_ADD/DSP2/DSP/prcs_opmode_drc  File: /opt/Xilinx/Vivado/2019.2/data/vhdl/src/unisims/primitive/DSP48E1.vhd
Warning: OPMODE Input Warning : The OPMODE 0110X0X with CARRYINSEL  000 to DSP48E1 instance is invalid.
Time: 1015 ns  Iteration: 11  Process: /apatb_accel_in_circle_top/AESL_inst_accel_in_circle_accel_in_circle/grp_in_circle_fu_470/accel_in_circle_fsub_32ns_32ns_32_3_full_dsp_0_U3/accel_in_circle_accel_in_circle_ap_fsub_1_full_dsp_32_u/U0/i_synth/addsub_op/ADDSUB/dsp/OP/dsp48e1_body/ALIGN_ADD/DSP2/DSP/prcs_opmode_drc  File: /opt/Xilinx/Vivado/2019.2/data/vhdl/src/unisims/primitive/DSP48E1.vhd
Warning: OPMODE Input Warning : The OPMODE 0110X0X with CARRYINSEL  000 to DSP48E1 instance is invalid.
Time: 1015 ns  Iteration: 11  Process: /apatb_accel_in_circle_top/AESL_inst_accel_in_circle_accel_in_circle/grp_in_circle_fu_470/accel_in_circle_fsub_32ns_32ns_32_3_full_dsp_0_U4/accel_in_circle_accel_in_circle_ap_fsub_1_full_dsp_32_u/U0/i_synth/addsub_op/ADDSUB/dsp/OP/dsp48e1_body/ALIGN_ADD/DSP2/DSP/prcs_opmode_drc  File: /opt/Xilinx/Vivado/2019.2/data/vhdl/src/unisims/primitive/DSP48E1.vhd
Warning: OPMODE Input Warning : The OPMODE 0110X0X with CARRYINSEL  000 to DSP48E1 instance is invalid.
Time: 1015 ns  Iteration: 11  Process: /apatb_accel_in_circle_top/AESL_inst_accel_in_circle_accel_in_circle/grp_in_circle_fu_470/accel_in_circle_fsub_32ns_32ns_32_3_full_dsp_0_U5/accel_in_circle_accel_in_circle_ap_fsub_1_full_dsp_32_u/U0/i_synth/addsub_op/ADDSUB/dsp/OP/dsp48e1_body/ALIGN_ADD/DSP2/DSP/prcs_opmode_drc  File: /opt/Xilinx/Vivado/2019.2/data/vhdl/src/unisims/primitive/DSP48E1.vhd
Warning: OPMODE Input Warning : The OPMODE 0110X0X with CARRYINSEL  000 to DSP48E1 instance is invalid.
Time: 1015 ns  Iteration: 11  Process: /apatb_accel_in_circle_top/AESL_inst_accel_in_circle_accel_in_circle/grp_in_circle_fu_470/accel_in_circle_fsub_32ns_32ns_32_3_full_dsp_0_U6/accel_in_circle_accel_in_circle_ap_fsub_1_full_dsp_32_u/U0/i_synth/addsub_op/ADDSUB/dsp/OP/dsp48e1_body/ALIGN_ADD/DSP2/DSP/prcs_opmode_drc  File: /opt/Xilinx/Vivado/2019.2/data/vhdl/src/unisims/primitive/DSP48E1.vhd
Warning: OPMODE Input Warning : The OPMODE 0110X0X with CARRYINSEL  000 to DSP48E1 instance is invalid.
Time: 1015 ns  Iteration: 11  Process: /apatb_accel_in_circle_top/AESL_inst_accel_in_circle_accel_in_circle/grp_in_circle_fu_470/accel_in_circle_fadd_32ns_32ns_32_3_full_dsp_0_U7/accel_in_circle_accel_in_circle_ap_fadd_1_full_dsp_32_u/U0/i_synth/addsub_op/ADDSUB/dsp/OP/dsp48e1_body/ALIGN_ADD/DSP2/DSP/prcs_opmode_drc  File: /opt/Xilinx/Vivado/2019.2/data/vhdl/src/unisims/primitive/DSP48E1.vhd
Warning: OPMODE Input Warning : The OPMODE 0110X0X with CARRYINSEL  000 to DSP48E1 instance is invalid.
Time: 1015 ns  Iteration: 11  Process: /apatb_accel_in_circle_top/AESL_inst_accel_in_circle_accel_in_circle/grp_in_circle_fu_470/accel_in_circle_fadd_32ns_32ns_32_3_full_dsp_0_U8/accel_in_circle_accel_in_circle_ap_fadd_1_full_dsp_32_u/U0/i_synth/addsub_op/ADDSUB/dsp/OP/dsp48e1_body/ALIGN_ADD/DSP2/DSP/prcs_opmode_drc  File: /opt/Xilinx/Vivado/2019.2/data/vhdl/src/unisims/primitive/DSP48E1.vhd
Warning: OPMODE Input Warning : The OPMODE 0110X0X with CARRYINSEL  000 to DSP48E1 instance is invalid.
Time: 1015 ns  Iteration: 11  Process: /apatb_accel_in_circle_top/AESL_inst_accel_in_circle_accel_in_circle/grp_in_circle_fu_470/accel_in_circle_fadd_32ns_32ns_32_3_full_dsp_0_U9/accel_in_circle_accel_in_circle_ap_fadd_1_full_dsp_32_u/U0/i_synth/addsub_op/ADDSUB/dsp/OP/dsp48e1_body/ALIGN_ADD/DSP2/DSP/prcs_opmode_drc  File: /opt/Xilinx/Vivado/2019.2/data/vhdl/src/unisims/primitive/DSP48E1.vhd
Warning: OPMODE Input Warning : The OPMODE 0110X0X with CARRYINSEL  000 to DSP48E1 instance is invalid.
Time: 1015 ns  Iteration: 11  Process: /apatb_accel_in_circle_top/AESL_inst_accel_in_circle_accel_in_circle/grp_in_circle_fu_470/accel_in_circle_fsub_32ns_32ns_32_3_full_dsp_0_U10/accel_in_circle_accel_in_circle_ap_fsub_1_full_dsp_32_u/U0/i_synth/addsub_op/ADDSUB/dsp/OP/dsp48e1_body/ALIGN_ADD/DSP2/DSP/prcs_opmode_drc  File: /opt/Xilinx/Vivado/2019.2/data/vhdl/src/unisims/primitive/DSP48E1.vhd
Warning: OPMODE Input Warning : The OPMODE 0110X0X with CARRYINSEL  000 to DSP48E1 instance is invalid.
Time: 1015 ns  Iteration: 11  Process: /apatb_accel_in_circle_top/AESL_inst_accel_in_circle_accel_in_circle/grp_in_circle_fu_470/accel_in_circle_fsub_32ns_32ns_32_3_full_dsp_0_U11/accel_in_circle_accel_in_circle_ap_fsub_1_full_dsp_32_u/U0/i_synth/addsub_op/ADDSUB/dsp/OP/dsp48e1_body/ALIGN_ADD/DSP2/DSP/prcs_opmode_drc  File: /opt/Xilinx/Vivado/2019.2/data/vhdl/src/unisims/primitive/DSP48E1.vhd
Warning: OPMODE Input Warning : The OPMODE 0110X0X with CARRYINSEL  000 to DSP48E1 instance is invalid.
Time: 1015 ns  Iteration: 11  Process: /apatb_accel_in_circle_top/AESL_inst_accel_in_circle_accel_in_circle/grp_in_circle_fu_470/accel_in_circle_fsub_32ns_32ns_32_3_full_dsp_0_U12/accel_in_circle_accel_in_circle_ap_fsub_1_full_dsp_32_u/U0/i_synth/addsub_op/ADDSUB/dsp/OP/dsp48e1_body/ALIGN_ADD/DSP2/DSP/prcs_opmode_drc  File: /opt/Xilinx/Vivado/2019.2/data/vhdl/src/unisims/primitive/DSP48E1.vhd
Warning: OPMODE Input Warning : The OPMODE 0110X0X with CARRYINSEL  000 to DSP48E1 instance is invalid.
Time: 1015 ns  Iteration: 11  Process: /apatb_accel_in_circle_top/AESL_inst_accel_in_circle_accel_in_circle/grp_in_circle_fu_470/accel_in_circle_fsub_32ns_32ns_32_3_full_dsp_0_U13/accel_in_circle_accel_in_circle_ap_fsub_1_full_dsp_32_u/U0/i_synth/addsub_op/ADDSUB/dsp/OP/dsp48e1_body/ALIGN_ADD/DSP2/DSP/prcs_opmode_drc  File: /opt/Xilinx/Vivado/2019.2/data/vhdl/src/unisims/primitive/DSP48E1.vhd
Warning: OPMODE Input Warning : The OPMODE 0110X0X with CARRYINSEL  000 to DSP48E1 instance is invalid.
Time: 1015 ns  Iteration: 11  Process: /apatb_accel_in_circle_top/AESL_inst_accel_in_circle_accel_in_circle/grp_in_circle_fu_470/accel_in_circle_fadd_32ns_32ns_32_3_full_dsp_0_U14/accel_in_circle_accel_in_circle_ap_fadd_1_full_dsp_32_u/U0/i_synth/addsub_op/ADDSUB/dsp/OP/dsp48e1_body/ALIGN_ADD/DSP2/DSP/prcs_opmode_drc  File: /opt/Xilinx/Vivado/2019.2/data/vhdl/src/unisims/primitive/DSP48E1.vhd
// RTL Simulation : 1 / 1 [n/a] @ "1495000"
////////////////////////////////////////////////////////////////////////////////////
$finish called at time : 1535 ns : File "/home/users/alberto.giusti/Desktop/backup/variableQuery/fidelta_apint/solution1/sim/verilog/accel_in_circle_accel_in_circle.autotb.v" Line 747
## quit
INFO: [Common 17-206] Exiting xsim at Fri Jun 12 01:42:20 2020...
