Tue Jun  9 18:07:51 2020: Server was asked to start on port: '42682'
Tue Jun  9 18:07:51 2020: Server is using token UUID: '101f326b-2f57-425b-88b0-5afd21377f72'
Tue Jun  9 18:07:51 2020: Attempting to start server on port '42682'
Tue Jun  9 18:07:51 2020: XRC main fifo: created main fifo '/tmp/xrcmain101f326b-2f57-425b-88b0-5afd21377f72', fd read = 11
Tue Jun  9 18:07:51 2020: Running Rule Check Server
Tue Jun  9 18:07:51 2020: Version 1.5.1
Tue Jun  9 18:07:51 2020: Rule Check Server: Accepted socket connection from client
Tue Jun  9 18:07:52 2020: EXCHANGE_TOKEN received, server token: 101f326b-2f57-425b-88b0-5afd21377f72, passed token: 101f326b-2f57-425b-88b0-5afd21377f72
Tue Jun  9 18:25:23 2020: SESSION_MGR: creating session with session uuid: '5bfac311-f044-412a-9c54-2ccb4599c1d6' and name 'Emulation-SW'
Tue Jun  9 18:25:23 2020: SESSION_MGR: closing session for UUID '5bfac311-f044-412a-9c54-2ccb4599c1d6' with name 'Emulation-SW'
Tue Jun  9 18:25:23 2020: SESSION_MGR: creating session with session uuid: '604e4942-1bf1-4359-9b8c-854d55253e15' and name 'Emulation-HW'
Tue Jun  9 18:25:23 2020: SESSION_MGR: closing session for UUID '604e4942-1bf1-4359-9b8c-854d55253e15' with name 'Emulation-HW'
Tue Jun  9 18:25:23 2020: SESSION_MGR: creating session with session uuid: '5a6ede2a-901e-4662-88eb-8242c45ff277' and name 'Hardware'
Tue Jun  9 18:25:23 2020: SESSION_MGR: closing session for UUID '5a6ede2a-901e-4662-88eb-8242c45ff277' with name 'Hardware'
Tue Jun  9 18:25:23 2020: SESSION_MGR: creating session with session uuid: '3582498a-5a35-4f8c-bc72-f7819e407ceb' and name 'Emulation-SW'
Tue Jun  9 18:25:24 2020: SESSION_MGR: closing session for UUID '3582498a-5a35-4f8c-bc72-f7819e407ceb' with name 'Emulation-SW'
Tue Jun  9 18:25:24 2020: SESSION_MGR: creating session with session uuid: 'f1b25e06-99be-42af-9785-6f4f71706f3d' and name 'Emulation-HW'
Tue Jun  9 18:25:24 2020: SESSION_MGR: closing session for UUID 'f1b25e06-99be-42af-9785-6f4f71706f3d' with name 'Emulation-HW'
Tue Jun  9 18:25:24 2020: SESSION_MGR: creating session with session uuid: '9e1c5449-d7a3-4c7c-af5d-191220cdb65a' and name 'Hardware'
Tue Jun  9 18:25:24 2020: SESSION_MGR: closing session for UUID '9e1c5449-d7a3-4c7c-af5d-191220cdb65a' with name 'Hardware'
Tue Jun  9 18:25:24 2020: SESSION_MGR: creating session with session uuid: '3efd4a90-30c9-4797-b026-49dfae09852d' and name 'Emulation-SW'
Tue Jun  9 18:25:24 2020: SESSION_MGR: closing session for UUID '3efd4a90-30c9-4797-b026-49dfae09852d' with name 'Emulation-SW'
Tue Jun  9 18:25:24 2020: SESSION_MGR: creating session with session uuid: 'b6ff6a4b-41dc-41b1-a930-0d64490490af' and name 'Emulation-HW'
Tue Jun  9 18:25:24 2020: SESSION_MGR: closing session for UUID 'b6ff6a4b-41dc-41b1-a930-0d64490490af' with name 'Emulation-HW'
Tue Jun  9 18:25:24 2020: SESSION_MGR: creating session with session uuid: '9e8b4a17-b9fc-458a-b791-c6d6c9616f99' and name 'Hardware'
Tue Jun  9 18:25:24 2020: SESSION_MGR: closing session for UUID '9e8b4a17-b9fc-458a-b791-c6d6c9616f99' with name 'Hardware'
Tue Jun  9 18:26:42 2020: SESSION_MGR: creating session with session uuid: '4d265f5f-de52-4a78-8c99-de8b1ea722f5' and name 'Emulation-HW'
Tue Jun  9 18:26:42 2020: SESSION_MGR: closing session for UUID '4d265f5f-de52-4a78-8c99-de8b1ea722f5' with name 'Emulation-HW'
Tue Jun  9 18:26:42 2020: SESSION_MGR: creating session with session uuid: '81ccb142-19f0-4bf6-a051-eb5e7c45b0ce' and name 'Emulation-HW'
Tue Jun  9 18:26:47 2020: SESSION_MGR: closing session for UUID '81ccb142-19f0-4bf6-a051-eb5e7c45b0ce' with name 'Emulation-HW'
Tue Jun  9 19:04:44 2020: STOP_SERVER received, server token: 101f326b-2f57-425b-88b0-5afd21377f72, passed token: 101f326b-2f57-425b-88b0-5afd21377f72
Tue Jun  9 19:04:44 2020: Socket received request to stop server.
Tue Jun  9 19:04:44 2020: SERVER: destructor for server bound to port 42682
Tue Jun  9 19:04:44 2020: XRC main fifo: Good unlink of /tmp/xrcmain101f326b-2f57-425b-88b0-5afd21377f72
Tue Jun  9 19:04:44 2020: Server exiting with status 0.
Tue Jun  9 19:04:44 2020: Closing log file.
