#-----------------------------------------------------------
# Vivado v2019.2 (64-bit)
# SW Build 2708876 on Wed Nov  6 21:39:14 MST 2019
# IP Build 2700528 on Thu Nov  7 00:09:20 MST 2019
# Start of session at: Fri Jun 12 01:39:56 2020
# Process ID: 27047
# Current directory: /home/users/alberto.giusti/Desktop/backup/variableQuery/fidelta_apint/solution1/.autopilot/db/ip_tmp
# Command line: vivado  -notrace -mode batch -source run_vivado_gen_ip.tcl
# Log file: /home/users/alberto.giusti/Desktop/backup/variableQuery/fidelta_apint/solution1/.autopilot/db/ip_tmp/vivado.log
# Journal file: /home/users/alberto.giusti/Desktop/backup/variableQuery/fidelta_apint/solution1/.autopilot/db/ip_tmp/vivado.jou
#-----------------------------------------------------------
source run_vivado_gen_ip.tcl -notrace
create_project: Time (s): cpu = 00:00:05 ; elapsed = 00:00:05 . Memory (MB): peak = 1603.766 ; gain = 60.020 ; free physical = 314027 ; free virtual = 332467
INFO: [IP_Flow 19-234] Refreshing IP repositories
INFO: [IP_Flow 19-1704] No user IP repositories specified
INFO: [IP_Flow 19-2313] Loaded Vivado IP repository '/opt/Xilinx/Vivado/2019.2/data/ip'.
WARNING: [IP_Flow 19-4832] The IP name 'accel_in_circle_accel_in_circle_ap_fsub_1_full_dsp_32' you have specified is long. The Windows operating system has path length limitations. It is recommended you use shorter names to reduce the likelihood of issues.
create_ip: Time (s): cpu = 00:00:05 ; elapsed = 00:00:15 . Memory (MB): peak = 1696.941 ; gain = 93.176 ; free physical = 313994 ; free virtual = 332435
INFO: [IP_Flow 19-1686] Generating 'Synthesis' target for IP 'accel_in_circle_accel_in_circle_ap_fsub_1_full_dsp_32'...
INFO: [IP_Flow 19-1686] Generating 'Simulation' target for IP 'accel_in_circle_accel_in_circle_ap_fsub_1_full_dsp_32'...
WARNING: [IP_Flow 19-4832] The IP name 'accel_in_circle_accel_in_circle_ap_fadd_1_full_dsp_32' you have specified is long. The Windows operating system has path length limitations. It is recommended you use shorter names to reduce the likelihood of issues.
INFO: [IP_Flow 19-1686] Generating 'Synthesis' target for IP 'accel_in_circle_accel_in_circle_ap_fadd_1_full_dsp_32'...
INFO: [IP_Flow 19-1686] Generating 'Simulation' target for IP 'accel_in_circle_accel_in_circle_ap_fadd_1_full_dsp_32'...
WARNING: [IP_Flow 19-4832] The IP name 'accel_in_circle_accel_in_circle_ap_fmul_0_max_dsp_32' you have specified is long. The Windows operating system has path length limitations. It is recommended you use shorter names to reduce the likelihood of issues.
INFO: [IP_Flow 19-1686] Generating 'Synthesis' target for IP 'accel_in_circle_accel_in_circle_ap_fmul_0_max_dsp_32'...
INFO: [IP_Flow 19-1686] Generating 'Simulation' target for IP 'accel_in_circle_accel_in_circle_ap_fmul_0_max_dsp_32'...
WARNING: [IP_Flow 19-4832] The IP name 'accel_in_circle_accel_in_circle_ap_fcmp_0_no_dsp_32' you have specified is long. The Windows operating system has path length limitations. It is recommended you use shorter names to reduce the likelihood of issues.
INFO: [IP_Flow 19-1686] Generating 'Synthesis' target for IP 'accel_in_circle_accel_in_circle_ap_fcmp_0_no_dsp_32'...
INFO: [IP_Flow 19-1686] Generating 'Simulation' target for IP 'accel_in_circle_accel_in_circle_ap_fcmp_0_no_dsp_32'...
INFO: [Common 17-206] Exiting Vivado at Fri Jun 12 01:40:43 2020...
