INFO: [SIM 2] *************** CSIM start ***************
INFO: [SIM 4] CSIM will launch GCC as the compiler.
   Compiling ../../../../bench.cpp in debug mode
   Compiling ../../../../incircle.cpp in debug mode
   Generating csim.exe
1.77 -2.01 3.99 3.71 -1.75 -0.57 
0.86 -4.03 
1.00 -3.47 
-1.85 -1.79 
-1.69 0.26 
3.65 2.20 
-3.22 2.46 
0.70 2.36 
0.04 4.63 
2.88 0.04 
2.49 3.84 
4.61 -1.08 
-2.43 -2.70 
-2.87 4.34 
0.30 -3.88 
3.06 3.55 
4.07 2.44 
0.86 -4.03  -> -1
1.00 -3.47  -> -1
-1.85 -1.79  -> -1
-1.69 0.26  -> 3
3.65 2.20  -> 4
-3.22 2.46  -> -1
0.70 2.36  -> 6
0.04 4.63  -> 7
2.88 0.04  -> 8
2.49 3.84  -> 9
4.61 -1.08  -> -1
-2.43 -2.70  -> -1
-2.87 4.34  -> -1
0.30 -3.88  -> -1
3.06 3.55  -> 14
4.07 2.44  -> 15
0.86 -4.03  -> -1
1.00 -3.47  -> -1
-1.85 -1.79  -> -1
-1.69 0.26  -> 3
3.65 2.20  -> 4
-3.22 2.46  -> -1
0.70 2.36  -> 6
0.04 4.63  -> 7
2.88 0.04  -> 8
2.49 3.84  -> 9
4.61 -1.08  -> -1
-2.43 -2.70  -> -1
-2.87 4.34  -> -1
0.30 -3.88  -> -1
3.06 3.55  -> 14
4.07 2.44  -> 15
-1 -1
-1 -1
-1 -1
 3  3
 4  4
-1 -1
 6  6
 7  7
 8  8
 9  9
-1 -1
-1 -1
-1 -1
-1 -1
14 14
15 15
INFO: [SIM 1] CSim done with 0 errors.
INFO: [SIM 3] *************** CSIM finish ***************
