#-----------------------------------------------------------
# Webtalk v2019.2 (64-bit)
# SW Build 2708876 on Wed Nov  6 21:39:14 MST 2019
# 
# Start of session at: Sat Jun 27 14:22:18 2020
# Process ID: 10893
# Current directory: /home/users/alberto.giusti/Desktop/FIDELTA/parallel/xilinx/webtalk
# Command line: wbtcv -mode batch -source vitis_webtalk.tcl
# Log file: /home/users/alberto.giusti/Desktop/FIDELTA/parallel/xilinx/webtalk/webtalk.log
# Journal file: /home/users/alberto.giusti/Desktop/FIDELTA/parallel/xilinx/webtalk/webtalk.jou
#-----------------------------------------------------------
source vitis_webtalk.tcl
# webtalk_init -webtalk_dir /home/users/alberto.giusti/Desktop/FIDELTA/parallel/xilinx/webtalk
# webtalk_register_client -client project
# webtalk_add_data -client project -key date_generated -value "2020-06-27 14:22:17" -context "software_version_and_target_device"
# webtalk_add_data -client project -key product_version -value "Vitis v2019.2" -context "software_version_and_target_device"
# webtalk_add_data -client project -key build_version -value "2019.2" -context "software_version_and_target_device"
# webtalk_add_data -client project -key os_platform -value "amd64" -context "software_version_and_target_device"
# webtalk_add_data -client project -key registration_id -value "NA" -context "software_version_and_target_device"
# webtalk_add_data -client project -key tool_flow -value "Vitis" -context "software_version_and_target_device"
# webtalk_add_data -client project -key beta -value "false" -context "software_version_and_target_device"
# webtalk_add_data -client project -key route_design -value "NA" -context "software_version_and_target_device"
# webtalk_add_data -client project -key target_family -value "NA" -context "software_version_and_target_device"
# webtalk_add_data -client project -key target_device -value "NA" -context "software_version_and_target_device"
# webtalk_add_data -client project -key target_package -value "NA" -context "software_version_and_target_device"
# webtalk_add_data -client project -key target_speed -value "NA" -context "software_version_and_target_device"
# webtalk_add_data -client project -key random_id -value "c48jbu5olfrvenh9nrqmpklmmt" -context "software_version_and_target_device"
# webtalk_add_data -client project -key project_id -value "2019.2_9" -context "software_version_and_target_device"
# webtalk_add_data -client project -key project_iteration -value "9" -context "software_version_and_target_device"
# webtalk_add_data -client project -key os_name -value "CentOS" -context "user_environment"
# webtalk_add_data -client project -key os_release -value "CentOS Linux release 7.7.1908 (Core)" -context "user_environment"
# webtalk_add_data -client project -key cpu_name -value "Intel(R) Xeon(R) CPU E5-2680 v2 @ 2.80GHz" -context "user_environment"
# webtalk_add_data -client project -key cpu_speed -value "3237.158 MHz" -context "user_environment"
# webtalk_add_data -client project -key total_processors -value "2" -context "user_environment"
# webtalk_add_data -client project -key system_ram -value "405.541 GB" -context "user_environment"
# webtalk_register_client -client vitis
# webtalk_add_data -client vitis -key uid -value "NA" -context "vitis\\\\tool/1593260537233"
# webtalk_add_data -client vitis -key RecordType -value "ToolUsage" -context "vitis\\\\tool/1593260537233"
# webtalk_add_data -client vitis -key BOOTGEN_count -value "0" -context "vitis\\\\tool/1593260537233"
# webtalk_add_data -client vitis -key FLASH_count -value "0" -context "vitis\\\\tool/1593260537233"
# webtalk_add_data -client vitis -key MOVE_APP_TO_SYSTEM_count -value "0" -context "vitis\\\\tool/1593260537233"
# webtalk_add_data -client vitis -key SDX_EXPORT_count -value "0" -context "vitis\\\\tool/1593260537233"
# webtalk_add_data -client vitis -key SDX_IMPORT_count -value "0" -context "vitis\\\\tool/1593260537233"
# webtalk_add_data -client vitis -key SDX_BUILD_count -value "6" -context "vitis\\\\tool/1593260537233"
# webtalk_add_data -client vitis -key SDX_NO_OP_BUILD_count -value "29" -context "vitis\\\\tool/1593260537233"
# webtalk_add_data -client vitis -key TCF_APP_DEBUG_count -value "0" -context "vitis\\\\tool/1593260537233"
# webtalk_add_data -client vitis -key TCF_SYSTEM_DEBUG_count -value "0" -context "vitis\\\\tool/1593260537233"
# webtalk_add_data -client vitis -key GDB_DEBUG_count -value "0" -context "vitis\\\\tool/1593260537233"
# webtalk_add_data -client vitis -key QEMU_DEBUG_count -value "0" -context "vitis\\\\tool/1593260537233"
# webtalk_add_data -client vitis -key ESTIMATION_DEBUG_count -value "0" -context "vitis\\\\tool/1593260537233"
# webtalk_add_data -client vitis -key SDSOC_TRACE_count -value "0" -context "vitis\\\\tool/1593260537233"
# webtalk_add_data -client vitis -key PERFORMANCE_ANALYSIS_count -value "0" -context "vitis\\\\tool/1593260537233"
# webtalk_add_data -client vitis -key SPM_ANALYSIS_count -value "0" -context "vitis\\\\tool/1593260537233"
# webtalk_add_data -client vitis -key CROSS_TRIGGER_count -value "0" -context "vitis\\\\tool/1593260537233"
# webtalk_add_data -client vitis -key TCF_PROFILER_count -value "0" -context "vitis\\\\tool/1593260537233"
# webtalk_add_data -client vitis -key APPLICATION_PLATFORM_CHANGE_count -value "0" -context "vitis\\\\tool/1593260537233"
# webtalk_add_data -client vitis -key APPLICATION_SYS_CONFIG_CHANGE_count -value "0" -context "vitis\\\\tool/1593260537233"
# webtalk_add_data -client vitis -key SYSTEM_PLATFORM_CHANGE_count -value "0" -context "vitis\\\\tool/1593260537233"
# webtalk_transmit -clientid 3445257148 -regid "" -xml /home/users/alberto.giusti/Desktop/FIDELTA/parallel/xilinx/webtalk/usage_statistics_ext_vitis.xml -html /home/users/alberto.giusti/Desktop/FIDELTA/parallel/xilinx/webtalk/usage_statistics_ext_vitis.html -wdm /home/users/alberto.giusti/Desktop/FIDELTA/parallel/xilinx/webtalk/vitis_webtalk.wdm -intro "<H3>Vitis Usage Report</H3><BR>"
INFO: [Common 17-186] '/home/users/alberto.giusti/Desktop/FIDELTA/parallel/xilinx/webtalk/usage_statistics_ext_vitis.xml' has been successfully sent to Xilinx on Sat Jun 27 14:22:21 2020. For additional details about this file, please refer to the WebTalk help file at /opt/Xilinx/Vitis/2019.2/doc/webtalk_introduction.html.
# webtalk_terminate
INFO: [Common 17-206] Exiting Webtalk at Sat Jun 27 14:22:21 2020...
