1.77 -2.01 3.99 3.71 -1.75 -0.57 
0.86 -4.03 
1.00 -3.47 
-1.85 -1.79 
-1.69 0.26 
3.65 2.20 
-3.22 2.46 
0.70 2.36 
0.04 4.63 
2.88 0.04 
2.49 3.84 
4.61 -1.08 
-2.43 -2.70 
-2.87 4.34 
0.30 -3.88 
3.06 3.55 
4.07 2.44 
0.86 -4.03  -> -1
1.00 -3.47  -> -1
-1.85 -1.79  -> -1
-1.69 0.26  -> 3
3.65 2.20  -> 4
-3.22 2.46  -> -1
0.70 2.36  -> 6
0.04 4.63  -> 7
2.88 0.04  -> 8
2.49 3.84  -> 9
4.61 -1.08  -> -1
-2.43 -2.70  -> -1
-2.87 4.34  -> -1
0.30 -3.88  -> -1
3.06 3.55  -> 14
4.07 2.44  -> 15
-1 -1
-1 -1
-1 -1
 3  3
 4  4
-1 -1
 6  6
 7  7
 8  8
 9  9
-1 -1
-1 -1
-1 -1
-1 -1
14 14
15 15
INFO: [XSIM 43-3496] Using init file passed via -initfile option "/opt/Xilinx/Vivado/2019.2/data/xsim/ip/xsim_ip.ini".
Vivado Simulator 2019.2
Copyright 1986-1999, 2001-2019 Xilinx, Inc. All Rights Reserved.
Running: /opt/Xilinx/Vivado/2019.2/bin/unwrapped/lnx64.o/xelab xil_defaultlib.apatb_accel_in_circle_top glbl -prj accel_in_circle.prj -L smartconnect_v1_0 -L axi_protocol_checker_v1_1_12 -L axi_protocol_checker_v1_1_13 -L axis_protocol_checker_v1_1_11 -L axis_protocol_checker_v1_1_12 -L xil_defaultlib -L unisims_ver -L xpm --initfile /opt/Xilinx/Vivado/2019.2/data/xsim/ip/xsim_ip.ini --lib ieee_proposed=./ieee_proposed -s accel_in_circle 
Multi-threading is on. Using 38 slave threads.
Determining compilation order of HDL files.
INFO: [VRFC 10-2263] Analyzing SystemVerilog file "/home/users/alberto.giusti/Desktop/backup/variableQuery/fidelta_apint/solution1/sim/verilog/glbl.v" into library work
INFO: [VRFC 10-311] analyzing module glbl
INFO: [VRFC 10-2263] Analyzing SystemVerilog file "/home/users/alberto.giusti/Desktop/backup/variableQuery/fidelta_apint/solution1/sim/verilog/accel_in_circle_accel_in_circle.autotb.v" into library xil_defaultlib
INFO: [VRFC 10-311] analyzing module apatb_accel_in_circle_top
INFO: [VRFC 10-2263] Analyzing SystemVerilog file "/home/users/alberto.giusti/Desktop/backup/variableQuery/fidelta_apint/solution1/sim/verilog/AESL_axi_master_gmem1.v" into library xil_defaultlib
INFO: [VRFC 10-311] analyzing module AESL_axi_master_gmem1
INFO: [VRFC 10-2263] Analyzing SystemVerilog file "/home/users/alberto.giusti/Desktop/backup/variableQuery/fidelta_apint/solution1/sim/verilog/AESL_axi_master_gmem0.v" into library xil_defaultlib
INFO: [VRFC 10-311] analyzing module AESL_axi_master_gmem0
INFO: [VRFC 10-2263] Analyzing SystemVerilog file "/home/users/alberto.giusti/Desktop/backup/variableQuery/fidelta_apint/solution1/sim/verilog/AESL_axi_master_gmem2.v" into library xil_defaultlib
INFO: [VRFC 10-311] analyzing module AESL_axi_master_gmem2
INFO: [VRFC 10-2263] Analyzing SystemVerilog file "/home/users/alberto.giusti/Desktop/backup/variableQuery/fidelta_apint/solution1/sim/verilog/AESL_axi_slave_control.v" into library xil_defaultlib
INFO: [VRFC 10-311] analyzing module AESL_axi_slave_control
INFO: [VRFC 10-2263] Analyzing SystemVerilog file "/home/users/alberto.giusti/Desktop/backup/variableQuery/fidelta_apint/solution1/sim/verilog/accel_in_circle_in_circle.v" into library xil_defaultlib
INFO: [VRFC 10-311] analyzing module accel_in_circle_in_circle
INFO: [VRFC 10-2263] Analyzing SystemVerilog file "/home/users/alberto.giusti/Desktop/backup/variableQuery/fidelta_apint/solution1/sim/verilog/accel_in_circle_accel_in_circle.v" into library xil_defaultlib
INFO: [VRFC 10-311] analyzing module accel_in_circle_accel_in_circle
INFO: [VRFC 10-2263] Analyzing SystemVerilog file "/home/users/alberto.giusti/Desktop/backup/variableQuery/fidelta_apint/solution1/sim/verilog/accel_in_circle_accel_in_circle_fsub_32ns_32ns_32_3_full_dsp_0.v" into library xil_defaultlib
INFO: [VRFC 10-311] analyzing module accel_in_circle_accel_in_circle_fsub_32ns_32ns_32_3_full_dsp_0
INFO: [VRFC 10-2263] Analyzing SystemVerilog file "/home/users/alberto.giusti/Desktop/backup/variableQuery/fidelta_apint/solution1/sim/verilog/accel_in_circle_accel_in_circle_fadd_32ns_32ns_32_3_full_dsp_0.v" into library xil_defaultlib
INFO: [VRFC 10-311] analyzing module accel_in_circle_accel_in_circle_fadd_32ns_32ns_32_3_full_dsp_0
INFO: [VRFC 10-2263] Analyzing SystemVerilog file "/home/users/alberto.giusti/Desktop/backup/variableQuery/fidelta_apint/solution1/sim/verilog/accel_in_circle_accel_in_circle_fmul_32ns_32ns_32_2_max_dsp_0.v" into library xil_defaultlib
INFO: [VRFC 10-311] analyzing module accel_in_circle_accel_in_circle_fmul_32ns_32ns_32_2_max_dsp_0
INFO: [VRFC 10-2263] Analyzing SystemVerilog file "/home/users/alberto.giusti/Desktop/backup/variableQuery/fidelta_apint/solution1/sim/verilog/accel_in_circle_accel_in_circle_fcmp_32ns_32ns_1_1_0.v" into library xil_defaultlib
INFO: [VRFC 10-311] analyzing module accel_in_circle_accel_in_circle_fcmp_32ns_32ns_1_1_0
INFO: [VRFC 10-2263] Analyzing SystemVerilog file "/home/users/alberto.giusti/Desktop/backup/variableQuery/fidelta_apint/solution1/sim/verilog/accel_in_circle_accel_in_circle_control_s_axi.v" into library xil_defaultlib
INFO: [VRFC 10-311] analyzing module accel_in_circle_accel_in_circle_control_s_axi
INFO: [VRFC 10-2263] Analyzing SystemVerilog file "/home/users/alberto.giusti/Desktop/backup/variableQuery/fidelta_apint/solution1/sim/verilog/accel_in_circle_accel_in_circle_gmem1_m_axi.v" into library xil_defaultlib
INFO: [VRFC 10-311] analyzing module accel_in_circle_accel_in_circle_gmem1_m_axi
INFO: [VRFC 10-311] analyzing module accel_in_circle_accel_in_circle_gmem1_m_axi_reg_slice
INFO: [VRFC 10-311] analyzing module accel_in_circle_accel_in_circle_gmem1_m_axi_fifo
INFO: [VRFC 10-311] analyzing module accel_in_circle_accel_in_circle_gmem1_m_axi_buffer
INFO: [VRFC 10-311] analyzing module accel_in_circle_accel_in_circle_gmem1_m_axi_decoder
INFO: [VRFC 10-311] analyzing module accel_in_circle_accel_in_circle_gmem1_m_axi_throttl
INFO: [VRFC 10-311] analyzing module accel_in_circle_accel_in_circle_gmem1_m_axi_read
INFO: [VRFC 10-311] analyzing module accel_in_circle_accel_in_circle_gmem1_m_axi_write
INFO: [VRFC 10-2263] Analyzing SystemVerilog file "/home/users/alberto.giusti/Desktop/backup/variableQuery/fidelta_apint/solution1/sim/verilog/accel_in_circle_accel_in_circle_gmem0_m_axi.v" into library xil_defaultlib
INFO: [VRFC 10-311] analyzing module accel_in_circle_accel_in_circle_gmem0_m_axi
INFO: [VRFC 10-311] analyzing module accel_in_circle_accel_in_circle_gmem0_m_axi_reg_slice
INFO: [VRFC 10-311] analyzing module accel_in_circle_accel_in_circle_gmem0_m_axi_fifo
INFO: [VRFC 10-311] analyzing module accel_in_circle_accel_in_circle_gmem0_m_axi_buffer
INFO: [VRFC 10-311] analyzing module accel_in_circle_accel_in_circle_gmem0_m_axi_decoder
INFO: [VRFC 10-311] analyzing module accel_in_circle_accel_in_circle_gmem0_m_axi_throttl
INFO: [VRFC 10-311] analyzing module accel_in_circle_accel_in_circle_gmem0_m_axi_read
INFO: [VRFC 10-311] analyzing module accel_in_circle_accel_in_circle_gmem0_m_axi_write
INFO: [VRFC 10-2263] Analyzing SystemVerilog file "/home/users/alberto.giusti/Desktop/backup/variableQuery/fidelta_apint/solution1/sim/verilog/accel_in_circle_accel_in_circle_gmem2_m_axi.v" into library xil_defaultlib
INFO: [VRFC 10-311] analyzing module accel_in_circle_accel_in_circle_gmem2_m_axi
INFO: [VRFC 10-311] analyzing module accel_in_circle_accel_in_circle_gmem2_m_axi_reg_slice
INFO: [VRFC 10-311] analyzing module accel_in_circle_accel_in_circle_gmem2_m_axi_fifo
INFO: [VRFC 10-311] analyzing module accel_in_circle_accel_in_circle_gmem2_m_axi_buffer
INFO: [VRFC 10-311] analyzing module accel_in_circle_accel_in_circle_gmem2_m_axi_decoder
INFO: [VRFC 10-311] analyzing module accel_in_circle_accel_in_circle_gmem2_m_axi_throttl
INFO: [VRFC 10-311] analyzing module accel_in_circle_accel_in_circle_gmem2_m_axi_read
INFO: [VRFC 10-311] analyzing module accel_in_circle_accel_in_circle_gmem2_m_axi_write
INFO: [VRFC 10-163] Analyzing VHDL file "/home/users/alberto.giusti/Desktop/backup/variableQuery/fidelta_apint/solution1/sim/verilog/ip/xil_defaultlib/accel_in_circle_accel_in_circle_ap_fsub_1_full_dsp_32.vhd" into library xil_defaultlib
INFO: [VRFC 10-3107] analyzing entity 'accel_in_circle_accel_in_circle_ap_fsub_1_full_dsp_32'
INFO: [VRFC 10-163] Analyzing VHDL file "/home/users/alberto.giusti/Desktop/backup/variableQuery/fidelta_apint/solution1/sim/verilog/ip/xil_defaultlib/accel_in_circle_accel_in_circle_ap_fadd_1_full_dsp_32.vhd" into library xil_defaultlib
INFO: [VRFC 10-3107] analyzing entity 'accel_in_circle_accel_in_circle_ap_fadd_1_full_dsp_32'
INFO: [VRFC 10-163] Analyzing VHDL file "/home/users/alberto.giusti/Desktop/backup/variableQuery/fidelta_apint/solution1/sim/verilog/ip/xil_defaultlib/accel_in_circle_accel_in_circle_ap_fmul_0_max_dsp_32.vhd" into library xil_defaultlib
INFO: [VRFC 10-3107] analyzing entity 'accel_in_circle_accel_in_circle_ap_fmul_0_max_dsp_32'
INFO: [VRFC 10-163] Analyzing VHDL file "/home/users/alberto.giusti/Desktop/backup/variableQuery/fidelta_apint/solution1/sim/verilog/ip/xil_defaultlib/accel_in_circle_accel_in_circle_ap_fcmp_0_no_dsp_32.vhd" into library xil_defaultlib
INFO: [VRFC 10-3107] analyzing entity 'accel_in_circle_accel_in_circle_ap_fcmp_0_no_dsp_32'
Starting static elaboration
Pass Through NonSizing Optimizer
WARNING: [VRFC 10-3499] library name 'floating_point_v7_1_9' of instantiated unit conflicts with visible identifier [ip/xil_defaultlib/accel_in_circle_accel_in_circle_ap_fsub_1_full_dsp_32.vhd:201]
WARNING: [VRFC 10-3499] library name 'floating_point_v7_1_9' of instantiated unit conflicts with visible identifier [ip/xil_defaultlib/accel_in_circle_accel_in_circle_ap_fadd_1_full_dsp_32.vhd:201]
WARNING: [VRFC 10-3499] library name 'floating_point_v7_1_9' of instantiated unit conflicts with visible identifier [ip/xil_defaultlib/accel_in_circle_accel_in_circle_ap_fmul_0_max_dsp_32.vhd:195]
WARNING: [VRFC 10-3499] library name 'floating_point_v7_1_9' of instantiated unit conflicts with visible identifier [ip/xil_defaultlib/accel_in_circle_accel_in_circle_ap_fcmp_0_no_dsp_32.vhd:200]
Completed static elaboration
Starting simulation data flow analysis
Completed simulation data flow analysis
Time Resolution for simulation is 1ps
Compiling package std.standard
Compiling package std.textio
Compiling package ieee.std_logic_1164
Compiling package ieee.numeric_std
Compiling package floating_point_v7_1_9.floating_point_v7_1_9_viv_comp
Compiling package xbip_utils_v3_0_10.xbip_utils_v3_0_10_pkg
Compiling package axi_utils_v2_0_6.axi_utils_v2_0_6_pkg
Compiling package floating_point_v7_1_9.floating_point_v7_1_9_consts
Compiling package ieee.math_real
Compiling package floating_point_v7_1_9.floating_point_v7_1_9_exp_table_...
Compiling package mult_gen_v12_0_16.mult_gen_v12_0_16_pkg
Compiling package ieee.std_logic_arith
Compiling package ieee.std_logic_signed
Compiling package floating_point_v7_1_9.floating_point_v7_1_9_pkg
Compiling package floating_point_v7_1_9.flt_utils
Compiling package xbip_pipe_v3_0_6.xbip_pipe_v3_0_6_viv_comp
Compiling package unisim.vcomponents
Compiling package ieee.vital_timing
Compiling package ieee.vital_primitives
Compiling package unisim.vpkg
Compiling module xil_defaultlib.accel_in_circle_accel_in_circle_...
Compiling module xil_defaultlib.accel_in_circle_accel_in_circle_...
Compiling module xil_defaultlib.accel_in_circle_accel_in_circle_...
Compiling module xil_defaultlib.accel_in_circle_accel_in_circle_...
Compiling module xil_defaultlib.accel_in_circle_accel_in_circle_...
Compiling module xil_defaultlib.accel_in_circle_accel_in_circle_...
Compiling module xil_defaultlib.accel_in_circle_accel_in_circle_...
Compiling module xil_defaultlib.accel_in_circle_accel_in_circle_...
Compiling module xil_defaultlib.accel_in_circle_accel_in_circle_...
Compiling module xil_defaultlib.accel_in_circle_accel_in_circle_...
Compiling module xil_defaultlib.accel_in_circle_accel_in_circle_...
Compiling module xil_defaultlib.accel_in_circle_accel_in_circle_...
Compiling module xil_defaultlib.accel_in_circle_accel_in_circle_...
Compiling module xil_defaultlib.accel_in_circle_accel_in_circle_...
Compiling module xil_defaultlib.accel_in_circle_accel_in_circle_...
Compiling module xil_defaultlib.accel_in_circle_accel_in_circle_...
Compiling module xil_defaultlib.accel_in_circle_accel_in_circle_...
Compiling module xil_defaultlib.accel_in_circle_accel_in_circle_...
Compiling module xil_defaultlib.accel_in_circle_accel_in_circle_...
Compiling module xil_defaultlib.accel_in_circle_accel_in_circle_...
Compiling module xil_defaultlib.accel_in_circle_accel_in_circle_...
Compiling module xil_defaultlib.accel_in_circle_accel_in_circle_...
Compiling module xil_defaultlib.accel_in_circle_accel_in_circle_...
Compiling module xil_defaultlib.accel_in_circle_accel_in_circle_...
Compiling module xil_defaultlib.accel_in_circle_accel_in_circle_...
Compiling module xil_defaultlib.accel_in_circle_accel_in_circle_...
Compiling module xil_defaultlib.accel_in_circle_accel_in_circle_...
Compiling module xil_defaultlib.accel_in_circle_accel_in_circle_...
Compiling module xil_defaultlib.accel_in_circle_accel_in_circle_...
Compiling module xil_defaultlib.accel_in_circle_accel_in_circle_...
Compiling module xil_defaultlib.accel_in_circle_accel_in_circle_...
Compiling module xil_defaultlib.accel_in_circle_accel_in_circle_...
Compiling module xil_defaultlib.accel_in_circle_accel_in_circle_...
Compiling module xil_defaultlib.accel_in_circle_accel_in_circle_...
Compiling module xil_defaultlib.accel_in_circle_accel_in_circle_...
Compiling module xil_defaultlib.accel_in_circle_accel_in_circle_...
Compiling module xil_defaultlib.accel_in_circle_accel_in_circle_...
Compiling architecture muxcy_v of entity unisim.MUXCY [muxcy_default]
Compiling architecture synth of entity xbip_pipe_v3_0_6.xbip_pipe_v3_0_6_viv [\xbip_pipe_v3_0_6_viv(c_has_ce=1...]
Compiling architecture rtl of entity floating_point_v7_1_9.delay [\delay(width=7,length=0)\]
Compiling architecture struct of entity floating_point_v7_1_9.carry_chain [\carry_chain(c_xdevicefamily="vi...]
Compiling architecture synth of entity floating_point_v7_1_9.compare_eq_im [\compare_eq_im(c_xdevicefamily="...]
Compiling architecture xorcy_v of entity unisim.XORCY [xorcy_default]
Compiling architecture struct of entity floating_point_v7_1_9.carry_chain [\carry_chain(c_xdevicefamily="vi...]
Compiling architecture synth of entity xbip_pipe_v3_0_6.xbip_pipe_v3_0_6_viv [\xbip_pipe_v3_0_6_viv(c_has_ce=1...]
Compiling architecture rtl of entity floating_point_v7_1_9.delay [\delay(length=0)\]
Compiling architecture synth of entity xbip_pipe_v3_0_6.xbip_pipe_v3_0_6_viv [\xbip_pipe_v3_0_6_viv(c_has_ce=1...]
Compiling architecture rtl of entity floating_point_v7_1_9.delay [\delay(width=24,length=0,fast_in...]
Compiling architecture synth of entity xbip_pipe_v3_0_6.xbip_pipe_v3_0_6_viv [\xbip_pipe_v3_0_6_viv(c_has_ce=1...]
Compiling architecture rtl of entity floating_point_v7_1_9.delay [\delay(width=16,length=0)\]
Compiling architecture synth of entity xbip_pipe_v3_0_6.xbip_pipe_v3_0_6_viv [\xbip_pipe_v3_0_6_viv(c_has_ce=1...]
Compiling architecture rtl of entity floating_point_v7_1_9.delay [\delay(width=4,length=0)\]
Compiling architecture synth of entity xbip_pipe_v3_0_6.xbip_pipe_v3_0_6_viv [\xbip_pipe_v3_0_6_viv(c_has_ce=1...]
Compiling architecture rtl of entity floating_point_v7_1_9.delay [\delay(width=48,length=0)\]
Compiling architecture synth of entity xbip_pipe_v3_0_6.xbip_pipe_v3_0_6_viv [\xbip_pipe_v3_0_6_viv(c_has_ce=1...]
Compiling architecture rtl of entity floating_point_v7_1_9.delay [\delay(width=24,length=0)\]
Compiling architecture dsp48e1_v of entity unisim.DSP48E1 [\DSP48E1(acascreg=0,adreg=0,alum...]
Compiling architecture rtl of entity floating_point_v7_1_9.dsp48e1_wrapper [\dsp48e1_wrapper(a_width=24,c_wi...]
Compiling architecture synth of entity xbip_pipe_v3_0_6.xbip_pipe_v3_0_6_viv [\xbip_pipe_v3_0_6_viv(c_has_ce=1...]
Compiling architecture rtl of entity floating_point_v7_1_9.delay [\delay(width=13,length=0)\]
Compiling architecture synth of entity xbip_pipe_v3_0_6.xbip_pipe_v3_0_6_viv [\xbip_pipe_v3_0_6_viv(c_has_ce=1...]
Compiling architecture rtl of entity floating_point_v7_1_9.delay [\delay(width=27,length=0)\]
Compiling architecture synth of entity floating_point_v7_1_9.align_add_dsp48e1_sgl [\align_add_dsp48e1_sgl(c_xdevice...]
Compiling architecture lut5_v of entity unisim.LUT5 [\LUT5(init="00000000000000001111...]
Compiling architecture lut5_v of entity unisim.LUT5 [\LUT5(init="00000000000000000000...]
Compiling architecture synth of entity xbip_pipe_v3_0_6.xbip_pipe_v3_0_6_viv [\xbip_pipe_v3_0_6_viv(c_has_ce=1...]
Compiling architecture rtl of entity floating_point_v7_1_9.delay [\delay(width=5,length=0)\]
Compiling architecture rtl of entity floating_point_v7_1_9.lead_zero_encode_shift [\lead_zero_encode_shift(ab_fw=24...]
Compiling architecture synth of entity xbip_pipe_v3_0_6.xbip_pipe_v3_0_6_viv [\xbip_pipe_v3_0_6_viv(c_has_ce=1...]
Compiling architecture rtl of entity floating_point_v7_1_9.delay [\delay(width=3,length=0)\]
Compiling architecture lut6_v of entity unisim.LUT6 [\LUT6(init="11111110010101001011...]
Compiling architecture lut5_v of entity unisim.LUT5 [\LUT5(init="00010001010111110000...]
Compiling architecture lut5_v of entity unisim.LUT5 [\LUT5(init="11101110101000001111...]
Compiling architecture synth of entity xbip_pipe_v3_0_6.xbip_pipe_v3_0_6_viv [\xbip_pipe_v3_0_6_viv(c_has_ce=1...]
Compiling architecture rtl of entity floating_point_v7_1_9.delay [\delay(width=2,length=0)\]
Compiling architecture synth of entity xbip_pipe_v3_0_6.xbip_pipe_v3_0_6_viv [\xbip_pipe_v3_0_6_viv(c_has_ce=1...]
Compiling architecture rtl of entity floating_point_v7_1_9.delay [\delay(width=25,length=0)\]
Compiling architecture dsp48e1_v of entity unisim.DSP48E1 [\DSP48E1(acascreg=0,adreg=0,alum...]
Compiling architecture rtl of entity floating_point_v7_1_9.dsp48e1_wrapper [\dsp48e1_wrapper(a_width=24,c_wi...]
Compiling architecture rtl of entity floating_point_v7_1_9.norm_and_round_dsp48e1_sgl [\norm_and_round_dsp48e1_sgl(c_mu...]
Compiling architecture lut5_v of entity unisim.LUT5 [\LUT5(init="10011001100110011001...]
Compiling architecture lut5_v of entity unisim.LUT5 [\LUT5(init="11111111000000001111...]
Compiling architecture synth of entity xbip_pipe_v3_0_6.xbip_pipe_v3_0_6_viv [\xbip_pipe_v3_0_6_viv(c_has_ce=1...]
Compiling architecture rtl of entity floating_point_v7_1_9.delay [\delay(width=9,length=0)\]
Compiling architecture struct of entity floating_point_v7_1_9.carry_chain [\carry_chain(c_xdevicefamily="vi...]
Compiling architecture synth of entity xbip_pipe_v3_0_6.xbip_pipe_v3_0_6_viv [\xbip_pipe_v3_0_6_viv(c_has_ce=1...]
Compiling architecture rtl of entity floating_point_v7_1_9.delay [\delay(width=8,length=0)\]
Compiling architecture synth of entity xbip_pipe_v3_0_6.xbip_pipe_v3_0_6_viv [\xbip_pipe_v3_0_6_viv(c_has_ce=1...]
Compiling architecture rtl of entity floating_point_v7_1_9.delay [\delay(width=10,length=0)\]
Compiling architecture synth of entity xbip_pipe_v3_0_6.xbip_pipe_v3_0_6_viv [\xbip_pipe_v3_0_6_viv(c_has_ce=1...]
Compiling architecture rtl of entity floating_point_v7_1_9.delay [\delay(width=4,length=0,fast_inp...]
Compiling architecture fdre_v of entity unisim.FDRE [fdre_default]
Compiling architecture fde_v of entity unisim.FDE [fde_default]
Compiling architecture struct of entity floating_point_v7_1_9.carry_chain [\carry_chain(c_xdevicefamily="vi...]
Compiling architecture synth of entity floating_point_v7_1_9.compare_eq_im [\compare_eq_im(c_xdevicefamily="...]
Compiling architecture rtl of entity floating_point_v7_1_9.delay [\delay(fast_input=true)\]
Compiling architecture rtl of entity floating_point_v7_1_9.special_detect [\special_detect(c_xdevicefamily=...]
Compiling architecture struct of entity floating_point_v7_1_9.carry_chain [\carry_chain(c_xdevicefamily="vi...]
Compiling architecture synth of entity floating_point_v7_1_9.compare_gt [\compare_gt(c_xdevicefamily="vir...]
Compiling architecture synth of entity floating_point_v7_1_9.compare [\compare(c_xdevicefamily="virtex...]
Compiling architecture synth of entity xbip_pipe_v3_0_6.xbip_pipe_v3_0_6_viv [\xbip_pipe_v3_0_6_viv(c_latency=...]
Compiling architecture rtl of entity floating_point_v7_1_9.delay [\delay(width=8)\]
Compiling architecture synth of entity xbip_pipe_v3_0_6.xbip_pipe_v3_0_6_viv [\xbip_pipe_v3_0_6_viv(c_latency=...]
Compiling architecture rtl of entity floating_point_v7_1_9.delay [delay_default]
Compiling architecture synth of entity xbip_pipe_v3_0_6.xbip_pipe_v3_0_6_viv [\xbip_pipe_v3_0_6_viv(c_latency=...]
Compiling architecture rtl of entity floating_point_v7_1_9.delay [\delay(width=9)\]
Compiling architecture synth of entity xbip_pipe_v3_0_6.xbip_pipe_v3_0_6_viv [\xbip_pipe_v3_0_6_viv(c_has_ce=1...]
Compiling architecture rtl of entity floating_point_v7_1_9.delay [\delay(width=2,length=0,fast_inp...]
Compiling architecture synth of entity xbip_pipe_v3_0_6.xbip_pipe_v3_0_6_viv [\xbip_pipe_v3_0_6_viv(c_has_ce=1...]
Compiling architecture rtl of entity floating_point_v7_1_9.delay [\delay(length=0,fast_input=true)...]
Compiling architecture synth of entity xbip_pipe_v3_0_6.xbip_pipe_v3_0_6_viv [\xbip_pipe_v3_0_6_viv(c_has_ce=1...]
Compiling architecture rtl of entity floating_point_v7_1_9.delay [\delay(width=12,length=0)\]
Compiling architecture rtl of entity floating_point_v7_1_9.flt_add_exp_sp [\flt_add_exp_sp(c_xdevicefamily=...]
Compiling architecture synth of entity xbip_pipe_v3_0_6.xbip_pipe_v3_0_6_viv [\xbip_pipe_v3_0_6_viv(c_latency=...]
Compiling architecture rtl of entity floating_point_v7_1_9.delay [\delay(width=23)\]
Compiling architecture synth of entity floating_point_v7_1_9.flt_dec_op [\flt_dec_op(c_xdevicefamily="vir...]
Compiling architecture rtl of entity floating_point_v7_1_9.flt_add_dsp [\flt_add_dsp(c_xdevicefamily="vi...]
Compiling architecture rtl of entity floating_point_v7_1_9.flt_add [\flt_add(c_xdevicefamily="virtex...]
Compiling architecture synth of entity xbip_pipe_v3_0_6.xbip_pipe_v3_0_6_viv [\xbip_pipe_v3_0_6_viv(c_latency=...]
Compiling architecture synth of entity xbip_pipe_v3_0_6.xbip_pipe_v3_0_6_viv [\xbip_pipe_v3_0_6_viv(c_has_ce=1...]
Compiling architecture rtl of entity floating_point_v7_1_9.delay [\delay(width=32,length=0)\]
Compiling architecture xilinx of entity floating_point_v7_1_9.floating_point_v7_1_9_viv [\floating_point_v7_1_9_viv(c_xde...]
Compiling architecture xilinx of entity floating_point_v7_1_9.floating_point_v7_1_9 [\floating_point_v7_1_9(c_xdevice...]
Compiling architecture accel_in_circle_accel_in_circle_ap_fsub_1_full_dsp_32_arch of entity xil_defaultlib.accel_in_circle_accel_in_circle_ap_fsub_1_full_dsp_32 [accel_in_circle_accel_in_circle_...]
Compiling module xil_defaultlib.accel_in_circle_accel_in_circle_...
Compiling architecture rtl of entity floating_point_v7_1_9.flt_add [\flt_add(c_xdevicefamily="virtex...]
Compiling architecture xilinx of entity floating_point_v7_1_9.floating_point_v7_1_9_viv [\floating_point_v7_1_9_viv(c_xde...]
Compiling architecture xilinx of entity floating_point_v7_1_9.floating_point_v7_1_9 [\floating_point_v7_1_9(c_xdevice...]
Compiling architecture accel_in_circle_accel_in_circle_ap_fadd_1_full_dsp_32_arch of entity xil_defaultlib.accel_in_circle_accel_in_circle_ap_fadd_1_full_dsp_32 [accel_in_circle_accel_in_circle_...]
Compiling module xil_defaultlib.accel_in_circle_accel_in_circle_...
Compiling architecture synth of entity xbip_pipe_v3_0_6.xbip_pipe_v3_0_6_viv [\xbip_pipe_v3_0_6_viv(c_has_ce=1...]
Compiling architecture rtl of entity floating_point_v7_1_9.delay [\delay(width=17,length=0)\]
Compiling architecture dsp48e1_v of entity unisim.DSP48E1 [\DSP48E1(acascreg=0,adreg=0,alum...]
Compiling architecture rtl of entity floating_point_v7_1_9.dsp48e1_wrapper [\dsp48e1_wrapper(a_width=24,b_wi...]
Compiling architecture dsp48e1_v of entity unisim.DSP48E1 [\DSP48E1(acascreg=0,adreg=0,alum...]
Compiling architecture rtl of entity floating_point_v7_1_9.dsp48e1_wrapper [\dsp48e1_wrapper(a_width=24,b_wi...]
Compiling architecture struct of entity floating_point_v7_1_9.fix_mult_dsp48e1_sgl [\fix_mult_dsp48e1_sgl(registers=...]
Compiling architecture rtl of entity floating_point_v7_1_9.fix_mult [\fix_mult(c_xdevicefamily="virte...]
Compiling architecture synth of entity xbip_pipe_v3_0_6.xbip_pipe_v3_0_6_viv [\xbip_pipe_v3_0_6_viv(c_has_ce=1...]
Compiling architecture rtl of entity floating_point_v7_1_9.delay [\delay(width=8,length=0,fast_inp...]
Compiling architecture struct of entity floating_point_v7_1_9.carry_chain [\carry_chain(c_xdevicefamily="vi...]
Compiling architecture struct of entity floating_point_v7_1_9.carry_chain [\carry_chain(c_xdevicefamily="vi...]
Compiling architecture synth of entity floating_point_v7_1_9.compare_eq_im [\compare_eq_im(c_xdevicefamily="...]
Compiling architecture rtl of entity floating_point_v7_1_9.special_detect [\special_detect(c_xdevicefamily=...]
Compiling architecture synth of entity xbip_pipe_v3_0_6.xbip_pipe_v3_0_6_viv [\xbip_pipe_v3_0_6_viv(c_has_ce=1...]
Compiling architecture rtl of entity floating_point_v7_1_9.delay [\delay(width=3,length=0,fast_inp...]
Compiling architecture synth of entity xbip_pipe_v3_0_6.xbip_pipe_v3_0_6_viv [\xbip_pipe_v3_0_6_viv(c_has_ce=1...]
Compiling architecture rtl of entity floating_point_v7_1_9.delay [\delay(width=14,length=0)\]
Compiling architecture rtl of entity floating_point_v7_1_9.flt_mult_exp [\flt_mult_exp(c_xdevicefamily="v...]
Compiling architecture synth of entity xbip_pipe_v3_0_6.xbip_pipe_v3_0_6_viv [\xbip_pipe_v3_0_6_viv(c_has_ce=1...]
Compiling architecture rtl of entity floating_point_v7_1_9.delay [\delay(width=30,length=0)\]
Compiling architecture synth of entity xbip_pipe_v3_0_6.xbip_pipe_v3_0_6_viv [\xbip_pipe_v3_0_6_viv(c_has_ce=1...]
Compiling architecture rtl of entity floating_point_v7_1_9.delay [\delay(width=18,length=0)\]
Compiling architecture dsp48e1_v of entity unisim.DSP48E1 [\DSP48E1(acascreg=0,adreg=0,alum...]
Compiling architecture rtl of entity floating_point_v7_1_9.dsp48e1_wrapper [\dsp48e1_wrapper(a_width=30,b_wi...]
Compiling architecture struct of entity floating_point_v7_1_9.flt_round_dsp_opt_full [\flt_round_dsp_opt_full(c_xdevic...]
Compiling architecture rtl of entity floating_point_v7_1_9.flt_mult_round [\flt_mult_round(c_xdevicefamily=...]
Compiling architecture synth of entity floating_point_v7_1_9.flt_dec_op_lat [\flt_dec_op_lat(c_xdevicefamily=...]
Compiling architecture rtl of entity floating_point_v7_1_9.flt_mult [\flt_mult(c_xdevicefamily="virte...]
Compiling architecture xilinx of entity floating_point_v7_1_9.floating_point_v7_1_9_viv [\floating_point_v7_1_9_viv(c_xde...]
Compiling architecture xilinx of entity floating_point_v7_1_9.floating_point_v7_1_9 [\floating_point_v7_1_9(c_xdevice...]
Compiling architecture accel_in_circle_accel_in_circle_ap_fmul_0_max_dsp_32_arch of entity xil_defaultlib.accel_in_circle_accel_in_circle_ap_fmul_0_max_dsp_32 [accel_in_circle_accel_in_circle_...]
Compiling module xil_defaultlib.accel_in_circle_accel_in_circle_...
Compiling architecture struct of entity floating_point_v7_1_9.carry_chain [\carry_chain(c_xdevicefamily="vi...]
Compiling architecture synth of entity floating_point_v7_1_9.compare_eq_im [\compare_eq_im(c_xdevicefamily="...]
Compiling architecture synth of entity floating_point_v7_1_9.compare_ne_im [\compare_ne_im(c_xdevicefamily="...]
Compiling architecture struct of entity floating_point_v7_1_9.carry_chain [\carry_chain(c_xdevicefamily="vi...]
Compiling architecture synth of entity floating_point_v7_1_9.compare_eq_im [\compare_eq_im(c_xdevicefamily="...]
Compiling architecture synth of entity xbip_pipe_v3_0_6.xbip_pipe_v3_0_6_viv [\xbip_pipe_v3_0_6_viv(c_has_ce=1...]
Compiling architecture rtl of entity floating_point_v7_1_9.delay [\delay(width=11,length=0)\]
Compiling architecture struct of entity floating_point_v7_1_9.carry_chain [\carry_chain(c_xdevicefamily="vi...]
Compiling architecture synth of entity floating_point_v7_1_9.compare_eq [\compare_eq(c_xdevicefamily="vir...]
Compiling architecture struct of entity floating_point_v7_1_9.carry_chain [\carry_chain(c_xdevicefamily="vi...]
Compiling architecture synth of entity floating_point_v7_1_9.compare_gt [\compare_gt(c_xdevicefamily="vir...]
Compiling architecture rtl of entity floating_point_v7_1_9.fp_cmp [\fp_cmp(c_xdevicefamily="virtexu...]
Compiling architecture xilinx of entity floating_point_v7_1_9.floating_point_v7_1_9_viv [\floating_point_v7_1_9_viv(c_xde...]
Compiling architecture xilinx of entity floating_point_v7_1_9.floating_point_v7_1_9 [\floating_point_v7_1_9(c_xdevice...]
Compiling architecture accel_in_circle_accel_in_circle_ap_fcmp_0_no_dsp_32_arch of entity xil_defaultlib.accel_in_circle_accel_in_circle_ap_fcmp_0_no_dsp_32 [accel_in_circle_accel_in_circle_...]
Compiling module xil_defaultlib.accel_in_circle_accel_in_circle_...
Compiling module xil_defaultlib.accel_in_circle_in_circle
Compiling module xil_defaultlib.accel_in_circle_accel_in_circle
Compiling module xil_defaultlib.AESL_axi_master_gmem1
Compiling module xil_defaultlib.AESL_axi_master_gmem0
Compiling module xil_defaultlib.AESL_axi_master_gmem2
Compiling module xil_defaultlib.AESL_axi_slave_control
Compiling module xil_defaultlib.apatb_accel_in_circle_top
Compiling module work.glbl
Built simulation snapshot accel_in_circle

****** Webtalk v2019.2 (64-bit)
  **** SW Build 2708876 on Wed Nov  6 21:39:14 MST 2019
  **** IP Build 2700528 on Thu Nov  7 00:09:20 MST 2019
    ** Copyright 1986-2019 Xilinx, Inc. All Rights Reserved.

source /home/users/alberto.giusti/Desktop/backup/variableQuery/fidelta_apint/solution1/sim/verilog/xsim.dir/accel_in_circle/webtalk/xsim_webtalk.tcl -notrace
INFO: [Common 17-186] '/home/users/alberto.giusti/Desktop/backup/variableQuery/fidelta_apint/solution1/sim/verilog/xsim.dir/accel_in_circle/webtalk/usage_statistics_ext_xsim.xml' has been successfully sent to Xilinx on Fri Jun 12 01:41:56 2020. For additional details about this file, please refer to the WebTalk help file at /opt/Xilinx/Vivado/2019.2/doc/webtalk_introduction.html.
INFO: [Common 17-206] Exiting Webtalk at Fri Jun 12 01:41:56 2020...

****** xsim v2019.2 (64-bit)
  **** SW Build 2708876 on Wed Nov  6 21:39:14 MST 2019
  **** IP Build 2700528 on Thu Nov  7 00:09:20 MST 2019
    ** Copyright 1986-2019 Xilinx, Inc. All Rights Reserved.

source xsim.dir/accel_in_circle/xsim_script.tcl
# xsim {accel_in_circle} -autoloadwcfg -tclbatch {accel_in_circle.tcl}
Vivado Simulator 2019.2
Time resolution is 1 ps
source accel_in_circle.tcl
## run all
////////////////////////////////////////////////////////////////////////////////////
// Inter-Transaction Progress: Completed Transaction / Total Transaction
// Intra-Transaction Progress: Measured Latency / Latency Estimation * 100%
//
// RTL Simulation : "Inter-Transaction Progress" ["Intra-Transaction Progress"] @ "Simulation Time"
////////////////////////////////////////////////////////////////////////////////////
// RTL Simulation : 0 / 1 [n/a] @ "125000"
Warning: OPMODE Input Warning : The OPMODE 0110X0X with CARRYINSEL  000 to DSP48E1 instance is invalid.
Time: 1015 ns  Iteration: 11  Process: /apatb_accel_in_circle_top/AESL_inst_accel_in_circle_accel_in_circle/grp_in_circle_fu_386/accel_in_circle_fsub_32ns_32ns_32_3_full_dsp_0_U1/accel_in_circle_accel_in_circle_ap_fsub_1_full_dsp_32_u/U0/i_synth/addsub_op/ADDSUB/dsp/OP/dsp48e1_body/ALIGN_ADD/DSP2/DSP/prcs_opmode_drc  File: /opt/Xilinx/Vivado/2019.2/data/vhdl/src/unisims/primitive/DSP48E1.vhd
Warning: OPMODE Input Warning : The OPMODE 0110X0X with CARRYINSEL  000 to DSP48E1 instance is invalid.
Time: 1015 ns  Iteration: 11  Process: /apatb_accel_in_circle_top/AESL_inst_accel_in_circle_accel_in_circle/grp_in_circle_fu_386/accel_in_circle_fsub_32ns_32ns_32_3_full_dsp_0_U2/accel_in_circle_accel_in_circle_ap_fsub_1_full_dsp_32_u/U0/i_synth/addsub_op/ADDSUB/dsp/OP/dsp48e1_body/ALIGN_ADD/DSP2/DSP/prcs_opmode_drc  File: /opt/Xilinx/Vivado/2019.2/data/vhdl/src/unisims/primitive/DSP48E1.vhd
Warning: OPMODE Input Warning : The OPMODE 0110X0X with CARRYINSEL  000 to DSP48E1 instance is invalid.
Time: 1015 ns  Iteration: 11  Process: /apatb_accel_in_circle_top/AESL_inst_accel_in_circle_accel_in_circle/grp_in_circle_fu_386/accel_in_circle_fsub_32ns_32ns_32_3_full_dsp_0_U3/accel_in_circle_accel_in_circle_ap_fsub_1_full_dsp_32_u/U0/i_synth/addsub_op/ADDSUB/dsp/OP/dsp48e1_body/ALIGN_ADD/DSP2/DSP/prcs_opmode_drc  File: /opt/Xilinx/Vivado/2019.2/data/vhdl/src/unisims/primitive/DSP48E1.vhd
Warning: OPMODE Input Warning : The OPMODE 0110X0X with CARRYINSEL  000 to DSP48E1 instance is invalid.
Time: 1015 ns  Iteration: 11  Process: /apatb_accel_in_circle_top/AESL_inst_accel_in_circle_accel_in_circle/grp_in_circle_fu_386/accel_in_circle_fsub_32ns_32ns_32_3_full_dsp_0_U4/accel_in_circle_accel_in_circle_ap_fsub_1_full_dsp_32_u/U0/i_synth/addsub_op/ADDSUB/dsp/OP/dsp48e1_body/ALIGN_ADD/DSP2/DSP/prcs_opmode_drc  File: /opt/Xilinx/Vivado/2019.2/data/vhdl/src/unisims/primitive/DSP48E1.vhd
Warning: OPMODE Input Warning : The OPMODE 0110X0X with CARRYINSEL  000 to DSP48E1 instance is invalid.
Time: 1015 ns  Iteration: 11  Process: /apatb_accel_in_circle_top/AESL_inst_accel_in_circle_accel_in_circle/grp_in_circle_fu_386/accel_in_circle_fsub_32ns_32ns_32_3_full_dsp_0_U5/accel_in_circle_accel_in_circle_ap_fsub_1_full_dsp_32_u/U0/i_synth/addsub_op/ADDSUB/dsp/OP/dsp48e1_body/ALIGN_ADD/DSP2/DSP/prcs_opmode_drc  File: /opt/Xilinx/Vivado/2019.2/data/vhdl/src/unisims/primitive/DSP48E1.vhd
Warning: OPMODE Input Warning : The OPMODE 0110X0X with CARRYINSEL  000 to DSP48E1 instance is invalid.
Time: 1015 ns  Iteration: 11  Process: /apatb_accel_in_circle_top/AESL_inst_accel_in_circle_accel_in_circle/grp_in_circle_fu_386/accel_in_circle_fsub_32ns_32ns_32_3_full_dsp_0_U6/accel_in_circle_accel_in_circle_ap_fsub_1_full_dsp_32_u/U0/i_synth/addsub_op/ADDSUB/dsp/OP/dsp48e1_body/ALIGN_ADD/DSP2/DSP/prcs_opmode_drc  File: /opt/Xilinx/Vivado/2019.2/data/vhdl/src/unisims/primitive/DSP48E1.vhd
Warning: OPMODE Input Warning : The OPMODE 0110X0X with CARRYINSEL  000 to DSP48E1 instance is invalid.
Time: 1015 ns  Iteration: 11  Process: /apatb_accel_in_circle_top/AESL_inst_accel_in_circle_accel_in_circle/grp_in_circle_fu_386/accel_in_circle_fadd_32ns_32ns_32_3_full_dsp_0_U7/accel_in_circle_accel_in_circle_ap_fadd_1_full_dsp_32_u/U0/i_synth/addsub_op/ADDSUB/dsp/OP/dsp48e1_body/ALIGN_ADD/DSP2/DSP/prcs_opmode_drc  File: /opt/Xilinx/Vivado/2019.2/data/vhdl/src/unisims/primitive/DSP48E1.vhd
Warning: OPMODE Input Warning : The OPMODE 0110X0X with CARRYINSEL  000 to DSP48E1 instance is invalid.
Time: 1015 ns  Iteration: 11  Process: /apatb_accel_in_circle_top/AESL_inst_accel_in_circle_accel_in_circle/grp_in_circle_fu_386/accel_in_circle_fadd_32ns_32ns_32_3_full_dsp_0_U8/accel_in_circle_accel_in_circle_ap_fadd_1_full_dsp_32_u/U0/i_synth/addsub_op/ADDSUB/dsp/OP/dsp48e1_body/ALIGN_ADD/DSP2/DSP/prcs_opmode_drc  File: /opt/Xilinx/Vivado/2019.2/data/vhdl/src/unisims/primitive/DSP48E1.vhd
Warning: OPMODE Input Warning : The OPMODE 0110X0X with CARRYINSEL  000 to DSP48E1 instance is invalid.
Time: 1015 ns  Iteration: 11  Process: /apatb_accel_in_circle_top/AESL_inst_accel_in_circle_accel_in_circle/grp_in_circle_fu_386/accel_in_circle_fadd_32ns_32ns_32_3_full_dsp_0_U9/accel_in_circle_accel_in_circle_ap_fadd_1_full_dsp_32_u/U0/i_synth/addsub_op/ADDSUB/dsp/OP/dsp48e1_body/ALIGN_ADD/DSP2/DSP/prcs_opmode_drc  File: /opt/Xilinx/Vivado/2019.2/data/vhdl/src/unisims/primitive/DSP48E1.vhd
Warning: OPMODE Input Warning : The OPMODE 0110X0X with CARRYINSEL  000 to DSP48E1 instance is invalid.
Time: 1015 ns  Iteration: 11  Process: /apatb_accel_in_circle_top/AESL_inst_accel_in_circle_accel_in_circle/grp_in_circle_fu_386/accel_in_circle_fsub_32ns_32ns_32_3_full_dsp_0_U10/accel_in_circle_accel_in_circle_ap_fsub_1_full_dsp_32_u/U0/i_synth/addsub_op/ADDSUB/dsp/OP/dsp48e1_body/ALIGN_ADD/DSP2/DSP/prcs_opmode_drc  File: /opt/Xilinx/Vivado/2019.2/data/vhdl/src/unisims/primitive/DSP48E1.vhd
Warning: OPMODE Input Warning : The OPMODE 0110X0X with CARRYINSEL  000 to DSP48E1 instance is invalid.
Time: 1015 ns  Iteration: 11  Process: /apatb_accel_in_circle_top/AESL_inst_accel_in_circle_accel_in_circle/grp_in_circle_fu_386/accel_in_circle_fsub_32ns_32ns_32_3_full_dsp_0_U11/accel_in_circle_accel_in_circle_ap_fsub_1_full_dsp_32_u/U0/i_synth/addsub_op/ADDSUB/dsp/OP/dsp48e1_body/ALIGN_ADD/DSP2/DSP/prcs_opmode_drc  File: /opt/Xilinx/Vivado/2019.2/data/vhdl/src/unisims/primitive/DSP48E1.vhd
Warning: OPMODE Input Warning : The OPMODE 0110X0X with CARRYINSEL  000 to DSP48E1 instance is invalid.
Time: 1015 ns  Iteration: 11  Process: /apatb_accel_in_circle_top/AESL_inst_accel_in_circle_accel_in_circle/grp_in_circle_fu_386/accel_in_circle_fsub_32ns_32ns_32_3_full_dsp_0_U12/accel_in_circle_accel_in_circle_ap_fsub_1_full_dsp_32_u/U0/i_synth/addsub_op/ADDSUB/dsp/OP/dsp48e1_body/ALIGN_ADD/DSP2/DSP/prcs_opmode_drc  File: /opt/Xilinx/Vivado/2019.2/data/vhdl/src/unisims/primitive/DSP48E1.vhd
Warning: OPMODE Input Warning : The OPMODE 0110X0X with CARRYINSEL  000 to DSP48E1 instance is invalid.
Time: 1015 ns  Iteration: 11  Process: /apatb_accel_in_circle_top/AESL_inst_accel_in_circle_accel_in_circle/grp_in_circle_fu_386/accel_in_circle_fsub_32ns_32ns_32_3_full_dsp_0_U13/accel_in_circle_accel_in_circle_ap_fsub_1_full_dsp_32_u/U0/i_synth/addsub_op/ADDSUB/dsp/OP/dsp48e1_body/ALIGN_ADD/DSP2/DSP/prcs_opmode_drc  File: /opt/Xilinx/Vivado/2019.2/data/vhdl/src/unisims/primitive/DSP48E1.vhd
Warning: OPMODE Input Warning : The OPMODE 0110X0X with CARRYINSEL  000 to DSP48E1 instance is invalid.
Time: 1015 ns  Iteration: 11  Process: /apatb_accel_in_circle_top/AESL_inst_accel_in_circle_accel_in_circle/grp_in_circle_fu_386/accel_in_circle_fadd_32ns_32ns_32_3_full_dsp_0_U14/accel_in_circle_accel_in_circle_ap_fadd_1_full_dsp_32_u/U0/i_synth/addsub_op/ADDSUB/dsp/OP/dsp48e1_body/ALIGN_ADD/DSP2/DSP/prcs_opmode_drc  File: /opt/Xilinx/Vivado/2019.2/data/vhdl/src/unisims/primitive/DSP48E1.vhd
Warning: OPMODE Input Warning : The OPMODE 0110X0X with CARRYINSEL  000 to DSP48E1 instance is invalid.
Time: 1015 ns  Iteration: 11  Process: /apatb_accel_in_circle_top/AESL_inst_accel_in_circle_accel_in_circle/grp_in_circle_fu_398/accel_in_circle_fsub_32ns_32ns_32_3_full_dsp_0_U1/accel_in_circle_accel_in_circle_ap_fsub_1_full_dsp_32_u/U0/i_synth/addsub_op/ADDSUB/dsp/OP/dsp48e1_body/ALIGN_ADD/DSP2/DSP/prcs_opmode_drc  File: /opt/Xilinx/Vivado/2019.2/data/vhdl/src/unisims/primitive/DSP48E1.vhd
Warning: OPMODE Input Warning : The OPMODE 0110X0X with CARRYINSEL  000 to DSP48E1 instance is invalid.
Time: 1015 ns  Iteration: 11  Process: /apatb_accel_in_circle_top/AESL_inst_accel_in_circle_accel_in_circle/grp_in_circle_fu_398/accel_in_circle_fsub_32ns_32ns_32_3_full_dsp_0_U2/accel_in_circle_accel_in_circle_ap_fsub_1_full_dsp_32_u/U0/i_synth/addsub_op/ADDSUB/dsp/OP/dsp48e1_body/ALIGN_ADD/DSP2/DSP/prcs_opmode_drc  File: /opt/Xilinx/Vivado/2019.2/data/vhdl/src/unisims/primitive/DSP48E1.vhd
Warning: OPMODE Input Warning : The OPMODE 0110X0X with CARRYINSEL  000 to DSP48E1 instance is invalid.
Time: 1015 ns  Iteration: 11  Process: /apatb_accel_in_circle_top/AESL_inst_accel_in_circle_accel_in_circle/grp_in_circle_fu_398/accel_in_circle_fsub_32ns_32ns_32_3_full_dsp_0_U3/accel_in_circle_accel_in_circle_ap_fsub_1_full_dsp_32_u/U0/i_synth/addsub_op/ADDSUB/dsp/OP/dsp48e1_body/ALIGN_ADD/DSP2/DSP/prcs_opmode_drc  File: /opt/Xilinx/Vivado/2019.2/data/vhdl/src/unisims/primitive/DSP48E1.vhd
Warning: OPMODE Input Warning : The OPMODE 0110X0X with CARRYINSEL  000 to DSP48E1 instance is invalid.
Time: 1015 ns  Iteration: 11  Process: /apatb_accel_in_circle_top/AESL_inst_accel_in_circle_accel_in_circle/grp_in_circle_fu_398/accel_in_circle_fsub_32ns_32ns_32_3_full_dsp_0_U4/accel_in_circle_accel_in_circle_ap_fsub_1_full_dsp_32_u/U0/i_synth/addsub_op/ADDSUB/dsp/OP/dsp48e1_body/ALIGN_ADD/DSP2/DSP/prcs_opmode_drc  File: /opt/Xilinx/Vivado/2019.2/data/vhdl/src/unisims/primitive/DSP48E1.vhd
Warning: OPMODE Input Warning : The OPMODE 0110X0X with CARRYINSEL  000 to DSP48E1 instance is invalid.
Time: 1015 ns  Iteration: 11  Process: /apatb_accel_in_circle_top/AESL_inst_accel_in_circle_accel_in_circle/grp_in_circle_fu_398/accel_in_circle_fsub_32ns_32ns_32_3_full_dsp_0_U5/accel_in_circle_accel_in_circle_ap_fsub_1_full_dsp_32_u/U0/i_synth/addsub_op/ADDSUB/dsp/OP/dsp48e1_body/ALIGN_ADD/DSP2/DSP/prcs_opmode_drc  File: /opt/Xilinx/Vivado/2019.2/data/vhdl/src/unisims/primitive/DSP48E1.vhd
Warning: OPMODE Input Warning : The OPMODE 0110X0X with CARRYINSEL  000 to DSP48E1 instance is invalid.
Time: 1015 ns  Iteration: 11  Process: /apatb_accel_in_circle_top/AESL_inst_accel_in_circle_accel_in_circle/grp_in_circle_fu_398/accel_in_circle_fsub_32ns_32ns_32_3_full_dsp_0_U6/accel_in_circle_accel_in_circle_ap_fsub_1_full_dsp_32_u/U0/i_synth/addsub_op/ADDSUB/dsp/OP/dsp48e1_body/ALIGN_ADD/DSP2/DSP/prcs_opmode_drc  File: /opt/Xilinx/Vivado/2019.2/data/vhdl/src/unisims/primitive/DSP48E1.vhd
Warning: OPMODE Input Warning : The OPMODE 0110X0X with CARRYINSEL  000 to DSP48E1 instance is invalid.
Time: 1015 ns  Iteration: 11  Process: /apatb_accel_in_circle_top/AESL_inst_accel_in_circle_accel_in_circle/grp_in_circle_fu_398/accel_in_circle_fadd_32ns_32ns_32_3_full_dsp_0_U7/accel_in_circle_accel_in_circle_ap_fadd_1_full_dsp_32_u/U0/i_synth/addsub_op/ADDSUB/dsp/OP/dsp48e1_body/ALIGN_ADD/DSP2/DSP/prcs_opmode_drc  File: /opt/Xilinx/Vivado/2019.2/data/vhdl/src/unisims/primitive/DSP48E1.vhd
Warning: OPMODE Input Warning : The OPMODE 0110X0X with CARRYINSEL  000 to DSP48E1 instance is invalid.
Time: 1015 ns  Iteration: 11  Process: /apatb_accel_in_circle_top/AESL_inst_accel_in_circle_accel_in_circle/grp_in_circle_fu_398/accel_in_circle_fadd_32ns_32ns_32_3_full_dsp_0_U8/accel_in_circle_accel_in_circle_ap_fadd_1_full_dsp_32_u/U0/i_synth/addsub_op/ADDSUB/dsp/OP/dsp48e1_body/ALIGN_ADD/DSP2/DSP/prcs_opmode_drc  File: /opt/Xilinx/Vivado/2019.2/data/vhdl/src/unisims/primitive/DSP48E1.vhd
Warning: OPMODE Input Warning : The OPMODE 0110X0X with CARRYINSEL  000 to DSP48E1 instance is invalid.
Time: 1015 ns  Iteration: 11  Process: /apatb_accel_in_circle_top/AESL_inst_accel_in_circle_accel_in_circle/grp_in_circle_fu_398/accel_in_circle_fadd_32ns_32ns_32_3_full_dsp_0_U9/accel_in_circle_accel_in_circle_ap_fadd_1_full_dsp_32_u/U0/i_synth/addsub_op/ADDSUB/dsp/OP/dsp48e1_body/ALIGN_ADD/DSP2/DSP/prcs_opmode_drc  File: /opt/Xilinx/Vivado/2019.2/data/vhdl/src/unisims/primitive/DSP48E1.vhd
Warning: OPMODE Input Warning : The OPMODE 0110X0X with CARRYINSEL  000 to DSP48E1 instance is invalid.
Time: 1015 ns  Iteration: 11  Process: /apatb_accel_in_circle_top/AESL_inst_accel_in_circle_accel_in_circle/grp_in_circle_fu_398/accel_in_circle_fsub_32ns_32ns_32_3_full_dsp_0_U10/accel_in_circle_accel_in_circle_ap_fsub_1_full_dsp_32_u/U0/i_synth/addsub_op/ADDSUB/dsp/OP/dsp48e1_body/ALIGN_ADD/DSP2/DSP/prcs_opmode_drc  File: /opt/Xilinx/Vivado/2019.2/data/vhdl/src/unisims/primitive/DSP48E1.vhd
Warning: OPMODE Input Warning : The OPMODE 0110X0X with CARRYINSEL  000 to DSP48E1 instance is invalid.
Time: 1015 ns  Iteration: 11  Process: /apatb_accel_in_circle_top/AESL_inst_accel_in_circle_accel_in_circle/grp_in_circle_fu_398/accel_in_circle_fsub_32ns_32ns_32_3_full_dsp_0_U11/accel_in_circle_accel_in_circle_ap_fsub_1_full_dsp_32_u/U0/i_synth/addsub_op/ADDSUB/dsp/OP/dsp48e1_body/ALIGN_ADD/DSP2/DSP/prcs_opmode_drc  File: /opt/Xilinx/Vivado/2019.2/data/vhdl/src/unisims/primitive/DSP48E1.vhd
Warning: OPMODE Input Warning : The OPMODE 0110X0X with CARRYINSEL  000 to DSP48E1 instance is invalid.
Time: 1015 ns  Iteration: 11  Process: /apatb_accel_in_circle_top/AESL_inst_accel_in_circle_accel_in_circle/grp_in_circle_fu_398/accel_in_circle_fsub_32ns_32ns_32_3_full_dsp_0_U12/accel_in_circle_accel_in_circle_ap_fsub_1_full_dsp_32_u/U0/i_synth/addsub_op/ADDSUB/dsp/OP/dsp48e1_body/ALIGN_ADD/DSP2/DSP/prcs_opmode_drc  File: /opt/Xilinx/Vivado/2019.2/data/vhdl/src/unisims/primitive/DSP48E1.vhd
Warning: OPMODE Input Warning : The OPMODE 0110X0X with CARRYINSEL  000 to DSP48E1 instance is invalid.
Time: 1015 ns  Iteration: 11  Process: /apatb_accel_in_circle_top/AESL_inst_accel_in_circle_accel_in_circle/grp_in_circle_fu_398/accel_in_circle_fsub_32ns_32ns_32_3_full_dsp_0_U13/accel_in_circle_accel_in_circle_ap_fsub_1_full_dsp_32_u/U0/i_synth/addsub_op/ADDSUB/dsp/OP/dsp48e1_body/ALIGN_ADD/DSP2/DSP/prcs_opmode_drc  File: /opt/Xilinx/Vivado/2019.2/data/vhdl/src/unisims/primitive/DSP48E1.vhd
Warning: OPMODE Input Warning : The OPMODE 0110X0X with CARRYINSEL  000 to DSP48E1 instance is invalid.
Time: 1015 ns  Iteration: 11  Process: /apatb_accel_in_circle_top/AESL_inst_accel_in_circle_accel_in_circle/grp_in_circle_fu_398/accel_in_circle_fadd_32ns_32ns_32_3_full_dsp_0_U14/accel_in_circle_accel_in_circle_ap_fadd_1_full_dsp_32_u/U0/i_synth/addsub_op/ADDSUB/dsp/OP/dsp48e1_body/ALIGN_ADD/DSP2/DSP/prcs_opmode_drc  File: /opt/Xilinx/Vivado/2019.2/data/vhdl/src/unisims/primitive/DSP48E1.vhd
Warning: OPMODE Input Warning : The OPMODE 0110X0X with CARRYINSEL  000 to DSP48E1 instance is invalid.
Time: 1015 ns  Iteration: 11  Process: /apatb_accel_in_circle_top/AESL_inst_accel_in_circle_accel_in_circle/grp_in_circle_fu_410/accel_in_circle_fsub_32ns_32ns_32_3_full_dsp_0_U1/accel_in_circle_accel_in_circle_ap_fsub_1_full_dsp_32_u/U0/i_synth/addsub_op/ADDSUB/dsp/OP/dsp48e1_body/ALIGN_ADD/DSP2/DSP/prcs_opmode_drc  File: /opt/Xilinx/Vivado/2019.2/data/vhdl/src/unisims/primitive/DSP48E1.vhd
Warning: OPMODE Input Warning : The OPMODE 0110X0X with CARRYINSEL  000 to DSP48E1 instance is invalid.
Time: 1015 ns  Iteration: 11  Process: /apatb_accel_in_circle_top/AESL_inst_accel_in_circle_accel_in_circle/grp_in_circle_fu_410/accel_in_circle_fsub_32ns_32ns_32_3_full_dsp_0_U2/accel_in_circle_accel_in_circle_ap_fsub_1_full_dsp_32_u/U0/i_synth/addsub_op/ADDSUB/dsp/OP/dsp48e1_body/ALIGN_ADD/DSP2/DSP/prcs_opmode_drc  File: /opt/Xilinx/Vivado/2019.2/data/vhdl/src/unisims/primitive/DSP48E1.vhd
Warning: OPMODE Input Warning : The OPMODE 0110X0X with CARRYINSEL  000 to DSP48E1 instance is invalid.
Time: 1015 ns  Iteration: 11  Process: /apatb_accel_in_circle_top/AESL_inst_accel_in_circle_accel_in_circle/grp_in_circle_fu_410/accel_in_circle_fsub_32ns_32ns_32_3_full_dsp_0_U3/accel_in_circle_accel_in_circle_ap_fsub_1_full_dsp_32_u/U0/i_synth/addsub_op/ADDSUB/dsp/OP/dsp48e1_body/ALIGN_ADD/DSP2/DSP/prcs_opmode_drc  File: /opt/Xilinx/Vivado/2019.2/data/vhdl/src/unisims/primitive/DSP48E1.vhd
Warning: OPMODE Input Warning : The OPMODE 0110X0X with CARRYINSEL  000 to DSP48E1 instance is invalid.
Time: 1015 ns  Iteration: 11  Process: /apatb_accel_in_circle_top/AESL_inst_accel_in_circle_accel_in_circle/grp_in_circle_fu_410/accel_in_circle_fsub_32ns_32ns_32_3_full_dsp_0_U4/accel_in_circle_accel_in_circle_ap_fsub_1_full_dsp_32_u/U0/i_synth/addsub_op/ADDSUB/dsp/OP/dsp48e1_body/ALIGN_ADD/DSP2/DSP/prcs_opmode_drc  File: /opt/Xilinx/Vivado/2019.2/data/vhdl/src/unisims/primitive/DSP48E1.vhd
Warning: OPMODE Input Warning : The OPMODE 0110X0X with CARRYINSEL  000 to DSP48E1 instance is invalid.
Time: 1015 ns  Iteration: 11  Process: /apatb_accel_in_circle_top/AESL_inst_accel_in_circle_accel_in_circle/grp_in_circle_fu_410/accel_in_circle_fsub_32ns_32ns_32_3_full_dsp_0_U5/accel_in_circle_accel_in_circle_ap_fsub_1_full_dsp_32_u/U0/i_synth/addsub_op/ADDSUB/dsp/OP/dsp48e1_body/ALIGN_ADD/DSP2/DSP/prcs_opmode_drc  File: /opt/Xilinx/Vivado/2019.2/data/vhdl/src/unisims/primitive/DSP48E1.vhd
Warning: OPMODE Input Warning : The OPMODE 0110X0X with CARRYINSEL  000 to DSP48E1 instance is invalid.
Time: 1015 ns  Iteration: 11  Process: /apatb_accel_in_circle_top/AESL_inst_accel_in_circle_accel_in_circle/grp_in_circle_fu_410/accel_in_circle_fsub_32ns_32ns_32_3_full_dsp_0_U6/accel_in_circle_accel_in_circle_ap_fsub_1_full_dsp_32_u/U0/i_synth/addsub_op/ADDSUB/dsp/OP/dsp48e1_body/ALIGN_ADD/DSP2/DSP/prcs_opmode_drc  File: /opt/Xilinx/Vivado/2019.2/data/vhdl/src/unisims/primitive/DSP48E1.vhd
Warning: OPMODE Input Warning : The OPMODE 0110X0X with CARRYINSEL  000 to DSP48E1 instance is invalid.
Time: 1015 ns  Iteration: 11  Process: /apatb_accel_in_circle_top/AESL_inst_accel_in_circle_accel_in_circle/grp_in_circle_fu_410/accel_in_circle_fadd_32ns_32ns_32_3_full_dsp_0_U7/accel_in_circle_accel_in_circle_ap_fadd_1_full_dsp_32_u/U0/i_synth/addsub_op/ADDSUB/dsp/OP/dsp48e1_body/ALIGN_ADD/DSP2/DSP/prcs_opmode_drc  File: /opt/Xilinx/Vivado/2019.2/data/vhdl/src/unisims/primitive/DSP48E1.vhd
Warning: OPMODE Input Warning : The OPMODE 0110X0X with CARRYINSEL  000 to DSP48E1 instance is invalid.
Time: 1015 ns  Iteration: 11  Process: /apatb_accel_in_circle_top/AESL_inst_accel_in_circle_accel_in_circle/grp_in_circle_fu_410/accel_in_circle_fadd_32ns_32ns_32_3_full_dsp_0_U8/accel_in_circle_accel_in_circle_ap_fadd_1_full_dsp_32_u/U0/i_synth/addsub_op/ADDSUB/dsp/OP/dsp48e1_body/ALIGN_ADD/DSP2/DSP/prcs_opmode_drc  File: /opt/Xilinx/Vivado/2019.2/data/vhdl/src/unisims/primitive/DSP48E1.vhd
Warning: OPMODE Input Warning : The OPMODE 0110X0X with CARRYINSEL  000 to DSP48E1 instance is invalid.
Time: 1015 ns  Iteration: 11  Process: /apatb_accel_in_circle_top/AESL_inst_accel_in_circle_accel_in_circle/grp_in_circle_fu_410/accel_in_circle_fadd_32ns_32ns_32_3_full_dsp_0_U9/accel_in_circle_accel_in_circle_ap_fadd_1_full_dsp_32_u/U0/i_synth/addsub_op/ADDSUB/dsp/OP/dsp48e1_body/ALIGN_ADD/DSP2/DSP/prcs_opmode_drc  File: /opt/Xilinx/Vivado/2019.2/data/vhdl/src/unisims/primitive/DSP48E1.vhd
Warning: OPMODE Input Warning : The OPMODE 0110X0X with CARRYINSEL  000 to DSP48E1 instance is invalid.
Time: 1015 ns  Iteration: 11  Process: /apatb_accel_in_circle_top/AESL_inst_accel_in_circle_accel_in_circle/grp_in_circle_fu_410/accel_in_circle_fsub_32ns_32ns_32_3_full_dsp_0_U10/accel_in_circle_accel_in_circle_ap_fsub_1_full_dsp_32_u/U0/i_synth/addsub_op/ADDSUB/dsp/OP/dsp48e1_body/ALIGN_ADD/DSP2/DSP/prcs_opmode_drc  File: /opt/Xilinx/Vivado/2019.2/data/vhdl/src/unisims/primitive/DSP48E1.vhd
Warning: OPMODE Input Warning : The OPMODE 0110X0X with CARRYINSEL  000 to DSP48E1 instance is invalid.
Time: 1015 ns  Iteration: 11  Process: /apatb_accel_in_circle_top/AESL_inst_accel_in_circle_accel_in_circle/grp_in_circle_fu_410/accel_in_circle_fsub_32ns_32ns_32_3_full_dsp_0_U11/accel_in_circle_accel_in_circle_ap_fsub_1_full_dsp_32_u/U0/i_synth/addsub_op/ADDSUB/dsp/OP/dsp48e1_body/ALIGN_ADD/DSP2/DSP/prcs_opmode_drc  File: /opt/Xilinx/Vivado/2019.2/data/vhdl/src/unisims/primitive/DSP48E1.vhd
Warning: OPMODE Input Warning : The OPMODE 0110X0X with CARRYINSEL  000 to DSP48E1 instance is invalid.
Time: 1015 ns  Iteration: 11  Process: /apatb_accel_in_circle_top/AESL_inst_accel_in_circle_accel_in_circle/grp_in_circle_fu_410/accel_in_circle_fsub_32ns_32ns_32_3_full_dsp_0_U12/accel_in_circle_accel_in_circle_ap_fsub_1_full_dsp_32_u/U0/i_synth/addsub_op/ADDSUB/dsp/OP/dsp48e1_body/ALIGN_ADD/DSP2/DSP/prcs_opmode_drc  File: /opt/Xilinx/Vivado/2019.2/data/vhdl/src/unisims/primitive/DSP48E1.vhd
Warning: OPMODE Input Warning : The OPMODE 0110X0X with CARRYINSEL  000 to DSP48E1 instance is invalid.
Time: 1015 ns  Iteration: 11  Process: /apatb_accel_in_circle_top/AESL_inst_accel_in_circle_accel_in_circle/grp_in_circle_fu_410/accel_in_circle_fsub_32ns_32ns_32_3_full_dsp_0_U13/accel_in_circle_accel_in_circle_ap_fsub_1_full_dsp_32_u/U0/i_synth/addsub_op/ADDSUB/dsp/OP/dsp48e1_body/ALIGN_ADD/DSP2/DSP/prcs_opmode_drc  File: /opt/Xilinx/Vivado/2019.2/data/vhdl/src/unisims/primitive/DSP48E1.vhd
Warning: OPMODE Input Warning : The OPMODE 0110X0X with CARRYINSEL  000 to DSP48E1 instance is invalid.
Time: 1015 ns  Iteration: 11  Process: /apatb_accel_in_circle_top/AESL_inst_accel_in_circle_accel_in_circle/grp_in_circle_fu_410/accel_in_circle_fadd_32ns_32ns_32_3_full_dsp_0_U14/accel_in_circle_accel_in_circle_ap_fadd_1_full_dsp_32_u/U0/i_synth/addsub_op/ADDSUB/dsp/OP/dsp48e1_body/ALIGN_ADD/DSP2/DSP/prcs_opmode_drc  File: /opt/Xilinx/Vivado/2019.2/data/vhdl/src/unisims/primitive/DSP48E1.vhd
Warning: OPMODE Input Warning : The OPMODE 0110X0X with CARRYINSEL  000 to DSP48E1 instance is invalid.
Time: 1015 ns  Iteration: 11  Process: /apatb_accel_in_circle_top/AESL_inst_accel_in_circle_accel_in_circle/grp_in_circle_fu_422/accel_in_circle_fsub_32ns_32ns_32_3_full_dsp_0_U1/accel_in_circle_accel_in_circle_ap_fsub_1_full_dsp_32_u/U0/i_synth/addsub_op/ADDSUB/dsp/OP/dsp48e1_body/ALIGN_ADD/DSP2/DSP/prcs_opmode_drc  File: /opt/Xilinx/Vivado/2019.2/data/vhdl/src/unisims/primitive/DSP48E1.vhd
Warning: OPMODE Input Warning : The OPMODE 0110X0X with CARRYINSEL  000 to DSP48E1 instance is invalid.
Time: 1015 ns  Iteration: 11  Process: /apatb_accel_in_circle_top/AESL_inst_accel_in_circle_accel_in_circle/grp_in_circle_fu_422/accel_in_circle_fsub_32ns_32ns_32_3_full_dsp_0_U2/accel_in_circle_accel_in_circle_ap_fsub_1_full_dsp_32_u/U0/i_synth/addsub_op/ADDSUB/dsp/OP/dsp48e1_body/ALIGN_ADD/DSP2/DSP/prcs_opmode_drc  File: /opt/Xilinx/Vivado/2019.2/data/vhdl/src/unisims/primitive/DSP48E1.vhd
Warning: OPMODE Input Warning : The OPMODE 0110X0X with CARRYINSEL  000 to DSP48E1 instance is invalid.
Time: 1015 ns  Iteration: 11  Process: /apatb_accel_in_circle_top/AESL_inst_accel_in_circle_accel_in_circle/grp_in_circle_fu_422/accel_in_circle_fsub_32ns_32ns_32_3_full_dsp_0_U3/accel_in_circle_accel_in_circle_ap_fsub_1_full_dsp_32_u/U0/i_synth/addsub_op/ADDSUB/dsp/OP/dsp48e1_body/ALIGN_ADD/DSP2/DSP/prcs_opmode_drc  File: /opt/Xilinx/Vivado/2019.2/data/vhdl/src/unisims/primitive/DSP48E1.vhd
Warning: OPMODE Input Warning : The OPMODE 0110X0X with CARRYINSEL  000 to DSP48E1 instance is invalid.
Time: 1015 ns  Iteration: 11  Process: /apatb_accel_in_circle_top/AESL_inst_accel_in_circle_accel_in_circle/grp_in_circle_fu_422/accel_in_circle_fsub_32ns_32ns_32_3_full_dsp_0_U4/accel_in_circle_accel_in_circle_ap_fsub_1_full_dsp_32_u/U0/i_synth/addsub_op/ADDSUB/dsp/OP/dsp48e1_body/ALIGN_ADD/DSP2/DSP/prcs_opmode_drc  File: /opt/Xilinx/Vivado/2019.2/data/vhdl/src/unisims/primitive/DSP48E1.vhd
Warning: OPMODE Input Warning : The OPMODE 0110X0X with CARRYINSEL  000 to DSP48E1 instance is invalid.
Time: 1015 ns  Iteration: 11  Process: /apatb_accel_in_circle_top/AESL_inst_accel_in_circle_accel_in_circle/grp_in_circle_fu_422/accel_in_circle_fsub_32ns_32ns_32_3_full_dsp_0_U5/accel_in_circle_accel_in_circle_ap_fsub_1_full_dsp_32_u/U0/i_synth/addsub_op/ADDSUB/dsp/OP/dsp48e1_body/ALIGN_ADD/DSP2/DSP/prcs_opmode_drc  File: /opt/Xilinx/Vivado/2019.2/data/vhdl/src/unisims/primitive/DSP48E1.vhd
Warning: OPMODE Input Warning : The OPMODE 0110X0X with CARRYINSEL  000 to DSP48E1 instance is invalid.
Time: 1015 ns  Iteration: 11  Process: /apatb_accel_in_circle_top/AESL_inst_accel_in_circle_accel_in_circle/grp_in_circle_fu_422/accel_in_circle_fsub_32ns_32ns_32_3_full_dsp_0_U6/accel_in_circle_accel_in_circle_ap_fsub_1_full_dsp_32_u/U0/i_synth/addsub_op/ADDSUB/dsp/OP/dsp48e1_body/ALIGN_ADD/DSP2/DSP/prcs_opmode_drc  File: /opt/Xilinx/Vivado/2019.2/data/vhdl/src/unisims/primitive/DSP48E1.vhd
Warning: OPMODE Input Warning : The OPMODE 0110X0X with CARRYINSEL  000 to DSP48E1 instance is invalid.
Time: 1015 ns  Iteration: 11  Process: /apatb_accel_in_circle_top/AESL_inst_accel_in_circle_accel_in_circle/grp_in_circle_fu_422/accel_in_circle_fadd_32ns_32ns_32_3_full_dsp_0_U7/accel_in_circle_accel_in_circle_ap_fadd_1_full_dsp_32_u/U0/i_synth/addsub_op/ADDSUB/dsp/OP/dsp48e1_body/ALIGN_ADD/DSP2/DSP/prcs_opmode_drc  File: /opt/Xilinx/Vivado/2019.2/data/vhdl/src/unisims/primitive/DSP48E1.vhd
Warning: OPMODE Input Warning : The OPMODE 0110X0X with CARRYINSEL  000 to DSP48E1 instance is invalid.
Time: 1015 ns  Iteration: 11  Process: /apatb_accel_in_circle_top/AESL_inst_accel_in_circle_accel_in_circle/grp_in_circle_fu_422/accel_in_circle_fadd_32ns_32ns_32_3_full_dsp_0_U8/accel_in_circle_accel_in_circle_ap_fadd_1_full_dsp_32_u/U0/i_synth/addsub_op/ADDSUB/dsp/OP/dsp48e1_body/ALIGN_ADD/DSP2/DSP/prcs_opmode_drc  File: /opt/Xilinx/Vivado/2019.2/data/vhdl/src/unisims/primitive/DSP48E1.vhd
Warning: OPMODE Input Warning : The OPMODE 0110X0X with CARRYINSEL  000 to DSP48E1 instance is invalid.
Time: 1015 ns  Iteration: 11  Process: /apatb_accel_in_circle_top/AESL_inst_accel_in_circle_accel_in_circle/grp_in_circle_fu_422/accel_in_circle_fadd_32ns_32ns_32_3_full_dsp_0_U9/accel_in_circle_accel_in_circle_ap_fadd_1_full_dsp_32_u/U0/i_synth/addsub_op/ADDSUB/dsp/OP/dsp48e1_body/ALIGN_ADD/DSP2/DSP/prcs_opmode_drc  File: /opt/Xilinx/Vivado/2019.2/data/vhdl/src/unisims/primitive/DSP48E1.vhd
Warning: OPMODE Input Warning : The OPMODE 0110X0X with CARRYINSEL  000 to DSP48E1 instance is invalid.
Time: 1015 ns  Iteration: 11  Process: /apatb_accel_in_circle_top/AESL_inst_accel_in_circle_accel_in_circle/grp_in_circle_fu_422/accel_in_circle_fsub_32ns_32ns_32_3_full_dsp_0_U10/accel_in_circle_accel_in_circle_ap_fsub_1_full_dsp_32_u/U0/i_synth/addsub_op/ADDSUB/dsp/OP/dsp48e1_body/ALIGN_ADD/DSP2/DSP/prcs_opmode_drc  File: /opt/Xilinx/Vivado/2019.2/data/vhdl/src/unisims/primitive/DSP48E1.vhd
Warning: OPMODE Input Warning : The OPMODE 0110X0X with CARRYINSEL  000 to DSP48E1 instance is invalid.
Time: 1015 ns  Iteration: 11  Process: /apatb_accel_in_circle_top/AESL_inst_accel_in_circle_accel_in_circle/grp_in_circle_fu_422/accel_in_circle_fsub_32ns_32ns_32_3_full_dsp_0_U11/accel_in_circle_accel_in_circle_ap_fsub_1_full_dsp_32_u/U0/i_synth/addsub_op/ADDSUB/dsp/OP/dsp48e1_body/ALIGN_ADD/DSP2/DSP/prcs_opmode_drc  File: /opt/Xilinx/Vivado/2019.2/data/vhdl/src/unisims/primitive/DSP48E1.vhd
Warning: OPMODE Input Warning : The OPMODE 0110X0X with CARRYINSEL  000 to DSP48E1 instance is invalid.
Time: 1015 ns  Iteration: 11  Process: /apatb_accel_in_circle_top/AESL_inst_accel_in_circle_accel_in_circle/grp_in_circle_fu_422/accel_in_circle_fsub_32ns_32ns_32_3_full_dsp_0_U12/accel_in_circle_accel_in_circle_ap_fsub_1_full_dsp_32_u/U0/i_synth/addsub_op/ADDSUB/dsp/OP/dsp48e1_body/ALIGN_ADD/DSP2/DSP/prcs_opmode_drc  File: /opt/Xilinx/Vivado/2019.2/data/vhdl/src/unisims/primitive/DSP48E1.vhd
Warning: OPMODE Input Warning : The OPMODE 0110X0X with CARRYINSEL  000 to DSP48E1 instance is invalid.
Time: 1015 ns  Iteration: 11  Process: /apatb_accel_in_circle_top/AESL_inst_accel_in_circle_accel_in_circle/grp_in_circle_fu_422/accel_in_circle_fsub_32ns_32ns_32_3_full_dsp_0_U13/accel_in_circle_accel_in_circle_ap_fsub_1_full_dsp_32_u/U0/i_synth/addsub_op/ADDSUB/dsp/OP/dsp48e1_body/ALIGN_ADD/DSP2/DSP/prcs_opmode_drc  File: /opt/Xilinx/Vivado/2019.2/data/vhdl/src/unisims/primitive/DSP48E1.vhd
Warning: OPMODE Input Warning : The OPMODE 0110X0X with CARRYINSEL  000 to DSP48E1 instance is invalid.
Time: 1015 ns  Iteration: 11  Process: /apatb_accel_in_circle_top/AESL_inst_accel_in_circle_accel_in_circle/grp_in_circle_fu_422/accel_in_circle_fadd_32ns_32ns_32_3_full_dsp_0_U14/accel_in_circle_accel_in_circle_ap_fadd_1_full_dsp_32_u/U0/i_synth/addsub_op/ADDSUB/dsp/OP/dsp48e1_body/ALIGN_ADD/DSP2/DSP/prcs_opmode_drc  File: /opt/Xilinx/Vivado/2019.2/data/vhdl/src/unisims/primitive/DSP48E1.vhd
Warning: OPMODE Input Warning : The OPMODE 0110X0X with CARRYINSEL  000 to DSP48E1 instance is invalid.
Time: 1015 ns  Iteration: 11  Process: /apatb_accel_in_circle_top/AESL_inst_accel_in_circle_accel_in_circle/grp_in_circle_fu_434/accel_in_circle_fsub_32ns_32ns_32_3_full_dsp_0_U1/accel_in_circle_accel_in_circle_ap_fsub_1_full_dsp_32_u/U0/i_synth/addsub_op/ADDSUB/dsp/OP/dsp48e1_body/ALIGN_ADD/DSP2/DSP/prcs_opmode_drc  File: /opt/Xilinx/Vivado/2019.2/data/vhdl/src/unisims/primitive/DSP48E1.vhd
Warning: OPMODE Input Warning : The OPMODE 0110X0X with CARRYINSEL  000 to DSP48E1 instance is invalid.
Time: 1015 ns  Iteration: 11  Process: /apatb_accel_in_circle_top/AESL_inst_accel_in_circle_accel_in_circle/grp_in_circle_fu_434/accel_in_circle_fsub_32ns_32ns_32_3_full_dsp_0_U2/accel_in_circle_accel_in_circle_ap_fsub_1_full_dsp_32_u/U0/i_synth/addsub_op/ADDSUB/dsp/OP/dsp48e1_body/ALIGN_ADD/DSP2/DSP/prcs_opmode_drc  File: /opt/Xilinx/Vivado/2019.2/data/vhdl/src/unisims/primitive/DSP48E1.vhd
Warning: OPMODE Input Warning : The OPMODE 0110X0X with CARRYINSEL  000 to DSP48E1 instance is invalid.
Time: 1015 ns  Iteration: 11  Process: /apatb_accel_in_circle_top/AESL_inst_accel_in_circle_accel_in_circle/grp_in_circle_fu_434/accel_in_circle_fsub_32ns_32ns_32_3_full_dsp_0_U3/accel_in_circle_accel_in_circle_ap_fsub_1_full_dsp_32_u/U0/i_synth/addsub_op/ADDSUB/dsp/OP/dsp48e1_body/ALIGN_ADD/DSP2/DSP/prcs_opmode_drc  File: /opt/Xilinx/Vivado/2019.2/data/vhdl/src/unisims/primitive/DSP48E1.vhd
Warning: OPMODE Input Warning : The OPMODE 0110X0X with CARRYINSEL  000 to DSP48E1 instance is invalid.
Time: 1015 ns  Iteration: 11  Process: /apatb_accel_in_circle_top/AESL_inst_accel_in_circle_accel_in_circle/grp_in_circle_fu_434/accel_in_circle_fsub_32ns_32ns_32_3_full_dsp_0_U4/accel_in_circle_accel_in_circle_ap_fsub_1_full_dsp_32_u/U0/i_synth/addsub_op/ADDSUB/dsp/OP/dsp48e1_body/ALIGN_ADD/DSP2/DSP/prcs_opmode_drc  File: /opt/Xilinx/Vivado/2019.2/data/vhdl/src/unisims/primitive/DSP48E1.vhd
Warning: OPMODE Input Warning : The OPMODE 0110X0X with CARRYINSEL  000 to DSP48E1 instance is invalid.
Time: 1015 ns  Iteration: 11  Process: /apatb_accel_in_circle_top/AESL_inst_accel_in_circle_accel_in_circle/grp_in_circle_fu_434/accel_in_circle_fsub_32ns_32ns_32_3_full_dsp_0_U5/accel_in_circle_accel_in_circle_ap_fsub_1_full_dsp_32_u/U0/i_synth/addsub_op/ADDSUB/dsp/OP/dsp48e1_body/ALIGN_ADD/DSP2/DSP/prcs_opmode_drc  File: /opt/Xilinx/Vivado/2019.2/data/vhdl/src/unisims/primitive/DSP48E1.vhd
Warning: OPMODE Input Warning : The OPMODE 0110X0X with CARRYINSEL  000 to DSP48E1 instance is invalid.
Time: 1015 ns  Iteration: 11  Process: /apatb_accel_in_circle_top/AESL_inst_accel_in_circle_accel_in_circle/grp_in_circle_fu_434/accel_in_circle_fsub_32ns_32ns_32_3_full_dsp_0_U6/accel_in_circle_accel_in_circle_ap_fsub_1_full_dsp_32_u/U0/i_synth/addsub_op/ADDSUB/dsp/OP/dsp48e1_body/ALIGN_ADD/DSP2/DSP/prcs_opmode_drc  File: /opt/Xilinx/Vivado/2019.2/data/vhdl/src/unisims/primitive/DSP48E1.vhd
Warning: OPMODE Input Warning : The OPMODE 0110X0X with CARRYINSEL  000 to DSP48E1 instance is invalid.
Time: 1015 ns  Iteration: 11  Process: /apatb_accel_in_circle_top/AESL_inst_accel_in_circle_accel_in_circle/grp_in_circle_fu_434/accel_in_circle_fadd_32ns_32ns_32_3_full_dsp_0_U7/accel_in_circle_accel_in_circle_ap_fadd_1_full_dsp_32_u/U0/i_synth/addsub_op/ADDSUB/dsp/OP/dsp48e1_body/ALIGN_ADD/DSP2/DSP/prcs_opmode_drc  File: /opt/Xilinx/Vivado/2019.2/data/vhdl/src/unisims/primitive/DSP48E1.vhd
Warning: OPMODE Input Warning : The OPMODE 0110X0X with CARRYINSEL  000 to DSP48E1 instance is invalid.
Time: 1015 ns  Iteration: 11  Process: /apatb_accel_in_circle_top/AESL_inst_accel_in_circle_accel_in_circle/grp_in_circle_fu_434/accel_in_circle_fadd_32ns_32ns_32_3_full_dsp_0_U8/accel_in_circle_accel_in_circle_ap_fadd_1_full_dsp_32_u/U0/i_synth/addsub_op/ADDSUB/dsp/OP/dsp48e1_body/ALIGN_ADD/DSP2/DSP/prcs_opmode_drc  File: /opt/Xilinx/Vivado/2019.2/data/vhdl/src/unisims/primitive/DSP48E1.vhd
Warning: OPMODE Input Warning : The OPMODE 0110X0X with CARRYINSEL  000 to DSP48E1 instance is invalid.
Time: 1015 ns  Iteration: 11  Process: /apatb_accel_in_circle_top/AESL_inst_accel_in_circle_accel_in_circle/grp_in_circle_fu_434/accel_in_circle_fadd_32ns_32ns_32_3_full_dsp_0_U9/accel_in_circle_accel_in_circle_ap_fadd_1_full_dsp_32_u/U0/i_synth/addsub_op/ADDSUB/dsp/OP/dsp48e1_body/ALIGN_ADD/DSP2/DSP/prcs_opmode_drc  File: /opt/Xilinx/Vivado/2019.2/data/vhdl/src/unisims/primitive/DSP48E1.vhd
Warning: OPMODE Input Warning : The OPMODE 0110X0X with CARRYINSEL  000 to DSP48E1 instance is invalid.
Time: 1015 ns  Iteration: 11  Process: /apatb_accel_in_circle_top/AESL_inst_accel_in_circle_accel_in_circle/grp_in_circle_fu_434/accel_in_circle_fsub_32ns_32ns_32_3_full_dsp_0_U10/accel_in_circle_accel_in_circle_ap_fsub_1_full_dsp_32_u/U0/i_synth/addsub_op/ADDSUB/dsp/OP/dsp48e1_body/ALIGN_ADD/DSP2/DSP/prcs_opmode_drc  File: /opt/Xilinx/Vivado/2019.2/data/vhdl/src/unisims/primitive/DSP48E1.vhd
Warning: OPMODE Input Warning : The OPMODE 0110X0X with CARRYINSEL  000 to DSP48E1 instance is invalid.
Time: 1015 ns  Iteration: 11  Process: /apatb_accel_in_circle_top/AESL_inst_accel_in_circle_accel_in_circle/grp_in_circle_fu_434/accel_in_circle_fsub_32ns_32ns_32_3_full_dsp_0_U11/accel_in_circle_accel_in_circle_ap_fsub_1_full_dsp_32_u/U0/i_synth/addsub_op/ADDSUB/dsp/OP/dsp48e1_body/ALIGN_ADD/DSP2/DSP/prcs_opmode_drc  File: /opt/Xilinx/Vivado/2019.2/data/vhdl/src/unisims/primitive/DSP48E1.vhd
Warning: OPMODE Input Warning : The OPMODE 0110X0X with CARRYINSEL  000 to DSP48E1 instance is invalid.
Time: 1015 ns  Iteration: 11  Process: /apatb_accel_in_circle_top/AESL_inst_accel_in_circle_accel_in_circle/grp_in_circle_fu_434/accel_in_circle_fsub_32ns_32ns_32_3_full_dsp_0_U12/accel_in_circle_accel_in_circle_ap_fsub_1_full_dsp_32_u/U0/i_synth/addsub_op/ADDSUB/dsp/OP/dsp48e1_body/ALIGN_ADD/DSP2/DSP/prcs_opmode_drc  File: /opt/Xilinx/Vivado/2019.2/data/vhdl/src/unisims/primitive/DSP48E1.vhd
Warning: OPMODE Input Warning : The OPMODE 0110X0X with CARRYINSEL  000 to DSP48E1 instance is invalid.
Time: 1015 ns  Iteration: 11  Process: /apatb_accel_in_circle_top/AESL_inst_accel_in_circle_accel_in_circle/grp_in_circle_fu_434/accel_in_circle_fsub_32ns_32ns_32_3_full_dsp_0_U13/accel_in_circle_accel_in_circle_ap_fsub_1_full_dsp_32_u/U0/i_synth/addsub_op/ADDSUB/dsp/OP/dsp48e1_body/ALIGN_ADD/DSP2/DSP/prcs_opmode_drc  File: /opt/Xilinx/Vivado/2019.2/data/vhdl/src/unisims/primitive/DSP48E1.vhd
Warning: OPMODE Input Warning : The OPMODE 0110X0X with CARRYINSEL  000 to DSP48E1 instance is invalid.
Time: 1015 ns  Iteration: 11  Process: /apatb_accel_in_circle_top/AESL_inst_accel_in_circle_accel_in_circle/grp_in_circle_fu_434/accel_in_circle_fadd_32ns_32ns_32_3_full_dsp_0_U14/accel_in_circle_accel_in_circle_ap_fadd_1_full_dsp_32_u/U0/i_synth/addsub_op/ADDSUB/dsp/OP/dsp48e1_body/ALIGN_ADD/DSP2/DSP/prcs_opmode_drc  File: /opt/Xilinx/Vivado/2019.2/data/vhdl/src/unisims/primitive/DSP48E1.vhd
Warning: OPMODE Input Warning : The OPMODE 0110X0X with CARRYINSEL  000 to DSP48E1 instance is invalid.
Time: 1015 ns  Iteration: 11  Process: /apatb_accel_in_circle_top/AESL_inst_accel_in_circle_accel_in_circle/grp_in_circle_fu_446/accel_in_circle_fsub_32ns_32ns_32_3_full_dsp_0_U1/accel_in_circle_accel_in_circle_ap_fsub_1_full_dsp_32_u/U0/i_synth/addsub_op/ADDSUB/dsp/OP/dsp48e1_body/ALIGN_ADD/DSP2/DSP/prcs_opmode_drc  File: /opt/Xilinx/Vivado/2019.2/data/vhdl/src/unisims/primitive/DSP48E1.vhd
Warning: OPMODE Input Warning : The OPMODE 0110X0X with CARRYINSEL  000 to DSP48E1 instance is invalid.
Time: 1015 ns  Iteration: 11  Process: /apatb_accel_in_circle_top/AESL_inst_accel_in_circle_accel_in_circle/grp_in_circle_fu_446/accel_in_circle_fsub_32ns_32ns_32_3_full_dsp_0_U2/accel_in_circle_accel_in_circle_ap_fsub_1_full_dsp_32_u/U0/i_synth/addsub_op/ADDSUB/dsp/OP/dsp48e1_body/ALIGN_ADD/DSP2/DSP/prcs_opmode_drc  File: /opt/Xilinx/Vivado/2019.2/data/vhdl/src/unisims/primitive/DSP48E1.vhd
Warning: OPMODE Input Warning : The OPMODE 0110X0X with CARRYINSEL  000 to DSP48E1 instance is invalid.
Time: 1015 ns  Iteration: 11  Process: /apatb_accel_in_circle_top/AESL_inst_accel_in_circle_accel_in_circle/grp_in_circle_fu_446/accel_in_circle_fsub_32ns_32ns_32_3_full_dsp_0_U3/accel_in_circle_accel_in_circle_ap_fsub_1_full_dsp_32_u/U0/i_synth/addsub_op/ADDSUB/dsp/OP/dsp48e1_body/ALIGN_ADD/DSP2/DSP/prcs_opmode_drc  File: /opt/Xilinx/Vivado/2019.2/data/vhdl/src/unisims/primitive/DSP48E1.vhd
Warning: OPMODE Input Warning : The OPMODE 0110X0X with CARRYINSEL  000 to DSP48E1 instance is invalid.
Time: 1015 ns  Iteration: 11  Process: /apatb_accel_in_circle_top/AESL_inst_accel_in_circle_accel_in_circle/grp_in_circle_fu_446/accel_in_circle_fsub_32ns_32ns_32_3_full_dsp_0_U4/accel_in_circle_accel_in_circle_ap_fsub_1_full_dsp_32_u/U0/i_synth/addsub_op/ADDSUB/dsp/OP/dsp48e1_body/ALIGN_ADD/DSP2/DSP/prcs_opmode_drc  File: /opt/Xilinx/Vivado/2019.2/data/vhdl/src/unisims/primitive/DSP48E1.vhd
Warning: OPMODE Input Warning : The OPMODE 0110X0X with CARRYINSEL  000 to DSP48E1 instance is invalid.
Time: 1015 ns  Iteration: 11  Process: /apatb_accel_in_circle_top/AESL_inst_accel_in_circle_accel_in_circle/grp_in_circle_fu_446/accel_in_circle_fsub_32ns_32ns_32_3_full_dsp_0_U5/accel_in_circle_accel_in_circle_ap_fsub_1_full_dsp_32_u/U0/i_synth/addsub_op/ADDSUB/dsp/OP/dsp48e1_body/ALIGN_ADD/DSP2/DSP/prcs_opmode_drc  File: /opt/Xilinx/Vivado/2019.2/data/vhdl/src/unisims/primitive/DSP48E1.vhd
Warning: OPMODE Input Warning : The OPMODE 0110X0X with CARRYINSEL  000 to DSP48E1 instance is invalid.
Time: 1015 ns  Iteration: 11  Process: /apatb_accel_in_circle_top/AESL_inst_accel_in_circle_accel_in_circle/grp_in_circle_fu_446/accel_in_circle_fsub_32ns_32ns_32_3_full_dsp_0_U6/accel_in_circle_accel_in_circle_ap_fsub_1_full_dsp_32_u/U0/i_synth/addsub_op/ADDSUB/dsp/OP/dsp48e1_body/ALIGN_ADD/DSP2/DSP/prcs_opmode_drc  File: /opt/Xilinx/Vivado/2019.2/data/vhdl/src/unisims/primitive/DSP48E1.vhd
Warning: OPMODE Input Warning : The OPMODE 0110X0X with CARRYINSEL  000 to DSP48E1 instance is invalid.
Time: 1015 ns  Iteration: 11  Process: /apatb_accel_in_circle_top/AESL_inst_accel_in_circle_accel_in_circle/grp_in_circle_fu_446/accel_in_circle_fadd_32ns_32ns_32_3_full_dsp_0_U7/accel_in_circle_accel_in_circle_ap_fadd_1_full_dsp_32_u/U0/i_synth/addsub_op/ADDSUB/dsp/OP/dsp48e1_body/ALIGN_ADD/DSP2/DSP/prcs_opmode_drc  File: /opt/Xilinx/Vivado/2019.2/data/vhdl/src/unisims/primitive/DSP48E1.vhd
Warning: OPMODE Input Warning : The OPMODE 0110X0X with CARRYINSEL  000 to DSP48E1 instance is invalid.
Time: 1015 ns  Iteration: 11  Process: /apatb_accel_in_circle_top/AESL_inst_accel_in_circle_accel_in_circle/grp_in_circle_fu_446/accel_in_circle_fadd_32ns_32ns_32_3_full_dsp_0_U8/accel_in_circle_accel_in_circle_ap_fadd_1_full_dsp_32_u/U0/i_synth/addsub_op/ADDSUB/dsp/OP/dsp48e1_body/ALIGN_ADD/DSP2/DSP/prcs_opmode_drc  File: /opt/Xilinx/Vivado/2019.2/data/vhdl/src/unisims/primitive/DSP48E1.vhd
Warning: OPMODE Input Warning : The OPMODE 0110X0X with CARRYINSEL  000 to DSP48E1 instance is invalid.
Time: 1015 ns  Iteration: 11  Process: /apatb_accel_in_circle_top/AESL_inst_accel_in_circle_accel_in_circle/grp_in_circle_fu_446/accel_in_circle_fadd_32ns_32ns_32_3_full_dsp_0_U9/accel_in_circle_accel_in_circle_ap_fadd_1_full_dsp_32_u/U0/i_synth/addsub_op/ADDSUB/dsp/OP/dsp48e1_body/ALIGN_ADD/DSP2/DSP/prcs_opmode_drc  File: /opt/Xilinx/Vivado/2019.2/data/vhdl/src/unisims/primitive/DSP48E1.vhd
Warning: OPMODE Input Warning : The OPMODE 0110X0X with CARRYINSEL  000 to DSP48E1 instance is invalid.
Time: 1015 ns  Iteration: 11  Process: /apatb_accel_in_circle_top/AESL_inst_accel_in_circle_accel_in_circle/grp_in_circle_fu_446/accel_in_circle_fsub_32ns_32ns_32_3_full_dsp_0_U10/accel_in_circle_accel_in_circle_ap_fsub_1_full_dsp_32_u/U0/i_synth/addsub_op/ADDSUB/dsp/OP/dsp48e1_body/ALIGN_ADD/DSP2/DSP/prcs_opmode_drc  File: /opt/Xilinx/Vivado/2019.2/data/vhdl/src/unisims/primitive/DSP48E1.vhd
Warning: OPMODE Input Warning : The OPMODE 0110X0X with CARRYINSEL  000 to DSP48E1 instance is invalid.
Time: 1015 ns  Iteration: 11  Process: /apatb_accel_in_circle_top/AESL_inst_accel_in_circle_accel_in_circle/grp_in_circle_fu_446/accel_in_circle_fsub_32ns_32ns_32_3_full_dsp_0_U11/accel_in_circle_accel_in_circle_ap_fsub_1_full_dsp_32_u/U0/i_synth/addsub_op/ADDSUB/dsp/OP/dsp48e1_body/ALIGN_ADD/DSP2/DSP/prcs_opmode_drc  File: /opt/Xilinx/Vivado/2019.2/data/vhdl/src/unisims/primitive/DSP48E1.vhd
Warning: OPMODE Input Warning : The OPMODE 0110X0X with CARRYINSEL  000 to DSP48E1 instance is invalid.
Time: 1015 ns  Iteration: 11  Process: /apatb_accel_in_circle_top/AESL_inst_accel_in_circle_accel_in_circle/grp_in_circle_fu_446/accel_in_circle_fsub_32ns_32ns_32_3_full_dsp_0_U12/accel_in_circle_accel_in_circle_ap_fsub_1_full_dsp_32_u/U0/i_synth/addsub_op/ADDSUB/dsp/OP/dsp48e1_body/ALIGN_ADD/DSP2/DSP/prcs_opmode_drc  File: /opt/Xilinx/Vivado/2019.2/data/vhdl/src/unisims/primitive/DSP48E1.vhd
Warning: OPMODE Input Warning : The OPMODE 0110X0X with CARRYINSEL  000 to DSP48E1 instance is invalid.
Time: 1015 ns  Iteration: 11  Process: /apatb_accel_in_circle_top/AESL_inst_accel_in_circle_accel_in_circle/grp_in_circle_fu_446/accel_in_circle_fsub_32ns_32ns_32_3_full_dsp_0_U13/accel_in_circle_accel_in_circle_ap_fsub_1_full_dsp_32_u/U0/i_synth/addsub_op/ADDSUB/dsp/OP/dsp48e1_body/ALIGN_ADD/DSP2/DSP/prcs_opmode_drc  File: /opt/Xilinx/Vivado/2019.2/data/vhdl/src/unisims/primitive/DSP48E1.vhd
Warning: OPMODE Input Warning : The OPMODE 0110X0X with CARRYINSEL  000 to DSP48E1 instance is invalid.
Time: 1015 ns  Iteration: 11  Process: /apatb_accel_in_circle_top/AESL_inst_accel_in_circle_accel_in_circle/grp_in_circle_fu_446/accel_in_circle_fadd_32ns_32ns_32_3_full_dsp_0_U14/accel_in_circle_accel_in_circle_ap_fadd_1_full_dsp_32_u/U0/i_synth/addsub_op/ADDSUB/dsp/OP/dsp48e1_body/ALIGN_ADD/DSP2/DSP/prcs_opmode_drc  File: /opt/Xilinx/Vivado/2019.2/data/vhdl/src/unisims/primitive/DSP48E1.vhd
Warning: OPMODE Input Warning : The OPMODE 0110X0X with CARRYINSEL  000 to DSP48E1 instance is invalid.
Time: 1015 ns  Iteration: 11  Process: /apatb_accel_in_circle_top/AESL_inst_accel_in_circle_accel_in_circle/grp_in_circle_fu_458/accel_in_circle_fsub_32ns_32ns_32_3_full_dsp_0_U1/accel_in_circle_accel_in_circle_ap_fsub_1_full_dsp_32_u/U0/i_synth/addsub_op/ADDSUB/dsp/OP/dsp48e1_body/ALIGN_ADD/DSP2/DSP/prcs_opmode_drc  File: /opt/Xilinx/Vivado/2019.2/data/vhdl/src/unisims/primitive/DSP48E1.vhd
Warning: OPMODE Input Warning : The OPMODE 0110X0X with CARRYINSEL  000 to DSP48E1 instance is invalid.
Time: 1015 ns  Iteration: 11  Process: /apatb_accel_in_circle_top/AESL_inst_accel_in_circle_accel_in_circle/grp_in_circle_fu_458/accel_in_circle_fsub_32ns_32ns_32_3_full_dsp_0_U2/accel_in_circle_accel_in_circle_ap_fsub_1_full_dsp_32_u/U0/i_synth/addsub_op/ADDSUB/dsp/OP/dsp48e1_body/ALIGN_ADD/DSP2/DSP/prcs_opmode_drc  File: /opt/Xilinx/Vivado/2019.2/data/vhdl/src/unisims/primitive/DSP48E1.vhd
Warning: OPMODE Input Warning : The OPMODE 0110X0X with CARRYINSEL  000 to DSP48E1 instance is invalid.
Time: 1015 ns  Iteration: 11  Process: /apatb_accel_in_circle_top/AESL_inst_accel_in_circle_accel_in_circle/grp_in_circle_fu_458/accel_in_circle_fsub_32ns_32ns_32_3_full_dsp_0_U3/accel_in_circle_accel_in_circle_ap_fsub_1_full_dsp_32_u/U0/i_synth/addsub_op/ADDSUB/dsp/OP/dsp48e1_body/ALIGN_ADD/DSP2/DSP/prcs_opmode_drc  File: /opt/Xilinx/Vivado/2019.2/data/vhdl/src/unisims/primitive/DSP48E1.vhd
Warning: OPMODE Input Warning : The OPMODE 0110X0X with CARRYINSEL  000 to DSP48E1 instance is invalid.
Time: 1015 ns  Iteration: 11  Process: /apatb_accel_in_circle_top/AESL_inst_accel_in_circle_accel_in_circle/grp_in_circle_fu_458/accel_in_circle_fsub_32ns_32ns_32_3_full_dsp_0_U4/accel_in_circle_accel_in_circle_ap_fsub_1_full_dsp_32_u/U0/i_synth/addsub_op/ADDSUB/dsp/OP/dsp48e1_body/ALIGN_ADD/DSP2/DSP/prcs_opmode_drc  File: /opt/Xilinx/Vivado/2019.2/data/vhdl/src/unisims/primitive/DSP48E1.vhd
Warning: OPMODE Input Warning : The OPMODE 0110X0X with CARRYINSEL  000 to DSP48E1 instance is invalid.
Time: 1015 ns  Iteration: 11  Process: /apatb_accel_in_circle_top/AESL_inst_accel_in_circle_accel_in_circle/grp_in_circle_fu_458/accel_in_circle_fsub_32ns_32ns_32_3_full_dsp_0_U5/accel_in_circle_accel_in_circle_ap_fsub_1_full_dsp_32_u/U0/i_synth/addsub_op/ADDSUB/dsp/OP/dsp48e1_body/ALIGN_ADD/DSP2/DSP/prcs_opmode_drc  File: /opt/Xilinx/Vivado/2019.2/data/vhdl/src/unisims/primitive/DSP48E1.vhd
Warning: OPMODE Input Warning : The OPMODE 0110X0X with CARRYINSEL  000 to DSP48E1 instance is invalid.
Time: 1015 ns  Iteration: 11  Process: /apatb_accel_in_circle_top/AESL_inst_accel_in_circle_accel_in_circle/grp_in_circle_fu_458/accel_in_circle_fsub_32ns_32ns_32_3_full_dsp_0_U6/accel_in_circle_accel_in_circle_ap_fsub_1_full_dsp_32_u/U0/i_synth/addsub_op/ADDSUB/dsp/OP/dsp48e1_body/ALIGN_ADD/DSP2/DSP/prcs_opmode_drc  File: /opt/Xilinx/Vivado/2019.2/data/vhdl/src/unisims/primitive/DSP48E1.vhd
Warning: OPMODE Input Warning : The OPMODE 0110X0X with CARRYINSEL  000 to DSP48E1 instance is invalid.
Time: 1015 ns  Iteration: 11  Process: /apatb_accel_in_circle_top/AESL_inst_accel_in_circle_accel_in_circle/grp_in_circle_fu_458/accel_in_circle_fadd_32ns_32ns_32_3_full_dsp_0_U7/accel_in_circle_accel_in_circle_ap_fadd_1_full_dsp_32_u/U0/i_synth/addsub_op/ADDSUB/dsp/OP/dsp48e1_body/ALIGN_ADD/DSP2/DSP/prcs_opmode_drc  File: /opt/Xilinx/Vivado/2019.2/data/vhdl/src/unisims/primitive/DSP48E1.vhd
Warning: OPMODE Input Warning : The OPMODE 0110X0X with CARRYINSEL  000 to DSP48E1 instance is invalid.
Time: 1015 ns  Iteration: 11  Process: /apatb_accel_in_circle_top/AESL_inst_accel_in_circle_accel_in_circle/grp_in_circle_fu_458/accel_in_circle_fadd_32ns_32ns_32_3_full_dsp_0_U8/accel_in_circle_accel_in_circle_ap_fadd_1_full_dsp_32_u/U0/i_synth/addsub_op/ADDSUB/dsp/OP/dsp48e1_body/ALIGN_ADD/DSP2/DSP/prcs_opmode_drc  File: /opt/Xilinx/Vivado/2019.2/data/vhdl/src/unisims/primitive/DSP48E1.vhd
Warning: OPMODE Input Warning : The OPMODE 0110X0X with CARRYINSEL  000 to DSP48E1 instance is invalid.
Time: 1015 ns  Iteration: 11  Process: /apatb_accel_in_circle_top/AESL_inst_accel_in_circle_accel_in_circle/grp_in_circle_fu_458/accel_in_circle_fadd_32ns_32ns_32_3_full_dsp_0_U9/accel_in_circle_accel_in_circle_ap_fadd_1_full_dsp_32_u/U0/i_synth/addsub_op/ADDSUB/dsp/OP/dsp48e1_body/ALIGN_ADD/DSP2/DSP/prcs_opmode_drc  File: /opt/Xilinx/Vivado/2019.2/data/vhdl/src/unisims/primitive/DSP48E1.vhd
Warning: OPMODE Input Warning : The OPMODE 0110X0X with CARRYINSEL  000 to DSP48E1 instance is invalid.
Time: 1015 ns  Iteration: 11  Process: /apatb_accel_in_circle_top/AESL_inst_accel_in_circle_accel_in_circle/grp_in_circle_fu_458/accel_in_circle_fsub_32ns_32ns_32_3_full_dsp_0_U10/accel_in_circle_accel_in_circle_ap_fsub_1_full_dsp_32_u/U0/i_synth/addsub_op/ADDSUB/dsp/OP/dsp48e1_body/ALIGN_ADD/DSP2/DSP/prcs_opmode_drc  File: /opt/Xilinx/Vivado/2019.2/data/vhdl/src/unisims/primitive/DSP48E1.vhd
Warning: OPMODE Input Warning : The OPMODE 0110X0X with CARRYINSEL  000 to DSP48E1 instance is invalid.
Time: 1015 ns  Iteration: 11  Process: /apatb_accel_in_circle_top/AESL_inst_accel_in_circle_accel_in_circle/grp_in_circle_fu_458/accel_in_circle_fsub_32ns_32ns_32_3_full_dsp_0_U11/accel_in_circle_accel_in_circle_ap_fsub_1_full_dsp_32_u/U0/i_synth/addsub_op/ADDSUB/dsp/OP/dsp48e1_body/ALIGN_ADD/DSP2/DSP/prcs_opmode_drc  File: /opt/Xilinx/Vivado/2019.2/data/vhdl/src/unisims/primitive/DSP48E1.vhd
Warning: OPMODE Input Warning : The OPMODE 0110X0X with CARRYINSEL  000 to DSP48E1 instance is invalid.
Time: 1015 ns  Iteration: 11  Process: /apatb_accel_in_circle_top/AESL_inst_accel_in_circle_accel_in_circle/grp_in_circle_fu_458/accel_in_circle_fsub_32ns_32ns_32_3_full_dsp_0_U12/accel_in_circle_accel_in_circle_ap_fsub_1_full_dsp_32_u/U0/i_synth/addsub_op/ADDSUB/dsp/OP/dsp48e1_body/ALIGN_ADD/DSP2/DSP/prcs_opmode_drc  File: /opt/Xilinx/Vivado/2019.2/data/vhdl/src/unisims/primitive/DSP48E1.vhd
Warning: OPMODE Input Warning : The OPMODE 0110X0X with CARRYINSEL  000 to DSP48E1 instance is invalid.
Time: 1015 ns  Iteration: 11  Process: /apatb_accel_in_circle_top/AESL_inst_accel_in_circle_accel_in_circle/grp_in_circle_fu_458/accel_in_circle_fsub_32ns_32ns_32_3_full_dsp_0_U13/accel_in_circle_accel_in_circle_ap_fsub_1_full_dsp_32_u/U0/i_synth/addsub_op/ADDSUB/dsp/OP/dsp48e1_body/ALIGN_ADD/DSP2/DSP/prcs_opmode_drc  File: /opt/Xilinx/Vivado/2019.2/data/vhdl/src/unisims/primitive/DSP48E1.vhd
Warning: OPMODE Input Warning : The OPMODE 0110X0X with CARRYINSEL  000 to DSP48E1 instance is invalid.
Time: 1015 ns  Iteration: 11  Process: /apatb_accel_in_circle_top/AESL_inst_accel_in_circle_accel_in_circle/grp_in_circle_fu_458/accel_in_circle_fadd_32ns_32ns_32_3_full_dsp_0_U14/accel_in_circle_accel_in_circle_ap_fadd_1_full_dsp_32_u/U0/i_synth/addsub_op/ADDSUB/dsp/OP/dsp48e1_body/ALIGN_ADD/DSP2/DSP/prcs_opmode_drc  File: /opt/Xilinx/Vivado/2019.2/data/vhdl/src/unisims/primitive/DSP48E1.vhd
Warning: OPMODE Input Warning : The OPMODE 0110X0X with CARRYINSEL  000 to DSP48E1 instance is invalid.
Time: 1015 ns  Iteration: 11  Process: /apatb_accel_in_circle_top/AESL_inst_accel_in_circle_accel_in_circle/grp_in_circle_fu_470/accel_in_circle_fsub_32ns_32ns_32_3_full_dsp_0_U1/accel_in_circle_accel_in_circle_ap_fsub_1_full_dsp_32_u/U0/i_synth/addsub_op/ADDSUB/dsp/OP/dsp48e1_body/ALIGN_ADD/DSP2/DSP/prcs_opmode_drc  File: /opt/Xilinx/Vivado/2019.2/data/vhdl/src/unisims/primitive/DSP48E1.vhd
Warning: OPMODE Input Warning : The OPMODE 0110X0X with CARRYINSEL  000 to DSP48E1 instance is invalid.
Time: 1015 ns  Iteration: 11  Process: /apatb_accel_in_circle_top/AESL_inst_accel_in_circle_accel_in_circle/grp_in_circle_fu_470/accel_in_circle_fsub_32ns_32ns_32_3_full_dsp_0_U2/accel_in_circle_accel_in_circle_ap_fsub_1_full_dsp_32_u/U0/i_synth/addsub_op/ADDSUB/dsp/OP/dsp48e1_body/ALIGN_ADD/DSP2/DSP/prcs_opmode_drc  File: /opt/Xilinx/Vivado/2019.2/data/vhdl/src/unisims/primitive/DSP48E1.vhd
Warning: OPMODE Input Warning : The OPMODE 0110X0X with CARRYINSEL  000 to DSP48E1 instance is invalid.
Time: 1015 ns  Iteration: 11  Process: /apatb_accel_in_circle_top/AESL_inst_accel_in_circle_accel_in_circle/grp_in_circle_fu_470/accel_in_circle_fsub_32ns_32ns_32_3_full_dsp_0_U3/accel_in_circle_accel_in_circle_ap_fsub_1_full_dsp_32_u/U0/i_synth/addsub_op/ADDSUB/dsp/OP/dsp48e1_body/ALIGN_ADD/DSP2/DSP/prcs_opmode_drc  File: /opt/Xilinx/Vivado/2019.2/data/vhdl/src/unisims/primitive/DSP48E1.vhd
Warning: OPMODE Input Warning : The OPMODE 0110X0X with CARRYINSEL  000 to DSP48E1 instance is invalid.
Time: 1015 ns  Iteration: 11  Process: /apatb_accel_in_circle_top/AESL_inst_accel_in_circle_accel_in_circle/grp_in_circle_fu_470/accel_in_circle_fsub_32ns_32ns_32_3_full_dsp_0_U4/accel_in_circle_accel_in_circle_ap_fsub_1_full_dsp_32_u/U0/i_synth/addsub_op/ADDSUB/dsp/OP/dsp48e1_body/ALIGN_ADD/DSP2/DSP/prcs_opmode_drc  File: /opt/Xilinx/Vivado/2019.2/data/vhdl/src/unisims/primitive/DSP48E1.vhd
Warning: OPMODE Input Warning : The OPMODE 0110X0X with CARRYINSEL  000 to DSP48E1 instance is invalid.
Time: 1015 ns  Iteration: 11  Process: /apatb_accel_in_circle_top/AESL_inst_accel_in_circle_accel_in_circle/grp_in_circle_fu_470/accel_in_circle_fsub_32ns_32ns_32_3_full_dsp_0_U5/accel_in_circle_accel_in_circle_ap_fsub_1_full_dsp_32_u/U0/i_synth/addsub_op/ADDSUB/dsp/OP/dsp48e1_body/ALIGN_ADD/DSP2/DSP/prcs_opmode_drc  File: /opt/Xilinx/Vivado/2019.2/data/vhdl/src/unisims/primitive/DSP48E1.vhd
Warning: OPMODE Input Warning : The OPMODE 0110X0X with CARRYINSEL  000 to DSP48E1 instance is invalid.
Time: 1015 ns  Iteration: 11  Process: /apatb_accel_in_circle_top/AESL_inst_accel_in_circle_accel_in_circle/grp_in_circle_fu_470/accel_in_circle_fsub_32ns_32ns_32_3_full_dsp_0_U6/accel_in_circle_accel_in_circle_ap_fsub_1_full_dsp_32_u/U0/i_synth/addsub_op/ADDSUB/dsp/OP/dsp48e1_body/ALIGN_ADD/DSP2/DSP/prcs_opmode_drc  File: /opt/Xilinx/Vivado/2019.2/data/vhdl/src/unisims/primitive/DSP48E1.vhd
Warning: OPMODE Input Warning : The OPMODE 0110X0X with CARRYINSEL  000 to DSP48E1 instance is invalid.
Time: 1015 ns  Iteration: 11  Process: /apatb_accel_in_circle_top/AESL_inst_accel_in_circle_accel_in_circle/grp_in_circle_fu_470/accel_in_circle_fadd_32ns_32ns_32_3_full_dsp_0_U7/accel_in_circle_accel_in_circle_ap_fadd_1_full_dsp_32_u/U0/i_synth/addsub_op/ADDSUB/dsp/OP/dsp48e1_body/ALIGN_ADD/DSP2/DSP/prcs_opmode_drc  File: /opt/Xilinx/Vivado/2019.2/data/vhdl/src/unisims/primitive/DSP48E1.vhd
Warning: OPMODE Input Warning : The OPMODE 0110X0X with CARRYINSEL  000 to DSP48E1 instance is invalid.
Time: 1015 ns  Iteration: 11  Process: /apatb_accel_in_circle_top/AESL_inst_accel_in_circle_accel_in_circle/grp_in_circle_fu_470/accel_in_circle_fadd_32ns_32ns_32_3_full_dsp_0_U8/accel_in_circle_accel_in_circle_ap_fadd_1_full_dsp_32_u/U0/i_synth/addsub_op/ADDSUB/dsp/OP/dsp48e1_body/ALIGN_ADD/DSP2/DSP/prcs_opmode_drc  File: /opt/Xilinx/Vivado/2019.2/data/vhdl/src/unisims/primitive/DSP48E1.vhd
Warning: OPMODE Input Warning : The OPMODE 0110X0X with CARRYINSEL  000 to DSP48E1 instance is invalid.
Time: 1015 ns  Iteration: 11  Process: /apatb_accel_in_circle_top/AESL_inst_accel_in_circle_accel_in_circle/grp_in_circle_fu_470/accel_in_circle_fadd_32ns_32ns_32_3_full_dsp_0_U9/accel_in_circle_accel_in_circle_ap_fadd_1_full_dsp_32_u/U0/i_synth/addsub_op/ADDSUB/dsp/OP/dsp48e1_body/ALIGN_ADD/DSP2/DSP/prcs_opmode_drc  File: /opt/Xilinx/Vivado/2019.2/data/vhdl/src/unisims/primitive/DSP48E1.vhd
Warning: OPMODE Input Warning : The OPMODE 0110X0X with CARRYINSEL  000 to DSP48E1 instance is invalid.
Time: 1015 ns  Iteration: 11  Process: /apatb_accel_in_circle_top/AESL_inst_accel_in_circle_accel_in_circle/grp_in_circle_fu_470/accel_in_circle_fsub_32ns_32ns_32_3_full_dsp_0_U10/accel_in_circle_accel_in_circle_ap_fsub_1_full_dsp_32_u/U0/i_synth/addsub_op/ADDSUB/dsp/OP/dsp48e1_body/ALIGN_ADD/DSP2/DSP/prcs_opmode_drc  File: /opt/Xilinx/Vivado/2019.2/data/vhdl/src/unisims/primitive/DSP48E1.vhd
Warning: OPMODE Input Warning : The OPMODE 0110X0X with CARRYINSEL  000 to DSP48E1 instance is invalid.
Time: 1015 ns  Iteration: 11  Process: /apatb_accel_in_circle_top/AESL_inst_accel_in_circle_accel_in_circle/grp_in_circle_fu_470/accel_in_circle_fsub_32ns_32ns_32_3_full_dsp_0_U11/accel_in_circle_accel_in_circle_ap_fsub_1_full_dsp_32_u/U0/i_synth/addsub_op/ADDSUB/dsp/OP/dsp48e1_body/ALIGN_ADD/DSP2/DSP/prcs_opmode_drc  File: /opt/Xilinx/Vivado/2019.2/data/vhdl/src/unisims/primitive/DSP48E1.vhd
Warning: OPMODE Input Warning : The OPMODE 0110X0X with CARRYINSEL  000 to DSP48E1 instance is invalid.
Time: 1015 ns  Iteration: 11  Process: /apatb_accel_in_circle_top/AESL_inst_accel_in_circle_accel_in_circle/grp_in_circle_fu_470/accel_in_circle_fsub_32ns_32ns_32_3_full_dsp_0_U12/accel_in_circle_accel_in_circle_ap_fsub_1_full_dsp_32_u/U0/i_synth/addsub_op/ADDSUB/dsp/OP/dsp48e1_body/ALIGN_ADD/DSP2/DSP/prcs_opmode_drc  File: /opt/Xilinx/Vivado/2019.2/data/vhdl/src/unisims/primitive/DSP48E1.vhd
Warning: OPMODE Input Warning : The OPMODE 0110X0X with CARRYINSEL  000 to DSP48E1 instance is invalid.
Time: 1015 ns  Iteration: 11  Process: /apatb_accel_in_circle_top/AESL_inst_accel_in_circle_accel_in_circle/grp_in_circle_fu_470/accel_in_circle_fsub_32ns_32ns_32_3_full_dsp_0_U13/accel_in_circle_accel_in_circle_ap_fsub_1_full_dsp_32_u/U0/i_synth/addsub_op/ADDSUB/dsp/OP/dsp48e1_body/ALIGN_ADD/DSP2/DSP/prcs_opmode_drc  File: /opt/Xilinx/Vivado/2019.2/data/vhdl/src/unisims/primitive/DSP48E1.vhd
Warning: OPMODE Input Warning : The OPMODE 0110X0X with CARRYINSEL  000 to DSP48E1 instance is invalid.
Time: 1015 ns  Iteration: 11  Process: /apatb_accel_in_circle_top/AESL_inst_accel_in_circle_accel_in_circle/grp_in_circle_fu_470/accel_in_circle_fadd_32ns_32ns_32_3_full_dsp_0_U14/accel_in_circle_accel_in_circle_ap_fadd_1_full_dsp_32_u/U0/i_synth/addsub_op/ADDSUB/dsp/OP/dsp48e1_body/ALIGN_ADD/DSP2/DSP/prcs_opmode_drc  File: /opt/Xilinx/Vivado/2019.2/data/vhdl/src/unisims/primitive/DSP48E1.vhd
// RTL Simulation : 1 / 1 [n/a] @ "1495000"
////////////////////////////////////////////////////////////////////////////////////
$finish called at time : 1535 ns : File "/home/users/alberto.giusti/Desktop/backup/variableQuery/fidelta_apint/solution1/sim/verilog/accel_in_circle_accel_in_circle.autotb.v" Line 747
## quit
INFO: [Common 17-206] Exiting xsim at Fri Jun 12 01:42:20 2020...
1.77 -2.01 3.99 3.71 -1.75 -0.57 
0.86 -4.03 
1.00 -3.47 
-1.85 -1.79 
-1.69 0.26 
3.65 2.20 
-3.22 2.46 
0.70 2.36 
0.04 4.63 
2.88 0.04 
2.49 3.84 
4.61 -1.08 
-2.43 -2.70 
-2.87 4.34 
0.30 -3.88 
3.06 3.55 
4.07 2.44 
0.86 -4.03  -> -1
1.00 -3.47  -> -1
-1.85 -1.79  -> -1
-1.69 0.26  -> 3
3.65 2.20  -> 4
-3.22 2.46  -> -1
0.70 2.36  -> 6
0.04 4.63  -> 7
2.88 0.04  -> 8
2.49 3.84  -> 9
4.61 -1.08  -> -1
-2.43 -2.70  -> -1
-2.87 4.34  -> -1
0.30 -3.88  -> -1
3.06 3.55  -> 14
4.07 2.44  -> 15
-1 -1
-1 -1
-1 -1
 3  3
 4  4
-1 -1
 6  6
 7  7
 8  8
 9  9
-1 -1
-1 -1
-1 -1
-1 -1
14 14
15 15
