INFO: [SIM 2] *************** CSIM start ***************
INFO: [SIM 4] CSIM will launch GCC as the compiler.
   Compiling ../../../../bench.cpp in debug mode
   Compiling ../../../../incircle.cpp in debug mode
   Generating csim.exe
6.76 1.03 0.51 1.23 1.45 8.20 9.93 6.05 
8.64 4.19 6.15 9.52 5.35 5.59 1.78 4.78 
0.74 7.50 3.27 2.89 9.02 7.49 8.68 8.45 
5.41 9.93 1.27 6.69 0.61 2.85 7.54 0.89 
7.41 1.58 2.12 8.86 3.30 2.06 4.91 1.94 
9.77 4.58 1.46 5.13 0.17 3.24 9.91 0.91 
4.27 3.18 7.33 6.81 4.20 6.01 8.79 9.61 
5.94 0.06 9.82 0.08 6.43 7.37 0.97 3.84 
2.47 6.62 6.22 5.77 8.68 4.66 1.23 8.45 
9.24 2.70 7.10 9.42 9.46 7.02 3.85 7.25 
3.72 1.18 7.59 7.92 0.72 6.38 1.06 6.66 
9.96 0.88 6.74 9.91 1.77 1.24 7.28 4.24 
7.86 3.50 3.53 0.06 8.16 4.77 2.03 0.93 
0.99 9.14 0.35 3.97 9.68 7.72 1.23 3.40 
2.43 8.82 4.85 3.15 8.72 5.91 9.81 2.20 
0.31 0.08 2.11 2.09 4.84 9.39 9.85 6.22 
6.42 6.91 6.28 8.10 1.68 8.31 9.03 6.19 
0.97 2.90 0.16 0.65 4.15 4.91 4.06 6.58 
7.25 2.43 9.73 5.97 1.86 3.06 1.69 2.17 
6.66 3.81 4.26 5.02 6.72 7.64 1.24 6.66 
4.55 7.52 8.29 9.75 9.36 7.32 5.94 0.33 
3.75 9.62 4.51 7.90 4.54 2.09 8.00 1.79 
4.52 1.25 7.77 6.38 7.83 2.98 8.55 4.50 
0.31 6.34 9.52 7.04 7.50 0.77 7.22 2.05 
1.81 5.51 5.32 4.69 6.36 4.78 8.55 3.63 
4.40 3.06 5.05 8.94 5.15 3.05 0.74 9.67 
4.30 2.03 9.57 2.13 5.01 1.64 0.15 5.33 
7.98 3.20 5.89 5.48 7.49 6.63 1.05 2.82 
2.15 9.89 7.52 2.03 4.67 6.07 5.66 9.08 
9.13 0.71 1.54 7.80 3.76 2.28 7.47 1.58 
6.76 1.03 0.51 1.23 1.45 8.20 9.93 6.05  -> -1
8.64 4.19 6.15 9.52 5.35 5.59 1.78 4.78  -> 1
0.74 7.50 3.27 2.89 9.02 7.49 8.68 8.45  -> -1
5.41 9.93 1.27 6.69 0.61 2.85 7.54 0.89  -> -1
7.41 1.58 2.12 8.86 3.30 2.06 4.91 1.94  -> -1
9.77 4.58 1.46 5.13 0.17 3.24 9.91 0.91  -> -1
4.27 3.18 7.33 6.81 4.20 6.01 8.79 9.61  -> 6
5.94 0.06 9.82 0.08 6.43 7.37 0.97 3.84  -> 7
2.47 6.62 6.22 5.77 8.68 4.66 1.23 8.45  -> -1
9.24 2.70 7.10 9.42 9.46 7.02 3.85 7.25  -> 9
3.72 1.18 7.59 7.92 0.72 6.38 1.06 6.66  -> -1
9.96 0.88 6.74 9.91 1.77 1.24 7.28 4.24  -> -1
7.86 3.50 3.53 0.06 8.16 4.77 2.03 0.93  -> 12
0.99 9.14 0.35 3.97 9.68 7.72 1.23 3.40  -> -1
2.43 8.82 4.85 3.15 8.72 5.91 9.81 2.20  -> 14
0.31 0.08 2.11 2.09 4.84 9.39 9.85 6.22  -> 15
6.42 6.91 6.28 8.10 1.68 8.31 9.03 6.19  -> 16
0.97 2.90 0.16 0.65 4.15 4.91 4.06 6.58  -> 17
7.25 2.43 9.73 5.97 1.86 3.06 1.69 2.17  -> 18
6.66 3.81 4.26 5.02 6.72 7.64 1.24 6.66  -> -1
4.55 7.52 8.29 9.75 9.36 7.32 5.94 0.33  -> -1
3.75 9.62 4.51 7.90 4.54 2.09 8.00 1.79  -> -1
4.52 1.25 7.77 6.38 7.83 2.98 8.55 4.50  -> -1
0.31 6.34 9.52 7.04 7.50 0.77 7.22 2.05  -> 23
1.81 5.51 5.32 4.69 6.36 4.78 8.55 3.63  -> 24
4.40 3.06 5.05 8.94 5.15 3.05 0.74 9.67  -> -1
4.30 2.03 9.57 2.13 5.01 1.64 0.15 5.33  -> -1
7.98 3.20 5.89 5.48 7.49 6.63 1.05 2.82  -> -1
2.15 9.89 7.52 2.03 4.67 6.07 5.66 9.08  -> 28
9.13 0.71 1.54 7.80 3.76 2.28 7.47 1.58  -> -1
-1 -1
 1  1
-1 -1
-1 -1
-1 -1
-1 -1
 6  6
 7  7
-1 -1
 9  9
-1 -1
-1 -1
12 12
-1 -1
14 14
15 15
16 16
17 17
18 18
-1 -1
-1 -1
-1 -1
-1 -1
23 23
24 24
-1 -1
-1 -1
-1 -1
28 28
-1 -1
INFO: [SIM 1] CSim done with 0 errors.
INFO: [SIM 3] *************** CSIM finish ***************
