17:02:35 TRACE : Loaded library librdi_repo_manager.so
17:02:35 TRACE : Preparing to call init_repo tcl call:  
17:02:35 INFO  : Launching XSCT server: xsct -n  -interactive /home/users/alberto.giusti/Desktop/FIDELTA/parallel/xilinx/temp_xsdb_launch_script.tcl
17:02:38 INFO  : XSCT server has started successfully.
17:02:38 INFO  : plnx-install-location is set to ''
17:02:38 INFO  : Successfully done setting XSCT server connection channel  
17:02:38 INFO  : Successfully done query RDI_DATADIR 
17:02:38 INFO  : Successfully done setting workspace for the tool. 
17:02:38 INFO  : Registering command handlers for Vitis TCF services
19:32:49 INFO  : Launching executable: Emulation-SW/fidelta ../binary_container_1.xclbin -r 4 10
09:28:39 INFO  : Launching executable: Emulation-SW/fidelta ../binary_container_1.xclbin -r 4 10
09:31:13 ERROR : Unexpected error while writing to XSCT Console View.
java.io.IOException: Output Stream is closed
	at org.eclipse.ui.console.IOConsoleOutputStream.encodedWrite(IOConsoleOutputStream.java:279)
	at org.eclipse.ui.console.IOConsoleOutputStream.write(IOConsoleOutputStream.java:274)
	at com.xilinx.sdk.targetmanager.ui.xsdb.XSDBConsolePresenter.appendToConsole(XSDBConsolePresenter.java:270)
	at com.xilinx.sdk.targetmanager.ui.xsdb.XSDBConsolePresenter.printOut(XSDBConsolePresenter.java:239)
	at com.xilinx.sdk.targetmanager.ui.xsdb.XSDBConsolePresenter.access$4(XSDBConsolePresenter.java:238)
	at com.xilinx.sdk.targetmanager.ui.xsdb.XSDBConsolePresenter$2.run(XSDBConsolePresenter.java:178)
	at org.eclipse.core.internal.jobs.Worker.run(Worker.java:60)
09:31:14 INFO  : XRT server has started successfully on port '4354'
09:34:36 INFO  : Launching executable: Emulation-SW/fidelta ../binary_container_1.xclbin -r 4 10
09:34:45 INFO  : Launching executable: Emulation-SW/fidelta ../binary_container_1.xclbin -r 4 10
09:46:35 INFO  : Launching executable: Emulation-SW/fidelta ../binary_container_1.xclbin -r 4 10
09:48:46 INFO  : Launching executable: Emulation-SW/fidelta ../binary_container_1.xclbin -r 4 10
09:57:00 INFO  : Launching executable: Emulation-SW/fidelta ../binary_container_1.xclbin -r 4 10
10:15:14 INFO  : Launching executable: Emulation-SW/fidelta ../binary_container_1.xclbin -r 4 10
10:20:37 INFO  : Launching executable: Emulation-SW/fidelta ../binary_container_1.xclbin -r 4 10
10:24:13 INFO  : Launching executable: Emulation-SW/fidelta ../binary_container_1.xclbin -r 4 10
10:25:40 INFO  : Launching executable: Emulation-SW/fidelta ../binary_container_1.xclbin -r 4 10
10:36:01 INFO  : Launching executable: Emulation-SW/fidelta ../binary_container_1.xclbin -r 4 10
16:14:26 INFO  : Launching executable: Emulation-SW/fidelta ../binary_container_1.xclbin -r 4 10
16:21:27 INFO  : Launching executable: Emulation-SW/fidelta ../binary_container_1.xclbin -r 4 10
16:21:50 INFO  : Launching executable: Emulation-SW/fidelta ../binary_container_1.xclbin -r 4 10
16:25:23 INFO  : Launching executable: Emulation-SW/fidelta ../binary_container_1.xclbin -r 4 10
16:37:56 INFO  : Launching executable: Emulation-SW/fidelta ../binary_container_1.xclbin -r 4 10
16:51:12 INFO  : Launching executable: Emulation-SW/fidelta ../binary_container_1.xclbin -r 4 10
17:08:33 INFO  : Launching executable: Emulation-SW/fidelta ../binary_container_1.xclbin -r 4 10
18:37:52 INFO  : Launching executable: Emulation-SW/fidelta ../binary_container_1.xclbin -r 4 10
18:42:54 INFO  : Launching executable: Emulation-SW/fidelta ../binary_container_1.xclbin -r 4 10
19:22:34 INFO  : Launching executable: Emulation-SW/prova 
19:23:18 INFO  : Launching executable: Emulation-SW/prova 
19:28:49 INFO  : Launching executable: Emulation-SW/prova ../binary_container_1.xclbin
19:29:08 INFO  : Launching executable: Emulation-SW/prova ../binary_container_1.xclbin
19:31:26 INFO  : Launching executable: Emulation-SW/prova ../binary_container_1.xclbin
19:32:37 INFO  : Launching executable: Emulation-SW/fidelta ../binary_container_1.xclbin -r 4 10
19:32:43 INFO  : Launching executable: Emulation-SW/fidelta ../binary_container_1.xclbin -r 4 10
19:38:07 INFO  : Launching executable: Emulation-SW/fidelta ../binary_container_1.xclbin -r 4 10
19:42:57 INFO  : Launching executable: Emulation-SW/fidelta ../binary_container_1.xclbin -r 4 10
19:51:15 INFO  : Launching executable: Emulation-SW/fidelta ../binary_container_1.xclbin -r 4 10
19:51:20 INFO  : Launching executable: Emulation-SW/prova ../binary_container_1.xclbin
19:55:23 INFO  : Launching executable: Emulation-SW/fidelta ../binary_container_1.xclbin -r 4 10
19:57:00 INFO  : Launching executable: Emulation-SW/fidelta ../binary_container_1.xclbin -r 4 10
19:58:29 INFO  : Launching executable: Emulation-SW/fidelta ../binary_container_1.xclbin -r 4 10
19:59:10 INFO  : Launching executable: Emulation-SW/fidelta ../binary_container_1.xclbin -r 4 10
20:01:02 INFO  : Launching executable: Emulation-SW/fidelta ../binary_container_1.xclbin -r 4 10
20:01:54 INFO  : Launching executable: Emulation-SW/fidelta ../binary_container_1.xclbin -r 4 10
20:02:23 INFO  : Launching executable: Emulation-SW/fidelta ../binary_container_1.xclbin -r 4 10
20:03:51 INFO  : Launching executable: Emulation-SW/fidelta ../binary_container_1.xclbin -r 4 10
22:35:18 INFO  : Launching executable: Emulation-SW/fidelta ../binary_container_1.xclbin -r 4 10
22:36:17 INFO  : Launching executable: Emulation-SW/fidelta ../binary_container_1.xclbin -r 4 10
22:40:06 INFO  : Launching executable: Emulation-SW/fidelta ../binary_container_1.xclbin -r 4 10
22:41:51 INFO  : Launching executable: Emulation-SW/fidelta ../binary_container_1.xclbin -r 4 10
22:46:22 INFO  : Launching executable: Emulation-SW/fidelta ../binary_container_1.xclbin -r 4 10
22:47:44 INFO  : Launching executable: Emulation-SW/fidelta ../binary_container_1.xclbin -r 4 10
22:50:22 INFO  : Launching executable: Emulation-SW/fidelta ../binary_container_1.xclbin -r 4 10
22:55:31 INFO  : Launching executable: Emulation-SW/fidelta ../binary_container_1.xclbin -r 4 10
22:57:51 INFO  : Launching executable: Emulation-SW/fidelta ../binary_container_1.xclbin -r 4 10
23:03:27 INFO  : Launching executable: Emulation-SW/fidelta ../binary_container_1.xclbin -r 4 10
23:14:20 INFO  : Launching executable: Emulation-SW/fidelta ../binary_container_1.xclbin -r 4 10
08:51:16 INFO  : Launching executable: Emulation-SW/fidelta ../binary_container_1.xclbin -r 4 10
08:53:32 INFO  : Launching executable: Emulation-SW/fidelta ../binary_container_1.xclbin -r 4 10
08:57:45 INFO  : Launching executable: Emulation-SW/fidelta ../binary_container_1.xclbin -r 4 10
09:01:22 INFO  : Launching executable: Emulation-SW/fidelta ../binary_container_1.xclbin -r 4 10
09:03:23 INFO  : Launching executable: Emulation-SW/fidelta ../binary_container_1.xclbin -r 4 10
09:12:41 INFO  : Launching executable: Emulation-SW/fidelta ../binary_container_1.xclbin -r 4 10
09:22:57 INFO  : Launching executable: Emulation-SW/fidelta ../binary_container_1.xclbin -r 4 10
09:24:26 INFO  : Launching executable: Emulation-SW/fidelta ../binary_container_1.xclbin -r 10 10
09:30:32 INFO  : Launching executable: Emulation-SW/fidelta ../binary_container_1.xclbin -r 10 10
09:31:42 INFO  : Launching executable: Emulation-SW/fidelta ../binary_container_1.xclbin -r 10 10
09:32:58 INFO  : Launching executable: Emulation-SW/fidelta ../binary_container_1.xclbin -r 10 10
09:37:30 INFO  : Launching executable: Emulation-SW/fidelta ../binary_container_1.xclbin -r 4 10
09:38:18 INFO  : Launching executable: Emulation-SW/fidelta ../binary_container_1.xclbin -r 4 10
09:43:52 INFO  : Launching executable: Emulation-SW/fidelta ../binary_container_1.xclbin -r 4 10
10:04:31 INFO  : Launching executable: Emulation-SW/fidelta ../binary_container_1.xclbin -r 4 10
10:05:55 INFO  : Launching executable: Emulation-SW/fidelta ../binary_container_1.xclbin -r 4 10
10:52:43 INFO  : Launching executable: Emulation-SW/fidelta ../binary_container_1.xclbin -r 4 10
10:54:31 INFO  : Launching executable: Emulation-SW/fidelta ../binary_container_1.xclbin -r 4 10
10:55:20 INFO  : Launching executable: Emulation-SW/fidelta ../binary_container_1.xclbin -r 4 10
11:38:03 INFO  : Launching executable: Emulation-HW/fidelta ../binary_container_1.xclbin -r 4 10
11:43:26 INFO  : Launching executable: Emulation-SW/fidelta ../binary_container_1.xclbin -r 4 10
11:45:14 INFO  : Launching executable: Emulation-SW/fidelta ../binary_container_1.xclbin -r 4 10
11:46:10 INFO  : Launching executable: Emulation-SW/fidelta ../binary_container_1.xclbin -r 4 10
11:46:57 INFO  : Launching executable: Emulation-SW/fidelta ../binary_container_1.xclbin -r 4 10
11:54:18 INFO  : Launching executable: Emulation-SW/fidelta ../binary_container_1.xclbin -r 4 10
12:04:48 INFO  : Launching executable: Emulation-SW/fidelta ../binary_container_1.xclbin -r 4 10
12:08:06 INFO  : Launching executable: Emulation-SW/fidelta ../binary_container_1.xclbin -r 4 10
12:13:59 INFO  : Launching executable: Emulation-SW/fidelta ../binary_container_1.xclbin -r 4 10
12:20:52 INFO  : Launching executable: Emulation-SW/fidelta ../binary_container_1.xclbin -r 4 10
12:27:56 INFO  : Launching executable: Emulation-SW/fidelta ../binary_container_1.xclbin -r 4 10
12:32:51 INFO  : Launching executable: Emulation-SW/fidelta ../binary_container_1.xclbin -r 4 10
12:33:09 INFO  : Launching executable: Emulation-SW/fidelta ../binary_container_1.xclbin -r 4 10
12:45:48 INFO  : Launching executable: Emulation-SW/fidelta ../binary_container_1.xclbin -r 4 10
12:52:27 INFO  : Launching executable: Emulation-SW/fidelta ../binary_container_1.xclbin -r 4 10
12:55:23 INFO  : Launching executable: Emulation-SW/fidelta ../binary_container_1.xclbin -r 4 10
12:57:23 INFO  : Launching executable: Emulation-SW/fidelta ../binary_container_1.xclbin -r 4 10
13:03:16 INFO  : Launching executable: Emulation-SW/fidelta ../binary_container_1.xclbin -r 4 10
13:08:01 INFO  : Launching executable: Emulation-SW/fidelta ../binary_container_1.xclbin -r 4 10
13:08:16 INFO  : Launching executable: Emulation-SW/fidelta ../binary_container_1.xclbin -r 4 10
13:14:15 INFO  : Launching executable: Emulation-SW/fidelta ../binary_container_1.xclbin -r 3 10
13:15:04 INFO  : Launching executable: Emulation-SW/fidelta ../binary_container_1.xclbin -r 3 10
13:17:06 INFO  : Launching executable: Emulation-SW/fidelta ../binary_container_1.xclbin -r 3 10
13:30:32 INFO  : Launching executable: Emulation-SW/fidelta ../binary_container_1.xclbin -r 3 10
13:32:03 INFO  : Launching executable: Emulation-SW/fidelta ../binary_container_1.xclbin -r 4 10
14:07:03 INFO  : Launching executable: Emulation-SW/fidelta ../binary_container_1.xclbin -r 4 10
14:12:47 INFO  : Launching executable: Emulation-SW/fidelta ../binary_container_1.xclbin -r 4 10
14:13:59 INFO  : Launching executable: Emulation-SW/fidelta ../binary_container_1.xclbin -r 4 10
14:14:34 INFO  : Launching executable: Emulation-SW/fidelta ../binary_container_1.xclbin -r 4 10
14:24:51 INFO  : Launching executable: Emulation-SW/fidelta ../binary_container_1.xclbin -r 4 10
14:29:40 INFO  : Launching executable: Emulation-SW/fidelta ../binary_container_1.xclbin -r 4 10
14:32:07 INFO  : Launching executable: Emulation-SW/fidelta ../binary_container_1.xclbin -r 4 10
14:36:12 INFO  : Launching executable: Emulation-SW/fidelta ../binary_container_1.xclbin -r 4 10
14:38:12 INFO  : Launching executable: Emulation-SW/fidelta ../binary_container_1.xclbin -r 4 10
14:39:28 INFO  : Launching executable: Emulation-SW/fidelta ../binary_container_1.xclbin -r 4 10
14:43:21 INFO  : Launching executable: Emulation-SW/fidelta ../binary_container_1.xclbin -r 4 10
18:55:29 INFO  : Launching executable: Emulation-SW/fidelta ../binary_container_1.xclbin -r 4 10
18:55:59 INFO  : Launching executable: Emulation-SW/fidelta ../binary_container_1.xclbin -r 4 10
19:10:30 INFO  : Launching executable: Emulation-SW/fidelta ../binary_container_1.xclbin -r 4 10
19:10:51 INFO  : Launching executable: Emulation-SW/fidelta ../binary_container_1.xclbin -r 4 10
19:11:07 INFO  : Launching executable: Emulation-SW/fidelta ../binary_container_1.xclbin -r 4 10
19:11:34 INFO  : Launching executable: Emulation-SW/fidelta ../binary_container_1.xclbin -r 4 10
19:12:54 INFO  : Launching executable: Emulation-SW/fidelta ../binary_container_1.xclbin -r 100 10
19:21:20 INFO  : Launching executable: Emulation-SW/fidelta ../binary_container_1.xclbin -r 100 10
19:26:58 INFO  : Launching executable: Emulation-SW/fidelta ../binary_container_1.xclbin -r 100 10
19:33:18 INFO  : Launching executable: Emulation-SW/fidelta ../binary_container_1.xclbin -r 100 10
19:40:52 INFO  : Launching executable: Emulation-SW/fidelta ../binary_container_1.xclbin -r 100 10
19:41:19 INFO  : Launching executable: Emulation-SW/fidelta ../binary_container_1.xclbin -r 100 10
21:34:12 INFO  : Launching executable: Emulation-SW/fidelta ../binary_container_1.xclbin -r 100 10
23:12:32 INFO  : Launching XSCT server: xsct -n  -interactive /home/users/alberto.giusti/Desktop/FIDELTA/parallel/xilinx/temp_xsdb_launch_script.tcl
23:12:35 INFO  : XSCT server has started successfully.
23:12:35 INFO  : plnx-install-location is set to ''
23:12:35 INFO  : Successfully done setting XSCT server connection channel  
23:12:35 INFO  : Successfully done setting workspace for the tool. 
23:12:37 INFO  : Successfully done query RDI_DATADIR 
23:12:38 INFO  : Registering command handlers for Vitis TCF services
23:18:04 INFO  : Launching executable: Emulation-SW/fidelta ../binary_container_1.xclbin -r 100 10
00:31:24 INFO  : Launching executable: Emulation-SW/fidelta_static 
00:31:34 INFO  : Launching executable: Emulation-SW/fidelta_static 
00:32:07 INFO  : Launching executable: Emulation-SW/fidelta_static ../binary_container_1.xclbin -r 4 5
00:32:16 INFO  : Launching executable: Emulation-SW/fidelta_static ../binary_container_1.xclbin -r 4 5
00:39:24 INFO  : Launching executable: Emulation-SW/fidelta_static ../binary_container_1.xclbin -r 4 5
00:39:29 INFO  : Launching executable: Emulation-SW/fidelta_static ../binary_container_1.xclbin -r 4 5
00:39:43 ERROR : Unexpected error while writing to XSCT Console View.
java.io.IOException: Output Stream is closed
	at org.eclipse.ui.console.IOConsoleOutputStream.encodedWrite(IOConsoleOutputStream.java:279)
	at org.eclipse.ui.console.IOConsoleOutputStream.write(IOConsoleOutputStream.java:274)
	at com.xilinx.sdk.targetmanager.ui.xsdb.XSDBConsolePresenter.appendToConsole(XSDBConsolePresenter.java:270)
	at com.xilinx.sdk.targetmanager.ui.xsdb.XSDBConsolePresenter.printOut(XSDBConsolePresenter.java:239)
	at com.xilinx.sdk.targetmanager.ui.xsdb.XSDBConsolePresenter.access$4(XSDBConsolePresenter.java:238)
	at com.xilinx.sdk.targetmanager.ui.xsdb.XSDBConsolePresenter$2.run(XSDBConsolePresenter.java:178)
	at org.eclipse.core.internal.jobs.Worker.run(Worker.java:60)
00:39:43 INFO  : XRT server has started successfully on port '4354'
00:42:38 INFO  : Launching executable: Emulation-SW/fidelta_static ../binary_container_1.xclbin -r 4 5
00:47:55 INFO  : Launching executable: Emulation-SW/fidelta_static ../binary_container_1.xclbin -r 4 5
00:50:20 INFO  : Launching executable: Emulation-SW/fidelta_static ../binary_container_1.xclbin -r 4 5
00:54:28 INFO  : Launching executable: Emulation-SW/fidelta_static ../binary_container_1.xclbin -r 4 5
00:54:30 INFO  : Launching executable: Emulation-SW/fidelta_static ../binary_container_1.xclbin -r 4 5
00:54:33 INFO  : Launching executable: Emulation-SW/fidelta_static ../binary_container_1.xclbin -r 4 5
00:54:35 INFO  : Launching executable: Emulation-SW/fidelta_static ../binary_container_1.xclbin -r 4 5
00:54:38 INFO  : Launching executable: Emulation-SW/fidelta_static ../binary_container_1.xclbin -r 4 5
00:54:40 INFO  : Launching executable: Emulation-SW/fidelta_static ../binary_container_1.xclbin -r 4 5
00:55:33 INFO  : Launching executable: Emulation-SW/fidelta_static ../binary_container_1.xclbin -r 4 5
00:59:40 INFO  : Launching executable: Emulation-SW/fidelta_static ../binary_container_1.xclbin -r 4 5
01:06:07 INFO  : Launching executable: Emulation-SW/fidelta_static ../binary_container_1.xclbin -r 4 5
01:07:10 INFO  : Launching executable: Emulation-SW/fidelta_static ../binary_container_1.xclbin -r 4 5
01:07:59 INFO  : Launching executable: Emulation-SW/fidelta_static ../binary_container_1.xclbin -r 4 5
01:08:48 INFO  : Launching executable: Emulation-SW/fidelta_static ../binary_container_1.xclbin -r 4 5
01:09:34 INFO  : Launching executable: Emulation-SW/fidelta_static ../binary_container_1.xclbin -r 100 5
01:11:26 INFO  : Launching executable: Emulation-SW/fidelta_static ../binary_container_1.xclbin -r 1000 5
01:12:02 INFO  : Launching executable: Emulation-SW/fidelta_static ../binary_container_1.xclbin -r 1000 5
01:12:24 INFO  : Launching executable: Emulation-SW/fidelta_static ../binary_container_1.xclbin -r 100000 5
01:13:15 INFO  : Launching executable: Emulation-SW/fidelta_static ../binary_container_1.xclbin -r 100000 5
01:13:56 INFO  : Launching executable: Emulation-SW/fidelta_static ../binary_container_1.xclbin -r 100000 5
01:14:38 INFO  : Launching executable: Emulation-SW/fidelta_static ../binary_container_1.xclbin -r 100000 5
01:15:41 INFO  : Launching executable: Emulation-SW/fidelta_static ../binary_container_1.xclbin -r 100000 5
01:16:41 INFO  : Launching executable: Emulation-SW/fidelta_static ../binary_container_1.xclbin -r 10000 5
01:17:00 INFO  : Launching executable: Emulation-SW/fidelta_static ../binary_container_1.xclbin -r 1000 5
01:17:19 INFO  : Launching executable: Emulation-SW/fidelta_static ../binary_container_1.xclbin -r 10 5
23:43:34 INFO  : Launching executable: Emulation-SW/fidelta_static ../binary_container_1.xclbin -r 10 5
12:38:12 INFO  : Launching executable: Emulation-SW/fidelta_static ../binary_container_1.xclbin -r 10 5
12:41:50 INFO  : Launching executable: Emulation-SW/fidelta_static ../binary_container_1.xclbin -r 10 5
12:41:57 INFO  : Launching executable: Emulation-SW/fidelta_static ../binary_container_1.xclbin -r 10 5
12:42:04 INFO  : Launching executable: Emulation-SW/fidelta_static ../binary_container_1.xclbin -r 10 5
12:44:21 INFO  : Launching executable: Emulation-SW/fidelta_static ../binary_container_1.xclbin -r 10 5
12:45:19 INFO  : Launching executable: Emulation-SW/fidelta_static ../binary_container_1.xclbin -r 10 5
12:45:38 INFO  : Launching executable: Emulation-SW/fidelta_static ../binary_container_1.xclbin -r 10 5
12:45:44 INFO  : Launching executable: Emulation-SW/fidelta_static ../binary_container_1.xclbin -r 10 5
12:45:51 INFO  : Launching executable: Emulation-SW/fidelta_static ../binary_container_1.xclbin -r 10 5
12:45:55 INFO  : Launching executable: Emulation-SW/fidelta_static ../binary_container_1.xclbin -r 10 5
12:46:01 INFO  : Launching executable: Emulation-SW/fidelta_static ../binary_container_1.xclbin -r 10 5
12:46:43 INFO  : Launching executable: Emulation-SW/fidelta_static ../binary_container_1.xclbin -r 3 5
12:47:02 INFO  : Launching executable: Emulation-SW/fidelta_static ../binary_container_1.xclbin -r 3 5
12:47:07 INFO  : Launching executable: Emulation-SW/fidelta_static ../binary_container_1.xclbin -r 3 5
12:47:11 INFO  : Launching executable: Emulation-SW/fidelta_static ../binary_container_1.xclbin -r 3 5
12:47:25 INFO  : Launching executable: Emulation-SW/fidelta_static ../binary_container_1.xclbin -r 3 5
12:47:37 INFO  : Launching executable: Emulation-SW/fidelta_static ../binary_container_1.xclbin -r 3 5
12:47:43 INFO  : Launching executable: Emulation-SW/fidelta_static ../binary_container_1.xclbin -r 3 5
12:47:55 INFO  : Launching executable: Emulation-SW/fidelta_static ../binary_container_1.xclbin -r 4 5
12:48:44 INFO  : Launching executable: Emulation-SW/fidelta_static ../binary_container_1.xclbin -r 4 5
12:48:58 INFO  : Launching executable: Emulation-SW/fidelta_static ../binary_container_1.xclbin -r 4 5
12:55:47 INFO  : Launching executable: Emulation-SW/fidelta_static ../binary_container_1.xclbin -r 4 5
12:57:03 INFO  : Launching executable: Emulation-SW/fidelta_static ../binary_container_1.xclbin -r 4 5
12:57:41 INFO  : Launching executable: Emulation-SW/fidelta_static ../binary_container_1.xclbin -r 15 5
14:05:07 INFO  : Launching executable: Emulation-SW/fidelta_static ../binary_container_1.xclbin -r 15 5
14:16:59 INFO  : Launching executable: Emulation-SW/fidelta_static ../binary_container_1.xclbin -r 15 5
14:17:06 INFO  : Launching executable: Emulation-SW/fidelta_static ../binary_container_1.xclbin -r 15 5
14:17:17 INFO  : Launching executable: Emulation-SW/fidelta_static ../binary_container_1.xclbin -r 15 5
14:17:49 INFO  : Launching executable: Emulation-SW/fidelta_static ../binary_container_1.xclbin -r 300 5
14:18:36 INFO  : Launching executable: Emulation-SW/fidelta_static ../binary_container_1.xclbin -r 300 5
14:19:14 INFO  : Launching executable: Emulation-SW/fidelta_static ../binary_container_1.xclbin -r 300 5
14:20:03 INFO  : Launching executable: Emulation-SW/fidelta_static ../binary_container_1.xclbin -r 300 5
14:20:10 INFO  : Launching executable: Emulation-SW/fidelta_static ../binary_container_1.xclbin -r 300 5
14:22:48 INFO  : Launching XSCT server: xsct -n  -interactive /home/users/alberto.giusti/Desktop/FIDELTA/parallel/xilinx/temp_xsdb_launch_script.tcl
14:22:51 INFO  : XSCT server has started successfully.
14:22:51 INFO  : Successfully done setting XSCT server connection channel  
14:22:51 INFO  : plnx-install-location is set to ''
14:22:51 INFO  : Successfully done setting workspace for the tool. 
14:22:51 INFO  : Successfully done query RDI_DATADIR 
14:22:51 INFO  : Registering command handlers for Vitis TCF services
14:23:07 INFO  : Launching executable: Emulation-SW/fidelta_static ../binary_container_1.xclbin -r 300 5
14:24:52 INFO  : Launching executable: Emulation-SW/fidelta_static ../binary_container_1.xclbin -r 300 5
14:25:33 INFO  : Launching executable: Emulation-SW/fidelta_static ../binary_container_1.xclbin -r 300 5
14:31:00 INFO  : Launching executable: Emulation-SW/fidelta_static ../binary_container_1.xclbin -r 300 5
14:32:26 INFO  : XRT server has started successfully on port '4353'
14:41:30 INFO  : Launching executable: Emulation-SW/fidelta_static ../binary_container_1.xclbin -r 300 5
14:47:40 INFO  : Launching executable: Emulation-SW/fidelta_static ../binary_container_1.xclbin -r 300 5
14:49:56 INFO  : Launching executable: Emulation-SW/fidelta_static ../binary_container_1.xclbin -r 300 5
14:55:12 INFO  : Launching executable: Emulation-SW/fidelta_static ../binary_container_1.xclbin -r 300 5
15:00:43 INFO  : Launching executable: Emulation-SW/fidelta_static ../binary_container_1.xclbin -r 300 5
15:01:43 INFO  : Launching executable: Emulation-SW/fidelta_static ../binary_container_1.xclbin -r 30 5
15:06:29 INFO  : Launching executable: Emulation-SW/fidelta_static ../binary_container_1.xclbin -r 30 5
15:07:35 INFO  : Launching executable: Emulation-SW/fidelta_static ../binary_container_1.xclbin -r 300 5
15:07:54 INFO  : Launching executable: Emulation-SW/fidelta_static ../binary_container_1.xclbin -r 3000 5
15:11:34 INFO  : Launching executable: Emulation-SW/fidelta_static ../binary_container_1.xclbin -r 3000 5
15:12:37 INFO  : Launching executable: Emulation-SW/fidelta_static ../binary_container_1.xclbin -r 3000 5
15:12:54 INFO  : Launching executable: Emulation-SW/fidelta_static ../binary_container_1.xclbin -r 3000 5
10:24:46 INFO  : Launching executable: Emulation-SW/fidelta_static ../binary_container_1.xclbin -r 3000 5
10:25:50 INFO  : Launching executable: Emulation-SW/fidelta_static ../binary_container_1.xclbin -r 3000 5
10:28:19 INFO  : Launching executable: Emulation-SW/fidelta_static ../binary_container_1.xclbin -r 3000 5
10:29:16 INFO  : Launching executable: Emulation-SW/fidelta_static ../binary_container_1.xclbin -r 30000 5
11:01:37 INFO  : Launching executable: Emulation-SW/fidelta_static ../binary_container_1.xclbin -r 30000 5
11:02:05 INFO  : Launching executable: Emulation-SW/fidelta_static ../binary_container_1.xclbin -r 30000 5
11:15:04 INFO  : Launching executable: Emulation-SW/fidelta_static ../binary_container_1.xclbin -r 30000 5
11:15:43 INFO  : Launching executable: Emulation-SW/fidelta_static ../binary_container_1.xclbin -r 3000 5
11:16:20 INFO  : Launching executable: Emulation-SW/fidelta_static ../binary_container_1.xclbin -r 3000 5
11:16:45 INFO  : Launching executable: Emulation-SW/fidelta_static ../binary_container_1.xclbin -r 3000 5
11:17:17 INFO  : Launching executable: Emulation-SW/fidelta_static ../binary_container_1.xclbin -r 3000 5
11:18:24 INFO  : Launching executable: Emulation-SW/fidelta_static ../binary_container_1.xclbin -r 10000 5
11:22:35 INFO  : Launching executable: Emulation-SW/fidelta_static ../binary_container_1.xclbin -r 10000 5
11:48:57 INFO  : Launching executable: Emulation-SW/fidelta_static ../binary_container_1.xclbin -r 10000 5
13:05:43 INFO  : Launching executable: Emulation-SW/fidelta_static ../binary_container_1.xclbin -r 10000 5
13:08:19 INFO  : Launching executable: Emulation-SW/fidelta_static ../binary_container_1.xclbin -r 10000 5
13:08:44 INFO  : Launching executable: Emulation-SW/fidelta_static ../binary_container_1.xclbin -r 1000 5
13:08:54 INFO  : Launching executable: Emulation-SW/fidelta_static ../binary_container_1.xclbin -r 1000 5
13:09:02 INFO  : Launching executable: Emulation-SW/fidelta_static ../binary_container_1.xclbin -r 1000 5
13:11:10 INFO  : Launching executable: Emulation-SW/fidelta_static ../binary_container_1.xclbin -r 1000 5
13:11:43 INFO  : Launching executable: Emulation-SW/fidelta_static ../binary_container_1.xclbin -r 1000 5
13:12:34 INFO  : Launching executable: Emulation-SW/fidelta_static ../binary_container_1.xclbin -r 1000 5
13:12:37 INFO  : Launching executable: Emulation-SW/fidelta_static ../binary_container_1.xclbin -r 1000 5
13:13:12 INFO  : Launching executable: Emulation-SW/fidelta_static ../binary_container_1.xclbin -r 100 5
13:13:24 INFO  : Launching executable: Emulation-SW/fidelta_static ../binary_container_1.xclbin -r 100 5
13:13:27 INFO  : Launching executable: Emulation-SW/fidelta_static ../binary_container_1.xclbin -r 100 5
13:13:27 INFO  : Launching executable: Emulation-SW/fidelta_static ../binary_container_1.xclbin -r 100 5
13:13:28 INFO  : Launching executable: Emulation-SW/fidelta_static ../binary_container_1.xclbin -r 100 5
13:13:28 INFO  : Launching executable: Emulation-SW/fidelta_static ../binary_container_1.xclbin -r 100 5
13:13:28 INFO  : Launching executable: Emulation-SW/fidelta_static ../binary_container_1.xclbin -r 100 5
13:13:28 INFO  : Launching executable: Emulation-SW/fidelta_static ../binary_container_1.xclbin -r 100 5
13:13:28 INFO  : Launching executable: Emulation-SW/fidelta_static ../binary_container_1.xclbin -r 100 5
13:13:28 INFO  : Launching executable: Emulation-SW/fidelta_static ../binary_container_1.xclbin -r 100 5
13:13:36 INFO  : Launching executable: Emulation-SW/fidelta_static ../binary_container_1.xclbin -r 100 5
13:14:01 INFO  : Launching executable: Emulation-SW/fidelta_static ../binary_container_1.xclbin -r 100 5
13:14:46 INFO  : Launching executable: Emulation-SW/fidelta_static ../binary_container_1.xclbin -r 100 5
13:14:47 INFO  : Launching executable: Emulation-SW/fidelta_static ../binary_container_1.xclbin -r 100 5
13:14:49 INFO  : Launching executable: Emulation-SW/fidelta_static ../binary_container_1.xclbin -r 100 5
13:14:49 INFO  : Launching executable: Emulation-SW/fidelta_static ../binary_container_1.xclbin -r 100 5
13:14:50 INFO  : Launching executable: Emulation-SW/fidelta_static ../binary_container_1.xclbin -r 100 5
13:14:59 INFO  : Launching executable: Emulation-SW/fidelta_static ../binary_container_1.xclbin -r 100 5
13:15:40 INFO  : Launching XSCT server: xsct -n  -interactive /home/users/alberto.giusti/Desktop/FIDELTA/parallel/xilinx/temp_xsdb_launch_script.tcl
13:15:43 INFO  : XSCT server has started successfully.
13:15:43 INFO  : Successfully done setting XSCT server connection channel  
13:15:43 INFO  : plnx-install-location is set to ''
13:15:43 INFO  : Successfully done setting workspace for the tool. 
13:15:43 INFO  : Successfully done query RDI_DATADIR 
13:15:44 INFO  : Registering command handlers for Vitis TCF services
13:16:04 INFO  : Launching executable: Emulation-SW/fidelta_static ../binary_container_1.xclbin -r 100 5
13:16:57 INFO  : Launching executable: Emulation-SW/fidelta_static ../binary_container_1.xclbin -r 10 5
13:17:13 INFO  : Launching executable: Emulation-SW/fidelta_static ../binary_container_1.xclbin -r 10 5
13:23:48 INFO  : Launching executable: Emulation-SW/fidelta_static ../binary_container_1.xclbin -r 5 5
13:24:40 INFO  : Launching executable: Emulation-SW/fidelta_static ../binary_container_1.xclbin -r 5 5
13:24:50 INFO  : Launching executable: Emulation-SW/fidelta_static ../binary_container_1.xclbin -r 5 5
13:24:56 INFO  : Launching executable: Emulation-SW/fidelta_static ../binary_container_1.xclbin -r 5 5
13:25:13 INFO  : Launching executable: Emulation-SW/fidelta_static ../binary_container_1.xclbin -r 5 5
13:26:40 INFO  : Launching executable: Emulation-SW/fidelta_static ../binary_container_1.xclbin -r 5 5
13:26:43 INFO  : Launching executable: Emulation-SW/fidelta_static ../binary_container_1.xclbin -r 5 5
13:27:08 INFO  : Launching executable: Emulation-SW/fidelta_static ../binary_container_1.xclbin -r 5 5
13:27:27 INFO  : Launching executable: Emulation-SW/fidelta_static ../binary_container_1.xclbin -r 10 5
13:28:21 INFO  : Launching executable: Emulation-SW/fidelta_static ../binary_container_1.xclbin -r 10 5
13:28:45 ERROR : Unexpected error while writing to XSCT Console View.
java.io.IOException: Output Stream is closed
	at org.eclipse.ui.console.IOConsoleOutputStream.encodedWrite(IOConsoleOutputStream.java:279)
	at org.eclipse.ui.console.IOConsoleOutputStream.write(IOConsoleOutputStream.java:274)
	at com.xilinx.sdk.targetmanager.ui.xsdb.XSDBConsolePresenter.appendToConsole(XSDBConsolePresenter.java:270)
	at com.xilinx.sdk.targetmanager.ui.xsdb.XSDBConsolePresenter.printOut(XSDBConsolePresenter.java:239)
	at com.xilinx.sdk.targetmanager.ui.xsdb.XSDBConsolePresenter.access$4(XSDBConsolePresenter.java:238)
	at com.xilinx.sdk.targetmanager.ui.xsdb.XSDBConsolePresenter$2.run(XSDBConsolePresenter.java:178)
	at org.eclipse.core.internal.jobs.Worker.run(Worker.java:60)
13:28:45 INFO  : XRT server has started successfully on port '4354'
13:36:45 INFO  : Launching executable: Emulation-SW/fidelta_static ../binary_container_1.xclbin -r 10 5
14:12:39 INFO  : Launching executable: Emulation-SW/fidelta_static ../binary_container_1.xclbin -r 10 5
14:13:30 INFO  : Launching executable: Emulation-SW/fidelta_static ../binary_container_1.xclbin -r 10 5
14:24:58 INFO  : Launching executable: Emulation-SW/fidelta_static ../binary_container_1.xclbin -r 10 5
14:25:47 INFO  : Launching executable: Emulation-SW/fidelta_static ../binary_container_1.xclbin -r 1000 5
14:30:39 INFO  : Launching executable: Emulation-SW/fidelta_static ../binary_container_1.xclbin -r 1000 5
