==============================================================
Vivado(TM) HLS - High-Level Synthesis from C, C++ and SystemC v2019.2 (64-bit)
Copyright 1986-2019 Xilinx, Inc. All Rights Reserved.
==============================================================
INFO: [SYN 201-201] Setting up clock 'default' with a period of 10ns.
INFO: [HLS 200-10] Setting target device to 'xcu200-fsgd2104-2-e'
INFO: [HLS 200-435] Setting 'config_sdx -optimization_level' configuration: config_export -vivado_optimization_level=2
INFO: [HLS 200-435] Setting 'config_sdx -target' configuration: config_export -vivado_optimization_level=0
INFO: [HLS 200-435] Setting 'config_export -vivado_optimization_level' configuration: config_export -vivado_phys_opt=none
INFO: [HLS 200-435] Setting 'config_sdx -target' configuration: config_compile -pipeline_loops=64
INFO: [XFORM 203-1171] Pipeline the innermost loop with trip count more than 64 or its parent loop when its trip count is less than or equal 64.
INFO: [HLS 200-435] Setting 'config_sdx -target' configuration: config_compile -name_max_length=80
INFO: [XFORM 203-1161] The maximum of name length is set into 80.
INFO: [HLS 200-435] Setting 'config_sdx -target' configuration: config_schedule -enable_dsp_full_reg=1
INFO: [HLS 200-435] Setting 'config_sdx -target' configuration: config_rtl -register_reset_num=3
INFO: [HLS 200-435] Setting 'config_sdx -target' configuration: config_rtl -module_auto_prefix=1
INFO: [HLS 200-435] Setting 'config_sdx -target' configuration: config_interface -m_axi_addr64=1
INFO: [HLS 200-435] Setting 'config_sdx -target' configuration: set_clock_uncertainty 27%
INFO: [SYN 201-201] Setting up clock 'default' with an uncertainty of 2.7ns.
INFO: [SYN 201-201] Setting up clock 'default' with a period of 10ns.
WARNING: [HLS 200-483] The 'config_sdx -optimization_level' command is deprecated and will be removed in a future release. Use 'config_export -vivado_optimization_level' as its replacement.
INFO: [HLS 200-435] Setting 'config_sdx -optimization_level' configuration: config_export -vivado_optimization_level=2
INFO: [HLS 200-435] Setting 'config_export -vivado_optimization_level' configuration: config_export -vivado_phys_opt=place
INFO: [HLS 200-435] Setting 'config_sdx -target' configuration: config_export -vivado_optimization_level=0
INFO: [HLS 200-435] Setting 'config_export -vivado_optimization_level' configuration: config_export -vivado_phys_opt=none
INFO: [HLS 200-435] Setting 'config_sdx -target' configuration: set_clock_uncertainty 27%
WARNING: [HLS 200-484] The 'config_sdx -optimization_level' command is deprecated and will be removed in a future release.
INFO: [SCHED 204-61] Option 'relax_ii_for_timing' is enabled, will increase II to preserve clock frequency constraints.
INFO: [HLS 200-10] Analyzing design file 'incircle.cpp' ... 
INFO: [HLS 200-111] Finished Linking Time (s): cpu = 00:00:22 ; elapsed = 00:00:25 . Memory (MB): peak = 1068.020 ; gain = 543.992 ; free physical = 314905 ; free virtual = 333033
INFO: [HLS 200-111] Finished Checking Pragmas Time (s): cpu = 00:00:22 ; elapsed = 00:00:25 . Memory (MB): peak = 1068.020 ; gain = 543.992 ; free physical = 314905 ; free virtual = 333033
INFO: [HLS 200-10] Starting code transformations ...
INFO: [HLS 200-111] Finished Standard Transforms Time (s): cpu = 00:00:23 ; elapsed = 00:00:26 . Memory (MB): peak = 1068.020 ; gain = 543.992 ; free physical = 314906 ; free virtual = 333034
INFO: [HLS 200-10] Checking synthesizability ...
INFO: [XFORM 203-602] Inlining function 'in_circle' into 'accel_in_circle' (incircle.cpp:77) automatically.
WARNING: [SYNCHK 200-23] incircle.cpp:64: variable-indexed range selection may cause suboptimal QoR.
WARNING: [SYNCHK 200-18] incircle.cpp:64: unsafe type casting from type 'ap_int_base<64, false>' to type 'float' on variable '__Result__'.
INFO: [SYNCHK 200-10] 0 error(s), 2 warning(s).
INFO: [HLS 200-111] Finished Checking Synthesizability Time (s): cpu = 00:00:23 ; elapsed = 00:00:26 . Memory (MB): peak = 1068.020 ; gain = 543.992 ; free physical = 314904 ; free virtual = 333033
WARNING: [XFORM 203-505] Ignore pipeline pragma in Loop whose tripcount is only 1 (incircle.cpp:56) in function 'accel_in_circle'.
WARNING: [XFORM 203-505] Ignore pipeline pragma in Loop whose tripcount is only 1 (incircle.cpp:57) in function 'accel_in_circle'.
WARNING: [XFORM 203-505] Ignore pipeline pragma in Loop whose tripcount is only 1 (incircle.cpp:84) in function 'accel_in_circle'.
INFO: [XFORM 203-502] Unrolling all sub-loops inside loop 'mainloop' (incircle.cpp:52) in function 'accel_in_circle' for pipelining.
INFO: [HLS 200-489] Unrolling loop 'memcpy.temp_data.V.addr.indata.V' (incircle.cpp:56) in function 'accel_in_circle' completely with a factor of 1.
INFO: [HLS 200-489] Unrolling loop 'memcpy.temp_state.V.addr.instate.V' (incircle.cpp:57) in function 'accel_in_circle' completely with a factor of 1.
INFO: [HLS 200-489] Unrolling loop 'Loop-1.3' (incircle.cpp:60) in function 'accel_in_circle' completely with a factor of 2.
INFO: [HLS 200-489] Unrolling loop 'Loop-1.3.1' (incircle.cpp:61) in function 'accel_in_circle' completely with a factor of 8.
INFO: [HLS 200-489] Unrolling loop 'Loop-1.4' (incircle.cpp:68) in function 'accel_in_circle' completely with a factor of 2.
INFO: [HLS 200-489] Unrolling loop 'Loop-1.5' (incircle.cpp:74) in function 'accel_in_circle' completely with a factor of 2.
INFO: [HLS 200-489] Unrolling loop 'memcpy.instate.V.temp_state.V.addr' (incircle.cpp:84) in function 'accel_in_circle' completely with a factor of 1.
INFO: [XFORM 203-102] Partitioning array 'temp_data.V' (incircle.cpp:42) automatically.
INFO: [XFORM 203-102] Partitioning array 'temp_state.V' (incircle.cpp:43) automatically.
INFO: [XFORM 203-101] Partitioning array 'data' (incircle.cpp:45) in dimension 1 completely.
INFO: [XFORM 203-101] Partitioning array 'state.V' (incircle.cpp:46) in dimension 1 completely.
INFO: [XFORM 203-102] Partitioning array 'data.0' (incircle.cpp:45) automatically.
INFO: [XFORM 203-102] Partitioning array 'data.1' (incircle.cpp:45) automatically.
INFO: [XFORM 203-602] Inlining function 'in_circle' into 'accel_in_circle' (incircle.cpp:77) automatically.
INFO: [XFORM 203-401] Performing if-conversion on hyperblock from (incircle.cpp:52:39) to (incircle.cpp:52:34) in function 'accel_in_circle'... converting 5 basic blocks.
INFO: [HLS 200-111] Finished Pre-synthesis Time (s): cpu = 00:00:23 ; elapsed = 00:00:27 . Memory (MB): peak = 1068.020 ; gain = 543.992 ; free physical = 314882 ; free virtual = 333010
INFO: [HLS 200-444] Inferring multiple bus burst read of a total cumulative length 15 on port 'gmem0' (incircle.cpp:57:3). These data requests might be further partitioned to multiple requests during RTL generation, based on max_read_burst_length or max_write_burst_length settings.
INFO: [HLS 200-444] Inferring multiple bus burst read of a total cumulative length 15 on port 'gmem1' (incircle.cpp:56:2). These data requests might be further partitioned to multiple requests during RTL generation, based on max_read_burst_length or max_write_burst_length settings.
INFO: [HLS 200-444] Inferring multiple bus burst write of a total cumulative length 15 on port 'gmem0' (incircle.cpp:84:3). These data requests might be further partitioned to multiple requests during RTL generation, based on max_read_burst_length or max_write_burst_length settings.
INFO: [HLS 200-111] Finished Architecture Synthesis Time (s): cpu = 00:00:24 ; elapsed = 00:00:27 . Memory (MB): peak = 1068.020 ; gain = 543.992 ; free physical = 314890 ; free virtual = 333019
INFO: [HLS 200-10] Starting hardware synthesis ...
INFO: [HLS 200-10] Synthesizing 'accel_in_circle' ...
INFO: [HLS 200-10] ----------------------------------------------------------------
INFO: [HLS 200-42] -- Implementing module 'accel_in_circle' 
INFO: [HLS 200-10] ----------------------------------------------------------------
INFO: [SCHED 204-11] Starting scheduling ...
INFO: [SCHED 204-61] Pipelining loop 'mainloop'.
INFO: [SCHED 204-61] Pipelining result : Target II = 1, Final II = 1, Depth = 22.
INFO: [SCHED 204-11] Finished scheduling.
INFO: [HLS 200-111]  Elapsed time: 27.7 seconds; current allocated memory: 125.457 MB.
INFO: [BIND 205-100] Starting micro-architecture generation ...
INFO: [BIND 205-101] Performing variable lifetime analysis.
INFO: [BIND 205-101] Exploring resource sharing.
INFO: [BIND 205-101] Binding ...
==============================================================
Vivado(TM) HLS - High-Level Synthesis from C, C++ and SystemC v2019.2 (64-bit)
Copyright 1986-2019 Xilinx, Inc. All Rights Reserved.
==============================================================
==============================================================
Vivado(TM) HLS - High-Level Synthesis from C, C++ and SystemC v2019.2 (64-bit)
Copyright 1986-2019 Xilinx, Inc. All Rights Reserved.
==============================================================
INFO: [SYN 201-201] Setting up clock 'default' with a period of 10ns.
INFO: [SYN 201-201] Setting up clock 'default' with an uncertainty of 2.7ns.
INFO: [HLS 200-10] Setting target device to 'xcu200-fsgd2104-2-e'
INFO: [HLS 200-435] Setting 'config_sdx -optimization_level' configuration: config_export -vivado_optimization_level=2
INFO: [HLS 200-435] Setting 'config_export -vivado_optimization_level' configuration: config_export -vivado_phys_opt=place
INFO: [HLS 200-435] Setting 'config_sdx -target' configuration: config_export -vivado_optimization_level=0
INFO: [HLS 200-435] Setting 'config_export -vivado_optimization_level' configuration: config_export -vivado_phys_opt=none
INFO: [HLS 200-435] Setting 'config_sdx -target' configuration: set_clock_uncertainty 27%
INFO: [XFORM 203-1171] Pipeline the innermost loop with trip count more than 64 or its parent loop when its trip count is less than or equal 64.
INFO: [XFORM 203-1161] The maximum of name length is set into 80.
WARNING: [HLS 200-483] The 'config_sdx -optimization_level' command is deprecated and will be removed in a future release. Use 'config_export -vivado_optimization_level' as its replacement.
INFO: [HLS 200-435] Setting 'config_sdx -optimization_level' configuration: config_export -vivado_optimization_level=2
INFO: [HLS 200-435] Setting 'config_export -vivado_optimization_level' configuration: config_export -vivado_phys_opt=place
INFO: [HLS 200-435] Setting 'config_sdx -target' configuration: config_export -vivado_optimization_level=0
INFO: [HLS 200-435] Setting 'config_export -vivado_optimization_level' configuration: config_export -vivado_phys_opt=none
INFO: [HLS 200-435] Setting 'config_sdx -target' configuration: set_clock_uncertainty 27%
WARNING: [HLS 200-484] The 'config_sdx -optimization_level' command is deprecated and will be removed in a future release.
INFO: [XFORM 203-1171] Pipeline the innermost loop with trip count more than 64 or its parent loop when its trip count is less than or equal 64.
INFO: [XFORM 203-1161] The maximum of name length is set into 80.
INFO: [SCHED 204-61] Option 'relax_ii_for_timing' is enabled, will increase II to preserve clock frequency constraints.
INFO: [HLS 200-10] Analyzing design file 'incircle.cpp' ... 
INFO: [HLS 200-111] Finished Linking Time (s): cpu = 00:00:23 ; elapsed = 00:00:26 . Memory (MB): peak = 1068.020 ; gain = 543.992 ; free physical = 314798 ; free virtual = 333065
INFO: [HLS 200-111] Finished Checking Pragmas Time (s): cpu = 00:00:23 ; elapsed = 00:00:26 . Memory (MB): peak = 1068.020 ; gain = 543.992 ; free physical = 314798 ; free virtual = 333065
INFO: [HLS 200-10] Starting code transformations ...
INFO: [HLS 200-111] Finished Standard Transforms Time (s): cpu = 00:00:24 ; elapsed = 00:00:27 . Memory (MB): peak = 1068.020 ; gain = 543.992 ; free physical = 314797 ; free virtual = 333065
INFO: [HLS 200-10] Checking synthesizability ...
INFO: [XFORM 203-602] Inlining function 'in_circle' into 'accel_in_circle' (incircle.cpp:81) automatically.
WARNING: [SYNCHK 200-23] incircle.cpp:66: variable-indexed range selection may cause suboptimal QoR.
INFO: [SYNCHK 200-10] 0 error(s), 1 warning(s).
INFO: [HLS 200-111] Finished Checking Synthesizability Time (s): cpu = 00:00:24 ; elapsed = 00:00:27 . Memory (MB): peak = 1068.020 ; gain = 543.992 ; free physical = 314796 ; free virtual = 333064
WARNING: [XFORM 203-505] Ignore pipeline pragma in Loop whose tripcount is only 1 (incircle.cpp:56) in function 'accel_in_circle'.
WARNING: [XFORM 203-505] Ignore pipeline pragma in Loop whose tripcount is only 1 (incircle.cpp:57) in function 'accel_in_circle'.
WARNING: [XFORM 203-505] Ignore pipeline pragma in Loop whose tripcount is only 1 (incircle.cpp:88) in function 'accel_in_circle'.
INFO: [XFORM 203-502] Unrolling all sub-loops inside loop 'mainloop' (incircle.cpp:52) in function 'accel_in_circle' for pipelining.
WARNING: [XFORM 203-505] Ignored pipeline directive for loop 'Loop-1.3' (incircle.cpp:60) because its parent loop or function is pipelined.
WARNING: [XFORM 203-505] Ignored pipeline directive for loop 'Loop-1.4' (incircle.cpp:71) because its parent loop or function is pipelined.
INFO: [HLS 200-489] Unrolling loop 'memcpy.temp_data.V.addr.indata.V' (incircle.cpp:56) in function 'accel_in_circle' completely with a factor of 1.
INFO: [HLS 200-489] Unrolling loop 'memcpy.temp_state.V.addr.instate.V' (incircle.cpp:57) in function 'accel_in_circle' completely with a factor of 1.
INFO: [HLS 200-489] Unrolling loop 'Loop-1.3' (incircle.cpp:60) in function 'accel_in_circle' completely with a factor of 2.
INFO: [HLS 200-489] Unrolling loop 'Loop-1.3.1' (incircle.cpp:62) in function 'accel_in_circle' completely with a factor of 8.
INFO: [HLS 200-489] Unrolling loop 'Loop-1.4' (incircle.cpp:71) in function 'accel_in_circle' completely with a factor of 2.
INFO: [HLS 200-489] Unrolling loop 'Loop-1.5' (incircle.cpp:78) in function 'accel_in_circle' completely with a factor of 2.
INFO: [HLS 200-489] Unrolling loop 'memcpy.instate.V.temp_state.V.addr' (incircle.cpp:88) in function 'accel_in_circle' completely with a factor of 1.
INFO: [XFORM 203-102] Partitioning array 'temp_data.V' (incircle.cpp:42) automatically.
INFO: [XFORM 203-102] Partitioning array 'temp_state.V' (incircle.cpp:43) automatically.
INFO: [XFORM 203-101] Partitioning array 'data' (incircle.cpp:45) in dimension 1 completely.
INFO: [XFORM 203-101] Partitioning array 'state.V' (incircle.cpp:46) in dimension 1 completely.
INFO: [XFORM 203-102] Partitioning array 'data.0' (incircle.cpp:45) automatically.
INFO: [XFORM 203-102] Partitioning array 'data.1' (incircle.cpp:45) automatically.
INFO: [XFORM 203-602] Inlining function 'in_circle' into 'accel_in_circle' (incircle.cpp:81) automatically.
INFO: [XFORM 203-401] Performing if-conversion on hyperblock from (incircle.cpp:52:39) to (incircle.cpp:52:34) in function 'accel_in_circle'... converting 5 basic blocks.
INFO: [HLS 200-111] Finished Pre-synthesis Time (s): cpu = 00:00:24 ; elapsed = 00:00:28 . Memory (MB): peak = 1068.020 ; gain = 543.992 ; free physical = 314760 ; free virtual = 333029
INFO: [HLS 200-444] Inferring multiple bus burst read of a total cumulative length 15 on port 'gmem0' (incircle.cpp:57:3). These data requests might be further partitioned to multiple requests during RTL generation, based on max_read_burst_length or max_write_burst_length settings.
INFO: [HLS 200-444] Inferring multiple bus burst read of a total cumulative length 15 on port 'gmem1' (incircle.cpp:56:2). These data requests might be further partitioned to multiple requests during RTL generation, based on max_read_burst_length or max_write_burst_length settings.
INFO: [HLS 200-444] Inferring multiple bus burst write of a total cumulative length 15 on port 'gmem0' (incircle.cpp:88:3). These data requests might be further partitioned to multiple requests during RTL generation, based on max_read_burst_length or max_write_burst_length settings.
INFO: [HLS 200-111] Finished Architecture Synthesis Time (s): cpu = 00:00:25 ; elapsed = 00:00:28 . Memory (MB): peak = 1068.020 ; gain = 543.992 ; free physical = 314777 ; free virtual = 333046
INFO: [HLS 200-10] Starting hardware synthesis ...
INFO: [HLS 200-10] Synthesizing 'accel_in_circle' ...
INFO: [HLS 200-10] ----------------------------------------------------------------
INFO: [HLS 200-42] -- Implementing module 'accel_in_circle' 
INFO: [HLS 200-10] ----------------------------------------------------------------
INFO: [SCHED 204-11] Starting scheduling ...
INFO: [SCHED 204-61] Pipelining loop 'mainloop'.
INFO: [SCHED 204-61] Pipelining result : Target II = 1, Final II = 1, Depth = 22.
INFO: [SCHED 204-11] Finished scheduling.
INFO: [HLS 200-111]  Elapsed time: 29.13 seconds; current allocated memory: 126.168 MB.
INFO: [BIND 205-100] Starting micro-architecture generation ...
INFO: [BIND 205-101] Performing variable lifetime analysis.
INFO: [BIND 205-101] Exploring resource sharing.
INFO: [BIND 205-101] Binding ...
INFO: [BIND 205-100] Finished micro-architecture generation.
INFO: [HLS 200-111]  Elapsed time: 0.47 seconds; current allocated memory: 127.231 MB.
INFO: [HLS 200-10] ----------------------------------------------------------------
==============================================================
Vivado(TM) HLS - High-Level Synthesis from C, C++ and SystemC v2019.2 (64-bit)
Copyright 1986-2019 Xilinx, Inc. All Rights Reserved.
==============================================================
==============================================================
Vivado(TM) HLS - High-Level Synthesis from C, C++ and SystemC v2019.2 (64-bit)
Copyright 1986-2019 Xilinx, Inc. All Rights Reserved.
==============================================================
==============================================================
Vivado(TM) HLS - High-Level Synthesis from C, C++ and SystemC v2019.2 (64-bit)
Copyright 1986-2019 Xilinx, Inc. All Rights Reserved.
==============================================================
==============================================================
Vivado(TM) HLS - High-Level Synthesis from C, C++ and SystemC v2019.2 (64-bit)
Copyright 1986-2019 Xilinx, Inc. All Rights Reserved.
==============================================================
INFO: [SYN 201-201] Setting up clock 'default' with a period of 10ns.
INFO: [SYN 201-201] Setting up clock 'default' with an uncertainty of 2.7ns.
INFO: [HLS 200-10] Setting target device to 'xcu200-fsgd2104-2-e'
INFO: [HLS 200-435] Setting 'config_sdx -optimization_level' configuration: config_export -vivado_optimization_level=2
INFO: [HLS 200-435] Setting 'config_export -vivado_optimization_level' configuration: config_export -vivado_phys_opt=place
INFO: [HLS 200-435] Setting 'config_sdx -target' configuration: config_export -vivado_optimization_level=0
INFO: [HLS 200-435] Setting 'config_export -vivado_optimization_level' configuration: config_export -vivado_phys_opt=none
INFO: [HLS 200-435] Setting 'config_sdx -target' configuration: set_clock_uncertainty 27%
INFO: [XFORM 203-1161] The maximum of name length is set into 80.
INFO: [XFORM 203-1171] Pipeline the innermost loop with trip count more than 64 or its parent loop when its trip count is less than or equal 64.
INFO: [SYN 201-201] Setting up clock 'default' with a period of 10ns.
WARNING: [HLS 200-483] The 'config_sdx -optimization_level' command is deprecated and will be removed in a future release. Use 'config_export -vivado_optimization_level' as its replacement.
INFO: [HLS 200-435] Setting 'config_sdx -optimization_level' configuration: config_export -vivado_optimization_level=2
INFO: [HLS 200-435] Setting 'config_export -vivado_optimization_level' configuration: config_export -vivado_phys_opt=place
INFO: [HLS 200-435] Setting 'config_sdx -target' configuration: config_export -vivado_optimization_level=0
INFO: [HLS 200-435] Setting 'config_export -vivado_optimization_level' configuration: config_export -vivado_phys_opt=none
INFO: [HLS 200-435] Setting 'config_sdx -target' configuration: set_clock_uncertainty 27%
WARNING: [HLS 200-484] The 'config_sdx -optimization_level' command is deprecated and will be removed in a future release.
INFO: [XFORM 203-1171] Pipeline the innermost loop with trip count more than 64 or its parent loop when its trip count is less than or equal 64.
INFO: [XFORM 203-1161] The maximum of name length is set into 80.
INFO: [SCHED 204-61] Option 'relax_ii_for_timing' is enabled, will increase II to preserve clock frequency constraints.
INFO: [HLS 200-10] Analyzing design file 'incircle.cpp' ... 
INFO: [HLS 200-111] Finished Linking Time (s): cpu = 00:00:22 ; elapsed = 00:00:25 . Memory (MB): peak = 1068.020 ; gain = 543.992 ; free physical = 314762 ; free virtual = 333031
INFO: [HLS 200-111] Finished Checking Pragmas Time (s): cpu = 00:00:22 ; elapsed = 00:00:25 . Memory (MB): peak = 1068.020 ; gain = 543.992 ; free physical = 314762 ; free virtual = 333031
INFO: [HLS 200-10] Starting code transformations ...
INFO: [HLS 200-111] Finished Standard Transforms Time (s): cpu = 00:00:23 ; elapsed = 00:00:26 . Memory (MB): peak = 1068.020 ; gain = 543.992 ; free physical = 314758 ; free virtual = 333028
INFO: [HLS 200-10] Checking synthesizability ...
INFO: [XFORM 203-602] Inlining function 'in_circle' into 'accel_in_circle' (incircle.cpp:81) automatically.
WARNING: [SYNCHK 200-23] incircle.cpp:66: variable-indexed range selection may cause suboptimal QoR.
INFO: [SYNCHK 200-10] 0 error(s), 1 warning(s).
INFO: [HLS 200-111] Finished Checking Synthesizability Time (s): cpu = 00:00:23 ; elapsed = 00:00:27 . Memory (MB): peak = 1068.020 ; gain = 543.992 ; free physical = 314757 ; free virtual = 333026
WARNING: [XFORM 203-505] Ignore pipeline pragma in Loop whose tripcount is only 1 (incircle.cpp:56) in function 'accel_in_circle'.
WARNING: [XFORM 203-505] Ignore pipeline pragma in Loop whose tripcount is only 1 (incircle.cpp:57) in function 'accel_in_circle'.
WARNING: [XFORM 203-505] Ignore pipeline pragma in Loop whose tripcount is only 1 (incircle.cpp:88) in function 'accel_in_circle'.
INFO: [XFORM 203-502] Unrolling all sub-loops inside loop 'mainloop' (incircle.cpp:52) in function 'accel_in_circle' for pipelining.
WARNING: [XFORM 203-505] Ignored pipeline directive for loop 'Loop-1.3' (incircle.cpp:60) because its parent loop or function is pipelined.
WARNING: [XFORM 203-505] Ignored pipeline directive for loop 'Loop-1.4' (incircle.cpp:71) because its parent loop or function is pipelined.
INFO: [HLS 200-489] Unrolling loop 'memcpy.temp_data.V.addr.indata.V' (incircle.cpp:56) in function 'accel_in_circle' completely with a factor of 1.
INFO: [HLS 200-489] Unrolling loop 'memcpy.temp_state.V.addr.instate.V' (incircle.cpp:57) in function 'accel_in_circle' completely with a factor of 1.
INFO: [HLS 200-489] Unrolling loop 'Loop-1.3' (incircle.cpp:60) in function 'accel_in_circle' completely with a factor of 2.
INFO: [HLS 200-489] Unrolling loop 'Loop-1.3.1' (incircle.cpp:62) in function 'accel_in_circle' completely with a factor of 8.
INFO: [HLS 200-489] Unrolling loop 'Loop-1.4' (incircle.cpp:71) in function 'accel_in_circle' completely with a factor of 2.
INFO: [HLS 200-489] Unrolling loop 'Loop-1.5' (incircle.cpp:78) in function 'accel_in_circle' completely with a factor of 2.
INFO: [HLS 200-489] Unrolling loop 'memcpy.instate.V.temp_state.V.addr' (incircle.cpp:88) in function 'accel_in_circle' completely with a factor of 1.
INFO: [XFORM 203-102] Partitioning array 'temp_data.V' (incircle.cpp:42) automatically.
INFO: [XFORM 203-102] Partitioning array 'temp_state.V' (incircle.cpp:43) automatically.
INFO: [XFORM 203-101] Partitioning array 'data' (incircle.cpp:45) in dimension 1 completely.
INFO: [XFORM 203-101] Partitioning array 'state.V' (incircle.cpp:46) in dimension 1 completely.
INFO: [XFORM 203-102] Partitioning array 'data.0' (incircle.cpp:45) automatically.
INFO: [XFORM 203-102] Partitioning array 'data.1' (incircle.cpp:45) automatically.
INFO: [XFORM 203-602] Inlining function 'in_circle' into 'accel_in_circle' (incircle.cpp:81) automatically.
INFO: [XFORM 203-401] Performing if-conversion on hyperblock from (incircle.cpp:52:39) to (incircle.cpp:52:34) in function 'accel_in_circle'... converting 5 basic blocks.
INFO: [HLS 200-111] Finished Pre-synthesis Time (s): cpu = 00:00:24 ; elapsed = 00:00:27 . Memory (MB): peak = 1068.020 ; gain = 543.992 ; free physical = 314736 ; free virtual = 333006
INFO: [HLS 200-444] Inferring multiple bus burst read of a total cumulative length 15 on port 'gmem0' (incircle.cpp:57:3). These data requests might be further partitioned to multiple requests during RTL generation, based on max_read_burst_length or max_write_burst_length settings.
INFO: [HLS 200-444] Inferring multiple bus burst read of a total cumulative length 15 on port 'gmem1' (incircle.cpp:56:2). These data requests might be further partitioned to multiple requests during RTL generation, based on max_read_burst_length or max_write_burst_length settings.
INFO: [HLS 200-444] Inferring multiple bus burst write of a total cumulative length 15 on port 'gmem0' (incircle.cpp:88:3). These data requests might be further partitioned to multiple requests during RTL generation, based on max_read_burst_length or max_write_burst_length settings.
INFO: [HLS 200-111] Finished Architecture Synthesis Time (s): cpu = 00:00:24 ; elapsed = 00:00:27 . Memory (MB): peak = 1068.020 ; gain = 543.992 ; free physical = 314742 ; free virtual = 333012
INFO: [HLS 200-10] Starting hardware synthesis ...
INFO: [HLS 200-10] Synthesizing 'accel_in_circle' ...
INFO: [HLS 200-10] ----------------------------------------------------------------
INFO: [HLS 200-42] -- Implementing module 'accel_in_circle' 
INFO: [HLS 200-10] ----------------------------------------------------------------
INFO: [SCHED 204-11] Starting scheduling ...
INFO: [SCHED 204-61] Pipelining loop 'mainloop'.
INFO: [SCHED 204-61] Pipelining result : Target II = 1, Final II = 1, Depth = 20.
INFO: [SCHED 204-11] Finished scheduling.
INFO: [HLS 200-111]  Elapsed time: 28.08 seconds; current allocated memory: 126.142 MB.
INFO: [BIND 205-100] Starting micro-architecture generation ...
INFO: [BIND 205-101] Performing variable lifetime analysis.
INFO: [BIND 205-101] Exploring resource sharing.
INFO: [BIND 205-101] Binding ...
INFO: [BIND 205-100] Finished micro-architecture generation.
INFO: [HLS 200-111]  Elapsed time: 0.43 seconds; current allocated memory: 127.180 MB.
==============================================================
Vivado(TM) HLS - High-Level Synthesis from C, C++ and SystemC v2019.2 (64-bit)
Copyright 1986-2019 Xilinx, Inc. All Rights Reserved.
==============================================================
INFO: [SYN 201-201] Setting up clock 'default' with a period of 10ns.
INFO: [SYN 201-201] Setting up clock 'default' with an uncertainty of 2.7ns.
INFO: [HLS 200-10] Setting target device to 'xcu200-fsgd2104-2-e'
INFO: [HLS 200-435] Setting 'config_sdx -optimization_level' configuration: config_export -vivado_optimization_level=2
INFO: [HLS 200-435] Setting 'config_export -vivado_optimization_level' configuration: config_export -vivado_phys_opt=place
INFO: [HLS 200-435] Setting 'config_sdx -target' configuration: config_export -vivado_optimization_level=0
INFO: [HLS 200-435] Setting 'config_export -vivado_optimization_level' configuration: config_export -vivado_phys_opt=none
INFO: [HLS 200-435] Setting 'config_sdx -target' configuration: set_clock_uncertainty 27%
INFO: [XFORM 203-1161] The maximum of name length is set into 80.
INFO: [XFORM 203-1171] Pipeline the innermost loop with trip count more than 64 or its parent loop when its trip count is less than or equal 64.
WARNING: [HLS 200-483] The 'config_sdx -optimization_level' command is deprecated and will be removed in a future release. Use 'config_export -vivado_optimization_level' as its replacement.
INFO: [HLS 200-435] Setting 'config_sdx -optimization_level' configuration: config_export -vivado_optimization_level=2
INFO: [HLS 200-435] Setting 'config_export -vivado_optimization_level' configuration: config_export -vivado_phys_opt=place
INFO: [HLS 200-435] Setting 'config_sdx -target' configuration: config_export -vivado_optimization_level=0
INFO: [HLS 200-435] Setting 'config_export -vivado_optimization_level' configuration: config_export -vivado_phys_opt=none
INFO: [HLS 200-435] Setting 'config_sdx -target' configuration: set_clock_uncertainty 27%
WARNING: [HLS 200-484] The 'config_sdx -optimization_level' command is deprecated and will be removed in a future release.
INFO: [XFORM 203-1171] Pipeline the innermost loop with trip count more than 64 or its parent loop when its trip count is less than or equal 64.
INFO: [XFORM 203-1161] The maximum of name length is set into 80.
INFO: [SCHED 204-61] Option 'relax_ii_for_timing' is enabled, will increase II to preserve clock frequency constraints.
INFO: [HLS 200-10] Analyzing design file 'incircle.cpp' ... 
INFO: [HLS 200-111] Finished Linking Time (s): cpu = 00:00:23 ; elapsed = 00:00:27 . Memory (MB): peak = 1068.020 ; gain = 543.992 ; free physical = 314753 ; free virtual = 333021
INFO: [HLS 200-111] Finished Checking Pragmas Time (s): cpu = 00:00:23 ; elapsed = 00:00:27 . Memory (MB): peak = 1068.020 ; gain = 543.992 ; free physical = 314751 ; free virtual = 333019
INFO: [HLS 200-10] Starting code transformations ...
INFO: [HLS 200-111] Finished Standard Transforms Time (s): cpu = 00:00:25 ; elapsed = 00:00:28 . Memory (MB): peak = 1068.020 ; gain = 543.992 ; free physical = 314749 ; free virtual = 333019
INFO: [HLS 200-10] Checking synthesizability ...
INFO: [XFORM 203-602] Inlining function 'in_circle' into 'accel_in_circle' (incircle.cpp:82) automatically.
WARNING: [SYNCHK 200-23] incircle.cpp:67: variable-indexed range selection may cause suboptimal QoR.
INFO: [SYNCHK 200-10] 0 error(s), 1 warning(s).
INFO: [HLS 200-111] Finished Checking Synthesizability Time (s): cpu = 00:00:25 ; elapsed = 00:00:28 . Memory (MB): peak = 1068.020 ; gain = 543.992 ; free physical = 314748 ; free virtual = 333017
WARNING: [XFORM 203-505] Ignore pipeline pragma in Loop whose tripcount is only 1 (incircle.cpp:57) in function 'accel_in_circle'.
WARNING: [XFORM 203-505] Ignore pipeline pragma in Loop whose tripcount is only 1 (incircle.cpp:58) in function 'accel_in_circle'.
WARNING: [XFORM 203-505] Ignore pipeline pragma in Loop whose tripcount is only 1 (incircle.cpp:89) in function 'accel_in_circle'.
INFO: [XFORM 203-502] Unrolling all sub-loops inside loop 'mainloop' (incircle.cpp:53) in function 'accel_in_circle' for pipelining.
WARNING: [XFORM 203-505] Ignored pipeline directive for loop 'Loop-1.3' (incircle.cpp:61) because its parent loop or function is pipelined.
WARNING: [XFORM 203-505] Ignored pipeline directive for loop 'Loop-1.4' (incircle.cpp:72) because its parent loop or function is pipelined.
INFO: [HLS 200-489] Unrolling loop 'memcpy.temp_data.V.addr.indata.V' (incircle.cpp:57) in function 'accel_in_circle' completely with a factor of 1.
INFO: [HLS 200-489] Unrolling loop 'memcpy.temp_state.V.addr.instate.V' (incircle.cpp:58) in function 'accel_in_circle' completely with a factor of 1.
INFO: [HLS 200-489] Unrolling loop 'Loop-1.3' (incircle.cpp:61) in function 'accel_in_circle' completely with a factor of 2.
INFO: [HLS 200-489] Unrolling loop 'Loop-1.3.1' (incircle.cpp:63) in function 'accel_in_circle' completely with a factor of 8.
INFO: [HLS 200-489] Unrolling loop 'Loop-1.4' (incircle.cpp:72) in function 'accel_in_circle' completely with a factor of 2.
INFO: [HLS 200-489] Unrolling loop 'Loop-1.5' (incircle.cpp:79) in function 'accel_in_circle' completely with a factor of 2.
INFO: [HLS 200-489] Unrolling loop 'memcpy.instate.V.temp_state.V.addr' (incircle.cpp:89) in function 'accel_in_circle' completely with a factor of 1.
INFO: [XFORM 203-102] Partitioning array 'temp_data.V' (incircle.cpp:43) automatically.
INFO: [XFORM 203-102] Partitioning array 'temp_state.V' (incircle.cpp:44) automatically.
INFO: [XFORM 203-101] Partitioning array 'data' (incircle.cpp:46) in dimension 1 completely.
INFO: [XFORM 203-101] Partitioning array 'state.V' (incircle.cpp:47) in dimension 1 completely.
INFO: [XFORM 203-102] Partitioning array 'data.0' (incircle.cpp:46) automatically.
INFO: [XFORM 203-102] Partitioning array 'data.1' (incircle.cpp:46) automatically.
INFO: [XFORM 203-602] Inlining function 'in_circle' into 'accel_in_circle' (incircle.cpp:82) automatically.
INFO: [XFORM 203-401] Performing if-conversion on hyperblock from (incircle.cpp:53:39) to (incircle.cpp:53:34) in function 'accel_in_circle'... converting 5 basic blocks.
INFO: [HLS 200-111] Finished Pre-synthesis Time (s): cpu = 00:00:25 ; elapsed = 00:00:29 . Memory (MB): peak = 1068.020 ; gain = 543.992 ; free physical = 314731 ; free virtual = 333001
INFO: [HLS 200-444] Inferring multiple bus burst read of a total cumulative length 15 on port 'gmem0' (incircle.cpp:58:3). These data requests might be further partitioned to multiple requests during RTL generation, based on max_read_burst_length or max_write_burst_length settings.
INFO: [HLS 200-444] Inferring multiple bus burst read of a total cumulative length 15 on port 'gmem1' (incircle.cpp:57:2). These data requests might be further partitioned to multiple requests during RTL generation, based on max_read_burst_length or max_write_burst_length settings.
INFO: [HLS 200-444] Inferring multiple bus burst write of a total cumulative length 15 on port 'gmem0' (incircle.cpp:89:3). These data requests might be further partitioned to multiple requests during RTL generation, based on max_read_burst_length or max_write_burst_length settings.
INFO: [HLS 200-111] Finished Architecture Synthesis Time (s): cpu = 00:00:25 ; elapsed = 00:00:29 . Memory (MB): peak = 1068.020 ; gain = 543.992 ; free physical = 314730 ; free virtual = 333001
INFO: [HLS 200-10] Starting hardware synthesis ...
INFO: [HLS 200-10] Synthesizing 'accel_in_circle' ...
INFO: [HLS 200-10] ----------------------------------------------------------------
INFO: [HLS 200-42] -- Implementing module 'accel_in_circle' 
INFO: [HLS 200-10] ----------------------------------------------------------------
INFO: [SCHED 204-11] Starting scheduling ...
INFO: [SCHED 204-61] Pipelining loop 'mainloop'.
INFO: [SCHED 204-61] Pipelining result : Target II = 1, Final II = 1, Depth = 20.
INFO: [SCHED 204-11] Finished scheduling.
INFO: [HLS 200-111]  Elapsed time: 30.36 seconds; current allocated memory: 126.129 MB.
INFO: [BIND 205-100] Starting micro-architecture generation ...
INFO: [BIND 205-101] Performing variable lifetime analysis.
INFO: [BIND 205-101] Exploring resource sharing.
INFO: [BIND 205-101] Binding ...
INFO: [BIND 205-100] Finished micro-architecture generation.
INFO: [HLS 200-111]  Elapsed time: 0.54 seconds; current allocated memory: 127.183 MB.
INFO: [HLS 200-10] ----------------------------------------------------------------
==============================================================
Vivado(TM) HLS - High-Level Synthesis from C, C++ and SystemC v2019.2 (64-bit)
Copyright 1986-2019 Xilinx, Inc. All Rights Reserved.
==============================================================
==============================================================
Vivado(TM) HLS - High-Level Synthesis from C, C++ and SystemC v2019.2 (64-bit)
Copyright 1986-2019 Xilinx, Inc. All Rights Reserved.
==============================================================
INFO: [SYN 201-201] Setting up clock 'default' with a period of 10ns.
INFO: [SYN 201-201] Setting up clock 'default' with an uncertainty of 2.7ns.
INFO: [HLS 200-10] Setting target device to 'xcu200-fsgd2104-2-e'
INFO: [HLS 200-435] Setting 'config_sdx -optimization_level' configuration: config_export -vivado_optimization_level=2
INFO: [HLS 200-435] Setting 'config_export -vivado_optimization_level' configuration: config_export -vivado_phys_opt=place
INFO: [HLS 200-435] Setting 'config_sdx -target' configuration: config_export -vivado_optimization_level=0
INFO: [HLS 200-435] Setting 'config_export -vivado_optimization_level' configuration: config_export -vivado_phys_opt=none
INFO: [HLS 200-435] Setting 'config_sdx -target' configuration: set_clock_uncertainty 27%
INFO: [XFORM 203-1161] The maximum of name length is set into 80.
INFO: [XFORM 203-1171] Pipeline the innermost loop with trip count more than 64 or its parent loop when its trip count is less than or equal 64.
INFO: [SYN 201-201] Setting up clock 'default' with a period of 10ns.
WARNING: [HLS 200-483] The 'config_sdx -optimization_level' command is deprecated and will be removed in a future release. Use 'config_export -vivado_optimization_level' as its replacement.
INFO: [HLS 200-435] Setting 'config_sdx -optimization_level' configuration: config_export -vivado_optimization_level=2
INFO: [HLS 200-435] Setting 'config_export -vivado_optimization_level' configuration: config_export -vivado_phys_opt=place
INFO: [HLS 200-435] Setting 'config_sdx -target' configuration: config_export -vivado_optimization_level=0
INFO: [HLS 200-435] Setting 'config_export -vivado_optimization_level' configuration: config_export -vivado_phys_opt=none
INFO: [HLS 200-435] Setting 'config_sdx -target' configuration: set_clock_uncertainty 27%
WARNING: [HLS 200-484] The 'config_sdx -optimization_level' command is deprecated and will be removed in a future release.
INFO: [XFORM 203-1171] Pipeline the innermost loop with trip count more than 64 or its parent loop when its trip count is less than or equal 64.
INFO: [XFORM 203-1161] The maximum of name length is set into 80.
INFO: [SCHED 204-61] Option 'relax_ii_for_timing' is enabled, will increase II to preserve clock frequency constraints.
INFO: [HLS 200-10] Analyzing design file 'incircle.cpp' ... 
INFO: [HLS 200-111] Finished Linking Time (s): cpu = 00:00:23 ; elapsed = 00:00:27 . Memory (MB): peak = 1068.020 ; gain = 543.992 ; free physical = 314711 ; free virtual = 333018
INFO: [HLS 200-111] Finished Checking Pragmas Time (s): cpu = 00:00:23 ; elapsed = 00:00:27 . Memory (MB): peak = 1068.020 ; gain = 543.992 ; free physical = 314711 ; free virtual = 333018
INFO: [HLS 200-10] Starting code transformations ...
INFO: [HLS 200-111] Finished Standard Transforms Time (s): cpu = 00:00:24 ; elapsed = 00:00:28 . Memory (MB): peak = 1068.020 ; gain = 543.992 ; free physical = 314710 ; free virtual = 333017
INFO: [HLS 200-10] Checking synthesizability ...
INFO: [XFORM 203-602] Inlining function 'in_circle' into 'accel_in_circle' (incircle.cpp:82) automatically.
WARNING: [SYNCHK 200-23] incircle.cpp:67: variable-indexed range selection may cause suboptimal QoR.
INFO: [SYNCHK 200-10] 0 error(s), 1 warning(s).
INFO: [HLS 200-111] Finished Checking Synthesizability Time (s): cpu = 00:00:25 ; elapsed = 00:00:28 . Memory (MB): peak = 1068.020 ; gain = 543.992 ; free physical = 314708 ; free virtual = 333015
WARNING: [XFORM 203-505] Ignore pipeline pragma in Loop whose tripcount is only 1 (incircle.cpp:57) in function 'accel_in_circle'.
WARNING: [XFORM 203-505] Ignore pipeline pragma in Loop whose tripcount is only 1 (incircle.cpp:58) in function 'accel_in_circle'.
WARNING: [XFORM 203-505] Ignore pipeline pragma in Loop whose tripcount is only 1 (incircle.cpp:89) in function 'accel_in_circle'.
INFO: [XFORM 203-502] Unrolling all sub-loops inside loop 'mainloop' (incircle.cpp:53) in function 'accel_in_circle' for pipelining.
WARNING: [XFORM 203-505] Ignored pipeline directive for loop 'Loop-1.3' (incircle.cpp:61) because its parent loop or function is pipelined.
WARNING: [XFORM 203-505] Ignored pipeline directive for loop 'Loop-1.4' (incircle.cpp:72) because its parent loop or function is pipelined.
INFO: [HLS 200-489] Unrolling loop 'memcpy.temp_data.V.addr.indata.V' (incircle.cpp:57) in function 'accel_in_circle' completely with a factor of 1.
INFO: [HLS 200-489] Unrolling loop 'memcpy.temp_state.V.addr.instate.V' (incircle.cpp:58) in function 'accel_in_circle' completely with a factor of 1.
INFO: [HLS 200-489] Unrolling loop 'Loop-1.3' (incircle.cpp:61) in function 'accel_in_circle' completely with a factor of 2.
INFO: [HLS 200-489] Unrolling loop 'Loop-1.3.1' (incircle.cpp:63) in function 'accel_in_circle' completely with a factor of 8.
INFO: [HLS 200-489] Unrolling loop 'Loop-1.4' (incircle.cpp:72) in function 'accel_in_circle' completely with a factor of 2.
INFO: [HLS 200-489] Unrolling loop 'Loop-1.5' (incircle.cpp:79) in function 'accel_in_circle' completely with a factor of 2.
INFO: [HLS 200-489] Unrolling loop 'memcpy.instate.V.temp_state.V.addr' (incircle.cpp:89) in function 'accel_in_circle' completely with a factor of 1.
INFO: [XFORM 203-102] Partitioning array 'temp_data.V' (incircle.cpp:43) automatically.
INFO: [XFORM 203-102] Partitioning array 'temp_state.V' (incircle.cpp:44) automatically.
INFO: [XFORM 203-101] Partitioning array 'data' (incircle.cpp:46) in dimension 1 completely.
INFO: [XFORM 203-101] Partitioning array 'state.V' (incircle.cpp:47) in dimension 1 completely.
INFO: [XFORM 203-102] Partitioning array 'data.0' (incircle.cpp:46) automatically.
INFO: [XFORM 203-102] Partitioning array 'data.1' (incircle.cpp:46) automatically.
INFO: [XFORM 203-602] Inlining function 'in_circle' into 'accel_in_circle' (incircle.cpp:82) automatically.
INFO: [XFORM 203-401] Performing if-conversion on hyperblock from (incircle.cpp:53:39) to (incircle.cpp:53:34) in function 'accel_in_circle'... converting 5 basic blocks.
INFO: [HLS 200-111] Finished Pre-synthesis Time (s): cpu = 00:00:25 ; elapsed = 00:00:29 . Memory (MB): peak = 1068.020 ; gain = 543.992 ; free physical = 314690 ; free virtual = 332998
INFO: [HLS 200-444] Inferring multiple bus burst read of a total cumulative length 15 on port 'gmem0' (incircle.cpp:58:3). These data requests might be further partitioned to multiple requests during RTL generation, based on max_read_burst_length or max_write_burst_length settings.
INFO: [HLS 200-444] Inferring multiple bus burst read of a total cumulative length 15 on port 'gmem1' (incircle.cpp:57:2). These data requests might be further partitioned to multiple requests during RTL generation, based on max_read_burst_length or max_write_burst_length settings.
INFO: [HLS 200-444] Inferring multiple bus burst write of a total cumulative length 15 on port 'gmem0' (incircle.cpp:89:3). These data requests might be further partitioned to multiple requests during RTL generation, based on max_read_burst_length or max_write_burst_length settings.
INFO: [HLS 200-111] Finished Architecture Synthesis Time (s): cpu = 00:00:25 ; elapsed = 00:00:29 . Memory (MB): peak = 1068.020 ; gain = 543.992 ; free physical = 314689 ; free virtual = 332997
INFO: [HLS 200-10] Starting hardware synthesis ...
INFO: [HLS 200-10] Synthesizing 'accel_in_circle' ...
INFO: [HLS 200-10] ----------------------------------------------------------------
INFO: [HLS 200-42] -- Implementing module 'accel_in_circle' 
INFO: [HLS 200-10] ----------------------------------------------------------------
INFO: [SCHED 204-11] Starting scheduling ...
INFO: [SCHED 204-61] Pipelining loop 'mainloop'.
INFO: [SCHED 204-61] Pipelining result : Target II = 1, Final II = 1, Depth = 20.
INFO: [SCHED 204-11] Finished scheduling.
INFO: [HLS 200-111]  Elapsed time: 29.99 seconds; current allocated memory: 126.152 MB.
INFO: [BIND 205-100] Starting micro-architecture generation ...
INFO: [BIND 205-101] Performing variable lifetime analysis.
INFO: [BIND 205-101] Exploring resource sharing.
INFO: [BIND 205-101] Binding ...
INFO: [BIND 205-100] Finished micro-architecture generation.
INFO: [HLS 200-111]  Elapsed time: 0.42 seconds; current allocated memory: 127.206 MB.
==============================================================
Vivado(TM) HLS - High-Level Synthesis from C, C++ and SystemC v2019.2 (64-bit)
Copyright 1986-2019 Xilinx, Inc. All Rights Reserved.
==============================================================
